<?xml version="1.0" encoding="UTF-8"?>
<robot generator="Robot 3.1.2 (Python 3.7.0 on darwin)" generated="20190612 12:30:28.281" rpa="false">
<suite id="s1" name="Test" source="/Users/pkowalski/repo/rdf-midas/tests/midas/resources/test.robot">
<test id="s1-t1" name="Receive message from kafka">
<kw name="Set Variable" library="BuiltIn">
<doc>Returns the given values which can then be assigned to a variables.</doc>
<arguments>
<arg>RDFOrchestrationEvent</arg>
</arguments>
<assign>
<var>${topic}</var>
</assign>
<msg timestamp="20190612 12:30:28.386" level="INFO">${topic} = RDFOrchestrationEvent</msg>
<status status="PASS" starttime="20190612 12:30:28.386" endtime="20190612 12:30:28.386"></status>
</kw>
<kw name="Get Latest Schema For Topic" library="SchemaRegistryLibrary">
<arguments>
<arg>${SCHEMA_URL}</arg>
<arg>${topic}</arg>
</arguments>
<assign>
<var>${schema}</var>
</assign>
<msg timestamp="20190612 12:30:28.562" level="INFO">${schema} = {"type":"record","name":"RdfOrchestrationEvent","namespace":"com.iqvia.rdf.orchestration","fields":[{"name":"eventType","type":{"type":"enum","name":"EventType","symbols":["START","COMPLETED","COMPLET...</msg>
<status status="PASS" starttime="20190612 12:30:28.386" endtime="20190612 12:30:28.562"></status>
</kw>
<kw name="Log To Console" library="BuiltIn">
<doc>Logs the given message to the console.</doc>
<arguments>
<arg>${schema}</arg>
</arguments>
<status status="PASS" starttime="20190612 12:30:28.562" endtime="20190612 12:30:28.562"></status>
</kw>
<kw name="Get Decoded Messages From Topic" library="SchemaRegistryLibrary">
<arguments>
<arg>schemaRegistryUrl=${SCHEMA_URL}</arg>
<arg>topic=${topic}</arg>
<arg>bootstrap_servers=${KafkaUrl}</arg>
<arg>group_id="Robots"</arg>
<arg>enable_auto_commit=False</arg>
</arguments>
<assign>
<var>@{messages}</var>
</assign>
<msg timestamp="20190612 12:30:28.564" level="INFO">&lt;BrokerConnection node_id=bootstrap-0 host=10.86.128.74:8010 &lt;connecting&gt; [IPv4 ('10.86.128.74', 8010)]&gt;: connecting to 10.86.128.74:8010 [('10.86.128.74', 8010) IPv4]</msg>
<msg timestamp="20190612 12:30:28.564" level="INFO">Probing node bootstrap-0 broker version</msg>
<msg timestamp="20190612 12:30:28.643" level="INFO">&lt;BrokerConnection node_id=bootstrap-0 host=10.86.128.74:8010 &lt;connecting&gt; [IPv4 ('10.86.128.74', 8010)]&gt;: Connection complete.</msg>
<msg timestamp="20190612 12:30:29.032" level="INFO">Broker version identifed as 1.0.0</msg>
<msg timestamp="20190612 12:30:29.032" level="INFO">Set configuration api_version=(1, 0, 0) to skip auto check_version requests on startup</msg>
<msg timestamp="20190612 12:30:29.032" level="INFO">Updating subscribed topics to: ('RDFOrchestrationEvent',)</msg>
<msg timestamp="20190612 12:30:29.117" level="INFO">Group coordinator for "Robots" is BrokerMetadata(nodeId=1, host='iishopfkafka01.emea.cegedim.grp', port=8010, rack=None)</msg>
<msg timestamp="20190612 12:30:29.117" level="INFO">Discovered coordinator 1 for group "Robots"</msg>
<msg timestamp="20190612 12:30:29.118" level="INFO">Starting new heartbeat thread</msg>
<msg timestamp="20190612 12:30:29.118" level="INFO">Revoking previously assigned partitions set() for group "Robots"</msg>
<msg timestamp="20190612 12:30:29.122" level="INFO">&lt;BrokerConnection node_id=1 host=iishopfkafka01.emea.cegedim.grp:8010 &lt;connecting&gt; [IPv4 ('10.86.128.74', 8010)]&gt;: connecting to iishopfkafka01.emea.cegedim.grp:8010 [('10.86.128.74', 8010) IPv4]</msg>
<msg timestamp="20190612 12:30:29.226" level="INFO">&lt;BrokerConnection node_id=1 host=iishopfkafka01.emea.cegedim.grp:8010 &lt;connecting&gt; [IPv4 ('10.86.128.74', 8010)]&gt;: Connection complete.</msg>
<msg timestamp="20190612 12:30:29.226" level="INFO">&lt;BrokerConnection node_id=bootstrap-0 host=10.86.128.74:8010 &lt;connected&gt; [IPv4 ('10.86.128.74', 8010)]&gt;: Closing connection. </msg>
<msg timestamp="20190612 12:30:29.332" level="INFO">(Re-)joining group "Robots"</msg>
<msg timestamp="20190612 12:30:32.585" level="INFO">Elected group leader -- performing partition assignments using range</msg>
<msg timestamp="20190612 12:30:32.685" level="INFO">Successfully joined group "Robots" with generation 1</msg>
<msg timestamp="20190612 12:30:32.685" level="INFO">Updated partition assignment: [TopicPartition(topic='RDFOrchestrationEvent', partition=0)]</msg>
<msg timestamp="20190612 12:30:32.685" level="INFO">Setting newly assigned partitions {TopicPartition(topic='RDFOrchestrationEvent', partition=0)} for group "Robots"</msg>
<msg timestamp="20190612 12:30:38.870" level="INFO">Stopping heartbeat thread</msg>
<msg timestamp="20190612 12:30:38.874" level="INFO">@{messages} = [ {'eventType': 'START', 'processId': 'script-process-id', 'sourceApplication': 'Midas', 'operationName': 'ExecuteMidasSelection', 'timestamp': 1557841163952, 'paramsMap': {'month': '12', 'orangeExpor...</msg>
<status status="PASS" starttime="20190612 12:30:28.562" endtime="20190612 12:30:38.875"></status>
</kw>
<kw name="${msg} IN [ @{messages} ]" type="for">
<kw name="${msg} = {'eventType': 'START', 'processId': 'script-process-id', 'sourceApplication': 'Midas', 'operationName': 'ExecuteMidasSelection', 'timestamp': 1557841163952, 'paramsMap': {'month': '12', 'orangeExportB..." type="foritem">
<kw name="Set Variable If" library="BuiltIn">
<doc>Sets variable based on the given condition.</doc>
<arguments>
<arg>"${msg['operationName']}"=="ExecuteMidasSelection"</arg>
<arg>${msg}</arg>
<arg>${runMidasMessage}</arg>
</arguments>
<assign>
<var>${runMidasMessage}</var>
</assign>
<msg timestamp="20190612 12:30:38.876" level="INFO">${runMidasMessage} = {'eventType': 'START', 'processId': 'script-process-id', 'sourceApplication': 'Midas', 'operationName': 'ExecuteMidasSelection', 'timestamp': 1557841163952, 'paramsMap': {'month': '12', 'orangeExportB...</msg>
<status status="PASS" starttime="20190612 12:30:38.875" endtime="20190612 12:30:38.876"></status>
</kw>
<status status="PASS" starttime="20190612 12:30:38.875" endtime="20190612 12:30:38.876"></status>
</kw>
<kw name="${msg} = {'eventType': 'FAILED', 'processId': 'script-process-id', 'sourceApplication': 'Midas', 'operationName': 'ExecuteMidasSelection', 'timestamp': 1557841165008, 'paramsMap': {'month': '12', 'orangeExport..." type="foritem">
<kw name="Set Variable If" library="BuiltIn">
<doc>Sets variable based on the given condition.</doc>
<arguments>
<arg>"${msg['operationName']}"=="ExecuteMidasSelection"</arg>
<arg>${msg}</arg>
<arg>${runMidasMessage}</arg>
</arguments>
<assign>
<var>${runMidasMessage}</var>
</assign>
<msg timestamp="20190612 12:30:38.876" level="INFO">${runMidasMessage} = {'eventType': 'FAILED', 'processId': 'script-process-id', 'sourceApplication': 'Midas', 'operationName': 'ExecuteMidasSelection', 'timestamp': 1557841165008, 'paramsMap': {'month': '12', 'orangeExport...</msg>
<status status="PASS" starttime="20190612 12:30:38.876" endtime="20190612 12:30:38.876"></status>
</kw>
<status status="PASS" starttime="20190612 12:30:38.876" endtime="20190612 12:30:38.877"></status>
</kw>
<kw name="${msg} = {'eventType': 'START', 'processId': 'script-process-id', 'sourceApplication': 'Midas', 'operationName': 'ExecuteMidasSelection', 'timestamp': 1557841255876, 'paramsMap': {'month': '12', 'year': '2018'..." type="foritem">
<kw name="Set Variable If" library="BuiltIn">
<doc>Sets variable based on the given condition.</doc>
<arguments>
<arg>"${msg['operationName']}"=="ExecuteMidasSelection"</arg>
<arg>${msg}</arg>
<arg>${runMidasMessage}</arg>
</arguments>
<assign>
<var>${runMidasMessage}</var>
</assign>
<msg timestamp="20190612 12:30:38.877" level="INFO">${runMidasMessage} = {'eventType': 'START', 'processId': 'script-process-id', 'sourceApplication': 'Midas', 'operationName': 'ExecuteMidasSelection', 'timestamp': 1557841255876, 'paramsMap': {'month': '12', 'year': '2018'...</msg>
<status status="PASS" starttime="20190612 12:30:38.877" endtime="20190612 12:30:38.877"></status>
</kw>
<status status="PASS" starttime="20190612 12:30:38.877" endtime="20190612 12:30:38.877"></status>
</kw>
<kw name="${msg} = {'eventType': 'FAILED', 'processId': 'script-process-id', 'sourceApplication': 'Midas', 'operationName': 'ExecuteMidasSelection', 'timestamp': 1557841257076, 'paramsMap': {'sbpdsExportBundleId': '-1',..." type="foritem">
<kw name="Set Variable If" library="BuiltIn">
<doc>Sets variable based on the given condition.</doc>
<arguments>
<arg>"${msg['operationName']}"=="ExecuteMidasSelection"</arg>
<arg>${msg}</arg>
<arg>${runMidasMessage}</arg>
</arguments>
<assign>
<var>${runMidasMessage}</var>
</assign>
<msg timestamp="20190612 12:30:38.878" level="INFO">${runMidasMessage} = {'eventType': 'FAILED', 'processId': 'script-process-id', 'sourceApplication': 'Midas', 'operationName': 'ExecuteMidasSelection', 'timestamp': 1557841257076, 'paramsMap': {'sbpdsExportBundleId': '-1',...</msg>
<status status="PASS" starttime="20190612 12:30:38.878" endtime="20190612 12:30:38.878"></status>
</kw>
<status status="PASS" starttime="20190612 12:30:38.877" endtime="20190612 12:30:38.878"></status>
</kw>
<kw name="${msg} = {'eventType': 'START', 'processId': 'script-process-id', 'sourceApplication': 'Midas', 'operationName': 'ExecuteMidasSelection', 'timestamp': 1557841501961, 'paramsMap': {'month': '11', 'year': '2018'..." type="foritem">
<kw name="Set Variable If" library="BuiltIn">
<doc>Sets variable based on the given condition.</doc>
<arguments>
<arg>"${msg['operationName']}"=="ExecuteMidasSelection"</arg>
<arg>${msg}</arg>
<arg>${runMidasMessage}</arg>
</arguments>
<assign>
<var>${runMidasMessage}</var>
</assign>
<msg timestamp="20190612 12:30:38.879" level="INFO">${runMidasMessage} = {'eventType': 'START', 'processId': 'script-process-id', 'sourceApplication': 'Midas', 'operationName': 'ExecuteMidasSelection', 'timestamp': 1557841501961, 'paramsMap': {'month': '11', 'year': '2018'...</msg>
<status status="PASS" starttime="20190612 12:30:38.878" endtime="20190612 12:30:38.879"></status>
</kw>
<status status="PASS" starttime="20190612 12:30:38.878" endtime="20190612 12:30:38.879"></status>
</kw>
<kw name="${msg} = {'eventType': 'COMPLETED', 'processId': 'script-process-id', 'sourceApplication': 'Midas', 'operationName': 'ExecuteMidasSelection', 'timestamp': 1557841506024, 'paramsMap': {'sbpdsExportBundleId': '-..." type="foritem">
<kw name="Set Variable If" library="BuiltIn">
<doc>Sets variable based on the given condition.</doc>
<arguments>
<arg>"${msg['operationName']}"=="ExecuteMidasSelection"</arg>
<arg>${msg}</arg>
<arg>${runMidasMessage}</arg>
</arguments>
<assign>
<var>${runMidasMessage}</var>
</assign>
<msg timestamp="20190612 12:30:38.879" level="INFO">${runMidasMessage} = {'eventType': 'COMPLETED', 'processId': 'script-process-id', 'sourceApplication': 'Midas', 'operationName': 'ExecuteMidasSelection', 'timestamp': 1557841506024, 'paramsMap': {'sbpdsExportBundleId': '-...</msg>
<status status="PASS" starttime="20190612 12:30:38.879" endtime="20190612 12:30:38.880"></status>
</kw>
<status status="PASS" starttime="20190612 12:30:38.879" endtime="20190612 12:30:38.880"></status>
</kw>
<kw name="${msg} = {'eventType': 'START', 'processId': 'script-process-id', 'sourceApplication': 'Midas', 'operationName': 'ExecuteMidasSelection', 'timestamp': 1557841728144, 'paramsMap': {'month': '11', 'year': '2018'..." type="foritem">
<kw name="Set Variable If" library="BuiltIn">
<doc>Sets variable based on the given condition.</doc>
<arguments>
<arg>"${msg['operationName']}"=="ExecuteMidasSelection"</arg>
<arg>${msg}</arg>
<arg>${runMidasMessage}</arg>
</arguments>
<assign>
<var>${runMidasMessage}</var>
</assign>
<msg timestamp="20190612 12:30:38.880" level="INFO">${runMidasMessage} = {'eventType': 'START', 'processId': 'script-process-id', 'sourceApplication': 'Midas', 'operationName': 'ExecuteMidasSelection', 'timestamp': 1557841728144, 'paramsMap': {'month': '11', 'year': '2018'...</msg>
<status status="PASS" starttime="20190612 12:30:38.880" endtime="20190612 12:30:38.880"></status>
</kw>
<status status="PASS" starttime="20190612 12:30:38.880" endtime="20190612 12:30:38.880"></status>
</kw>
<kw name="${msg} = {'eventType': 'START', 'processId': 'script-process-id', 'sourceApplication': 'Midas', 'operationName': 'ExecuteMidasSelection', 'timestamp': 1557842675206, 'paramsMap': {'month': '12', 'year': '2017'..." type="foritem">
<kw name="Set Variable If" library="BuiltIn">
<doc>Sets variable based on the given condition.</doc>
<arguments>
<arg>"${msg['operationName']}"=="ExecuteMidasSelection"</arg>
<arg>${msg}</arg>
<arg>${runMidasMessage}</arg>
</arguments>
<assign>
<var>${runMidasMessage}</var>
</assign>
<msg timestamp="20190612 12:30:38.881" level="INFO">${runMidasMessage} = {'eventType': 'START', 'processId': 'script-process-id', 'sourceApplication': 'Midas', 'operationName': 'ExecuteMidasSelection', 'timestamp': 1557842675206, 'paramsMap': {'month': '12', 'year': '2017'...</msg>
<status status="PASS" starttime="20190612 12:30:38.880" endtime="20190612 12:30:38.881"></status>
</kw>
<status status="PASS" starttime="20190612 12:30:38.880" endtime="20190612 12:30:38.881"></status>
</kw>
<kw name="${msg} = {'eventType': 'START', 'processId': 'script-process-id', 'sourceApplication': 'Midas', 'operationName': 'ExecuteMidasSelection', 'timestamp': 1557842729051, 'paramsMap': {'month': '1', 'year': '2018',..." type="foritem">
<kw name="Set Variable If" library="BuiltIn">
<doc>Sets variable based on the given condition.</doc>
<arguments>
<arg>"${msg['operationName']}"=="ExecuteMidasSelection"</arg>
<arg>${msg}</arg>
<arg>${runMidasMessage}</arg>
</arguments>
<assign>
<var>${runMidasMessage}</var>
</assign>
<msg timestamp="20190612 12:30:38.881" level="INFO">${runMidasMessage} = {'eventType': 'START', 'processId': 'script-process-id', 'sourceApplication': 'Midas', 'operationName': 'ExecuteMidasSelection', 'timestamp': 1557842729051, 'paramsMap': {'month': '1', 'year': '2018',...</msg>
<status status="PASS" starttime="20190612 12:30:38.881" endtime="20190612 12:30:38.881"></status>
</kw>
<status status="PASS" starttime="20190612 12:30:38.881" endtime="20190612 12:30:38.881"></status>
</kw>
<kw name="${msg} = {'eventType': 'START', 'processId': 'script-process-id', 'sourceApplication': 'Midas', 'operationName': 'ExecuteMidasSelection', 'timestamp': 1557842768717, 'paramsMap': {'month': '2', 'year': '2018',..." type="foritem">
<kw name="Set Variable If" library="BuiltIn">
<doc>Sets variable based on the given condition.</doc>
<arguments>
<arg>"${msg['operationName']}"=="ExecuteMidasSelection"</arg>
<arg>${msg}</arg>
<arg>${runMidasMessage}</arg>
</arguments>
<assign>
<var>${runMidasMessage}</var>
</assign>
<msg timestamp="20190612 12:30:38.882" level="INFO">${runMidasMessage} = {'eventType': 'START', 'processId': 'script-process-id', 'sourceApplication': 'Midas', 'operationName': 'ExecuteMidasSelection', 'timestamp': 1557842768717, 'paramsMap': {'month': '2', 'year': '2018',...</msg>
<status status="PASS" starttime="20190612 12:30:38.881" endtime="20190612 12:30:38.882"></status>
</kw>
<status status="PASS" starttime="20190612 12:30:38.881" endtime="20190612 12:30:38.882"></status>
</kw>
<kw name="${msg} = {'eventType': 'START', 'processId': 'script-process-id', 'sourceApplication': 'Midas', 'operationName': 'ExecuteMidasSelection', 'timestamp': 1557842783952, 'paramsMap': {'month': '3', 'year': '2018',..." type="foritem">
<kw name="Set Variable If" library="BuiltIn">
<doc>Sets variable based on the given condition.</doc>
<arguments>
<arg>"${msg['operationName']}"=="ExecuteMidasSelection"</arg>
<arg>${msg}</arg>
<arg>${runMidasMessage}</arg>
</arguments>
<assign>
<var>${runMidasMessage}</var>
</assign>
<msg timestamp="20190612 12:30:38.882" level="INFO">${runMidasMessage} = {'eventType': 'START', 'processId': 'script-process-id', 'sourceApplication': 'Midas', 'operationName': 'ExecuteMidasSelection', 'timestamp': 1557842783952, 'paramsMap': {'month': '3', 'year': '2018',...</msg>
<status status="PASS" starttime="20190612 12:30:38.882" endtime="20190612 12:30:38.882"></status>
</kw>
<status status="PASS" starttime="20190612 12:30:38.882" endtime="20190612 12:30:38.882"></status>
</kw>
<kw name="${msg} = {'eventType': 'START', 'processId': 'script-process-id', 'sourceApplication': 'Midas', 'operationName': 'ExecuteMidasSelection', 'timestamp': 1557842802335, 'paramsMap': {'month': '4', 'year': '2018',..." type="foritem">
<kw name="Set Variable If" library="BuiltIn">
<doc>Sets variable based on the given condition.</doc>
<arguments>
<arg>"${msg['operationName']}"=="ExecuteMidasSelection"</arg>
<arg>${msg}</arg>
<arg>${runMidasMessage}</arg>
</arguments>
<assign>
<var>${runMidasMessage}</var>
</assign>
<msg timestamp="20190612 12:30:38.883" level="INFO">${runMidasMessage} = {'eventType': 'START', 'processId': 'script-process-id', 'sourceApplication': 'Midas', 'operationName': 'ExecuteMidasSelection', 'timestamp': 1557842802335, 'paramsMap': {'month': '4', 'year': '2018',...</msg>
<status status="PASS" starttime="20190612 12:30:38.882" endtime="20190612 12:30:38.883"></status>
</kw>
<status status="PASS" starttime="20190612 12:30:38.882" endtime="20190612 12:30:38.883"></status>
</kw>
<kw name="${msg} = {'eventType': 'START', 'processId': 'script-process-id', 'sourceApplication': 'Midas', 'operationName': 'ExecuteMidasSelection', 'timestamp': 1557842826912, 'paramsMap': {'month': '5', 'year': '2018',..." type="foritem">
<kw name="Set Variable If" library="BuiltIn">
<doc>Sets variable based on the given condition.</doc>
<arguments>
<arg>"${msg['operationName']}"=="ExecuteMidasSelection"</arg>
<arg>${msg}</arg>
<arg>${runMidasMessage}</arg>
</arguments>
<assign>
<var>${runMidasMessage}</var>
</assign>
<msg timestamp="20190612 12:30:38.883" level="INFO">${runMidasMessage} = {'eventType': 'START', 'processId': 'script-process-id', 'sourceApplication': 'Midas', 'operationName': 'ExecuteMidasSelection', 'timestamp': 1557842826912, 'paramsMap': {'month': '5', 'year': '2018',...</msg>
<status status="PASS" starttime="20190612 12:30:38.883" endtime="20190612 12:30:38.883"></status>
</kw>
<status status="PASS" starttime="20190612 12:30:38.883" endtime="20190612 12:30:38.883"></status>
</kw>
<kw name="${msg} = {'eventType': 'START', 'processId': 'script-process-id', 'sourceApplication': 'Midas', 'operationName': 'ExecuteMidasSelection', 'timestamp': 1557842843251, 'paramsMap': {'month': '6', 'year': '2018',..." type="foritem">
<kw name="Set Variable If" library="BuiltIn">
<doc>Sets variable based on the given condition.</doc>
<arguments>
<arg>"${msg['operationName']}"=="ExecuteMidasSelection"</arg>
<arg>${msg}</arg>
<arg>${runMidasMessage}</arg>
</arguments>
<assign>
<var>${runMidasMessage}</var>
</assign>
<msg timestamp="20190612 12:30:38.884" level="INFO">${runMidasMessage} = {'eventType': 'START', 'processId': 'script-process-id', 'sourceApplication': 'Midas', 'operationName': 'ExecuteMidasSelection', 'timestamp': 1557842843251, 'paramsMap': {'month': '6', 'year': '2018',...</msg>
<status status="PASS" starttime="20190612 12:30:38.884" endtime="20190612 12:30:38.884"></status>
</kw>
<status status="PASS" starttime="20190612 12:30:38.884" endtime="20190612 12:30:38.884"></status>
</kw>
<kw name="${msg} = {'eventType': 'START', 'processId': 'script-process-id', 'sourceApplication': 'Midas', 'operationName': 'ExecuteMidasSelection', 'timestamp': 1557842858686, 'paramsMap': {'month': '7', 'year': '2018',..." type="foritem">
<kw name="Set Variable If" library="BuiltIn">
<doc>Sets variable based on the given condition.</doc>
<arguments>
<arg>"${msg['operationName']}"=="ExecuteMidasSelection"</arg>
<arg>${msg}</arg>
<arg>${runMidasMessage}</arg>
</arguments>
<assign>
<var>${runMidasMessage}</var>
</assign>
<msg timestamp="20190612 12:30:38.885" level="INFO">${runMidasMessage} = {'eventType': 'START', 'processId': 'script-process-id', 'sourceApplication': 'Midas', 'operationName': 'ExecuteMidasSelection', 'timestamp': 1557842858686, 'paramsMap': {'month': '7', 'year': '2018',...</msg>
<status status="PASS" starttime="20190612 12:30:38.885" endtime="20190612 12:30:38.885"></status>
</kw>
<status status="PASS" starttime="20190612 12:30:38.884" endtime="20190612 12:30:38.885"></status>
</kw>
<kw name="${msg} = {'eventType': 'START', 'processId': 'script-process-id', 'sourceApplication': 'Midas', 'operationName': 'ExecuteMidasSelection', 'timestamp': 1557842875154, 'paramsMap': {'month': '8', 'year': '2018',..." type="foritem">
<kw name="Set Variable If" library="BuiltIn">
<doc>Sets variable based on the given condition.</doc>
<arguments>
<arg>"${msg['operationName']}"=="ExecuteMidasSelection"</arg>
<arg>${msg}</arg>
<arg>${runMidasMessage}</arg>
</arguments>
<assign>
<var>${runMidasMessage}</var>
</assign>
<msg timestamp="20190612 12:30:38.885" level="INFO">${runMidasMessage} = {'eventType': 'START', 'processId': 'script-process-id', 'sourceApplication': 'Midas', 'operationName': 'ExecuteMidasSelection', 'timestamp': 1557842875154, 'paramsMap': {'month': '8', 'year': '2018',...</msg>
<status status="PASS" starttime="20190612 12:30:38.885" endtime="20190612 12:30:38.885"></status>
</kw>
<status status="PASS" starttime="20190612 12:30:38.885" endtime="20190612 12:30:38.885"></status>
</kw>
<kw name="${msg} = {'eventType': 'START', 'processId': 'script-process-id', 'sourceApplication': 'Midas', 'operationName': 'ExecuteMidasSelection', 'timestamp': 1557842894074, 'paramsMap': {'month': '9', 'year': '2018',..." type="foritem">
<kw name="Set Variable If" library="BuiltIn">
<doc>Sets variable based on the given condition.</doc>
<arguments>
<arg>"${msg['operationName']}"=="ExecuteMidasSelection"</arg>
<arg>${msg}</arg>
<arg>${runMidasMessage}</arg>
</arguments>
<assign>
<var>${runMidasMessage}</var>
</assign>
<msg timestamp="20190612 12:30:38.886" level="INFO">${runMidasMessage} = {'eventType': 'START', 'processId': 'script-process-id', 'sourceApplication': 'Midas', 'operationName': 'ExecuteMidasSelection', 'timestamp': 1557842894074, 'paramsMap': {'month': '9', 'year': '2018',...</msg>
<status status="PASS" starttime="20190612 12:30:38.886" endtime="20190612 12:30:38.886"></status>
</kw>
<status status="PASS" starttime="20190612 12:30:38.886" endtime="20190612 12:30:38.886"></status>
</kw>
<kw name="${msg} = {'eventType': 'START', 'processId': 'script-process-id', 'sourceApplication': 'Midas', 'operationName': 'ExecuteMidasSelection', 'timestamp': 1557842914482, 'paramsMap': {'month': '10', 'year': '2018'..." type="foritem">
<kw name="Set Variable If" library="BuiltIn">
<doc>Sets variable based on the given condition.</doc>
<arguments>
<arg>"${msg['operationName']}"=="ExecuteMidasSelection"</arg>
<arg>${msg}</arg>
<arg>${runMidasMessage}</arg>
</arguments>
<assign>
<var>${runMidasMessage}</var>
</assign>
<msg timestamp="20190612 12:30:38.887" level="INFO">${runMidasMessage} = {'eventType': 'START', 'processId': 'script-process-id', 'sourceApplication': 'Midas', 'operationName': 'ExecuteMidasSelection', 'timestamp': 1557842914482, 'paramsMap': {'month': '10', 'year': '2018'...</msg>
<status status="PASS" starttime="20190612 12:30:38.886" endtime="20190612 12:30:38.887"></status>
</kw>
<status status="PASS" starttime="20190612 12:30:38.886" endtime="20190612 12:30:38.887"></status>
</kw>
<kw name="${msg} = {'eventType': 'START', 'processId': 'script-process-id', 'sourceApplication': 'Midas', 'operationName': 'ExecuteMidasSelection', 'timestamp': 1557842932539, 'paramsMap': {'month': '10', 'year': '2018'..." type="foritem">
<kw name="Set Variable If" library="BuiltIn">
<doc>Sets variable based on the given condition.</doc>
<arguments>
<arg>"${msg['operationName']}"=="ExecuteMidasSelection"</arg>
<arg>${msg}</arg>
<arg>${runMidasMessage}</arg>
</arguments>
<assign>
<var>${runMidasMessage}</var>
</assign>
<msg timestamp="20190612 12:30:38.887" level="INFO">${runMidasMessage} = {'eventType': 'START', 'processId': 'script-process-id', 'sourceApplication': 'Midas', 'operationName': 'ExecuteMidasSelection', 'timestamp': 1557842932539, 'paramsMap': {'month': '10', 'year': '2018'...</msg>
<status status="PASS" starttime="20190612 12:30:38.887" endtime="20190612 12:30:38.887"></status>
</kw>
<status status="PASS" starttime="20190612 12:30:38.887" endtime="20190612 12:30:38.887"></status>
</kw>
<kw name="${msg} = {'eventType': 'START', 'processId': 'script-process-id', 'sourceApplication': 'Midas', 'operationName': 'ExecuteMidasSelection', 'timestamp': 1557842951865, 'paramsMap': {'month': '11', 'year': '2018'..." type="foritem">
<kw name="Set Variable If" library="BuiltIn">
<doc>Sets variable based on the given condition.</doc>
<arguments>
<arg>"${msg['operationName']}"=="ExecuteMidasSelection"</arg>
<arg>${msg}</arg>
<arg>${runMidasMessage}</arg>
</arguments>
<assign>
<var>${runMidasMessage}</var>
</assign>
<msg timestamp="20190612 12:30:38.888" level="INFO">${runMidasMessage} = {'eventType': 'START', 'processId': 'script-process-id', 'sourceApplication': 'Midas', 'operationName': 'ExecuteMidasSelection', 'timestamp': 1557842951865, 'paramsMap': {'month': '11', 'year': '2018'...</msg>
<status status="PASS" starttime="20190612 12:30:38.887" endtime="20190612 12:30:38.888"></status>
</kw>
<status status="PASS" starttime="20190612 12:30:38.887" endtime="20190612 12:30:38.888"></status>
</kw>
<kw name="${msg} = {'eventType': 'NOT_READY', 'processId': 'script-process-id', 'sourceApplication': 'Midas', 'operationName': 'ExecuteMidasSelection', 'timestamp': 1557842953594, 'paramsMap': {'month': '11', 'year': '2..." type="foritem">
<kw name="Set Variable If" library="BuiltIn">
<doc>Sets variable based on the given condition.</doc>
<arguments>
<arg>"${msg['operationName']}"=="ExecuteMidasSelection"</arg>
<arg>${msg}</arg>
<arg>${runMidasMessage}</arg>
</arguments>
<assign>
<var>${runMidasMessage}</var>
</assign>
<msg timestamp="20190612 12:30:38.888" level="INFO">${runMidasMessage} = {'eventType': 'NOT_READY', 'processId': 'script-process-id', 'sourceApplication': 'Midas', 'operationName': 'ExecuteMidasSelection', 'timestamp': 1557842953594, 'paramsMap': {'month': '11', 'year': '2...</msg>
<status status="PASS" starttime="20190612 12:30:38.888" endtime="20190612 12:30:38.888"></status>
</kw>
<status status="PASS" starttime="20190612 12:30:38.888" endtime="20190612 12:30:38.888"></status>
</kw>
<kw name="${msg} = {'eventType': 'START', 'processId': 'script-process-id', 'sourceApplication': 'Midas', 'operationName': 'ExecuteMidasSelection', 'timestamp': 1557842977168, 'paramsMap': {'month': '11', 'year': '2018'..." type="foritem">
<kw name="Set Variable If" library="BuiltIn">
<doc>Sets variable based on the given condition.</doc>
<arguments>
<arg>"${msg['operationName']}"=="ExecuteMidasSelection"</arg>
<arg>${msg}</arg>
<arg>${runMidasMessage}</arg>
</arguments>
<assign>
<var>${runMidasMessage}</var>
</assign>
<msg timestamp="20190612 12:30:38.889" level="INFO">${runMidasMessage} = {'eventType': 'START', 'processId': 'script-process-id', 'sourceApplication': 'Midas', 'operationName': 'ExecuteMidasSelection', 'timestamp': 1557842977168, 'paramsMap': {'month': '11', 'year': '2018'...</msg>
<status status="PASS" starttime="20190612 12:30:38.889" endtime="20190612 12:30:38.889"></status>
</kw>
<status status="PASS" starttime="20190612 12:30:38.888" endtime="20190612 12:30:38.889"></status>
</kw>
<kw name="${msg} = {'eventType': 'START', 'processId': 'script-process-id', 'sourceApplication': 'Midas', 'operationName': 'ExecuteMidasSelection', 'timestamp': 1557843002323, 'paramsMap': {'month': '12', 'year': '2018'..." type="foritem">
<kw name="Set Variable If" library="BuiltIn">
<doc>Sets variable based on the given condition.</doc>
<arguments>
<arg>"${msg['operationName']}"=="ExecuteMidasSelection"</arg>
<arg>${msg}</arg>
<arg>${runMidasMessage}</arg>
</arguments>
<assign>
<var>${runMidasMessage}</var>
</assign>
<msg timestamp="20190612 12:30:38.889" level="INFO">${runMidasMessage} = {'eventType': 'START', 'processId': 'script-process-id', 'sourceApplication': 'Midas', 'operationName': 'ExecuteMidasSelection', 'timestamp': 1557843002323, 'paramsMap': {'month': '12', 'year': '2018'...</msg>
<status status="PASS" starttime="20190612 12:30:38.889" endtime="20190612 12:30:38.889"></status>
</kw>
<status status="PASS" starttime="20190612 12:30:38.889" endtime="20190612 12:30:38.889"></status>
</kw>
<kw name="${msg} = {'eventType': 'START', 'processId': 'script-process-id', 'sourceApplication': 'Midas', 'operationName': 'ExecuteMidasSelection', 'timestamp': 1557843029242, 'paramsMap': {'month': '1', 'year': '2019',..." type="foritem">
<kw name="Set Variable If" library="BuiltIn">
<doc>Sets variable based on the given condition.</doc>
<arguments>
<arg>"${msg['operationName']}"=="ExecuteMidasSelection"</arg>
<arg>${msg}</arg>
<arg>${runMidasMessage}</arg>
</arguments>
<assign>
<var>${runMidasMessage}</var>
</assign>
<msg timestamp="20190612 12:30:38.890" level="INFO">${runMidasMessage} = {'eventType': 'START', 'processId': 'script-process-id', 'sourceApplication': 'Midas', 'operationName': 'ExecuteMidasSelection', 'timestamp': 1557843029242, 'paramsMap': {'month': '1', 'year': '2019',...</msg>
<status status="PASS" starttime="20190612 12:30:38.889" endtime="20190612 12:30:38.890"></status>
</kw>
<status status="PASS" starttime="20190612 12:30:38.889" endtime="20190612 12:30:38.890"></status>
</kw>
<kw name="${msg} = {'eventType': 'START', 'processId': 'script-process-id', 'sourceApplication': 'Midas', 'operationName': 'ExecuteMidasSelection', 'timestamp': 1557843045995, 'paramsMap': {'month': '2', 'year': '2019',..." type="foritem">
<kw name="Set Variable If" library="BuiltIn">
<doc>Sets variable based on the given condition.</doc>
<arguments>
<arg>"${msg['operationName']}"=="ExecuteMidasSelection"</arg>
<arg>${msg}</arg>
<arg>${runMidasMessage}</arg>
</arguments>
<assign>
<var>${runMidasMessage}</var>
</assign>
<msg timestamp="20190612 12:30:38.890" level="INFO">${runMidasMessage} = {'eventType': 'START', 'processId': 'script-process-id', 'sourceApplication': 'Midas', 'operationName': 'ExecuteMidasSelection', 'timestamp': 1557843045995, 'paramsMap': {'month': '2', 'year': '2019',...</msg>
<status status="PASS" starttime="20190612 12:30:38.890" endtime="20190612 12:30:38.890"></status>
</kw>
<status status="PASS" starttime="20190612 12:30:38.890" endtime="20190612 12:30:38.890"></status>
</kw>
<kw name="${msg} = {'eventType': 'START', 'processId': 'script-process-id', 'sourceApplication': 'Midas', 'operationName': 'ExecuteMidasSelection', 'timestamp': 1557843064781, 'paramsMap': {'month': '3', 'year': '2019',..." type="foritem">
<kw name="Set Variable If" library="BuiltIn">
<doc>Sets variable based on the given condition.</doc>
<arguments>
<arg>"${msg['operationName']}"=="ExecuteMidasSelection"</arg>
<arg>${msg}</arg>
<arg>${runMidasMessage}</arg>
</arguments>
<assign>
<var>${runMidasMessage}</var>
</assign>
<msg timestamp="20190612 12:30:38.891" level="INFO">${runMidasMessage} = {'eventType': 'START', 'processId': 'script-process-id', 'sourceApplication': 'Midas', 'operationName': 'ExecuteMidasSelection', 'timestamp': 1557843064781, 'paramsMap': {'month': '3', 'year': '2019',...</msg>
<status status="PASS" starttime="20190612 12:30:38.890" endtime="20190612 12:30:38.891"></status>
</kw>
<status status="PASS" starttime="20190612 12:30:38.890" endtime="20190612 12:30:38.891"></status>
</kw>
<kw name="${msg} = {'eventType': 'START', 'processId': '8187704', 'sourceApplication': 'Orchestration', 'operationName': 'ExecutePanelSelectionRules', 'timestamp': 1558000513295, 'paramsMap': {'processInstanceId': '8187..." type="foritem">
<kw name="Set Variable If" library="BuiltIn">
<doc>Sets variable based on the given condition.</doc>
<arguments>
<arg>"${msg['operationName']}"=="ExecuteMidasSelection"</arg>
<arg>${msg}</arg>
<arg>${runMidasMessage}</arg>
</arguments>
<assign>
<var>${runMidasMessage}</var>
</assign>
<msg timestamp="20190612 12:30:38.891" level="INFO">${runMidasMessage} = {'eventType': 'START', 'processId': 'script-process-id', 'sourceApplication': 'Midas', 'operationName': 'ExecuteMidasSelection', 'timestamp': 1557843064781, 'paramsMap': {'month': '3', 'year': '2019',...</msg>
<status status="PASS" starttime="20190612 12:30:38.891" endtime="20190612 12:30:38.891"></status>
</kw>
<status status="PASS" starttime="20190612 12:30:38.891" endtime="20190612 12:30:38.891"></status>
</kw>
<kw name="${msg} = {'eventType': 'START', 'processId': '8187704', 'sourceApplication': 'Orchestration', 'operationName': 'ExecutePanelSelection', 'timestamp': 1558000550066, 'paramsMap': {'processInstanceId': '8187704',..." type="foritem">
<kw name="Set Variable If" library="BuiltIn">
<doc>Sets variable based on the given condition.</doc>
<arguments>
<arg>"${msg['operationName']}"=="ExecuteMidasSelection"</arg>
<arg>${msg}</arg>
<arg>${runMidasMessage}</arg>
</arguments>
<assign>
<var>${runMidasMessage}</var>
</assign>
<msg timestamp="20190612 12:30:38.893" level="INFO">${runMidasMessage} = {'eventType': 'START', 'processId': 'script-process-id', 'sourceApplication': 'Midas', 'operationName': 'ExecuteMidasSelection', 'timestamp': 1557843064781, 'paramsMap': {'month': '3', 'year': '2019',...</msg>
<status status="PASS" starttime="20190612 12:30:38.891" endtime="20190612 12:30:38.893"></status>
</kw>
<status status="PASS" starttime="20190612 12:30:38.891" endtime="20190612 12:30:38.893"></status>
</kw>
<kw name="${msg} = {'eventType': 'START', 'processId': '8187704', 'sourceApplication': 'Orchestration', 'operationName': 'ExecutePanelSelection', 'timestamp': 1558005024063, 'paramsMap': {'processInstanceId': '8187704',..." type="foritem">
<kw name="Set Variable If" library="BuiltIn">
<doc>Sets variable based on the given condition.</doc>
<arguments>
<arg>"${msg['operationName']}"=="ExecuteMidasSelection"</arg>
<arg>${msg}</arg>
<arg>${runMidasMessage}</arg>
</arguments>
<assign>
<var>${runMidasMessage}</var>
</assign>
<msg timestamp="20190612 12:30:38.893" level="INFO">${runMidasMessage} = {'eventType': 'START', 'processId': 'script-process-id', 'sourceApplication': 'Midas', 'operationName': 'ExecuteMidasSelection', 'timestamp': 1557843064781, 'paramsMap': {'month': '3', 'year': '2019',...</msg>
<status status="PASS" starttime="20190612 12:30:38.893" endtime="20190612 12:30:38.893"></status>
</kw>
<status status="PASS" starttime="20190612 12:30:38.893" endtime="20190612 12:30:38.893"></status>
</kw>
<kw name="${msg} = {'eventType': 'START', 'processId': '78131200', 'sourceApplication': 'Orchestration', 'operationName': 'START_RDA_REF_CONSUMPTION', 'timestamp': 1558007366357, 'paramsMap': {'processInstanceId': '7813..." type="foritem">
<kw name="Set Variable If" library="BuiltIn">
<doc>Sets variable based on the given condition.</doc>
<arguments>
<arg>"${msg['operationName']}"=="ExecuteMidasSelection"</arg>
<arg>${msg}</arg>
<arg>${runMidasMessage}</arg>
</arguments>
<assign>
<var>${runMidasMessage}</var>
</assign>
<msg timestamp="20190612 12:30:38.894" level="INFO">${runMidasMessage} = {'eventType': 'START', 'processId': 'script-process-id', 'sourceApplication': 'Midas', 'operationName': 'ExecuteMidasSelection', 'timestamp': 1557843064781, 'paramsMap': {'month': '3', 'year': '2019',...</msg>
<status status="PASS" starttime="20190612 12:30:38.893" endtime="20190612 12:30:38.894"></status>
</kw>
<status status="PASS" starttime="20190612 12:30:38.893" endtime="20190612 12:30:38.894"></status>
</kw>
<kw name="${msg} = {'eventType': 'START', 'processId': '8190117', 'sourceApplication': 'Orchestration', 'operationName': 'ExecutePanelSelectionRules', 'timestamp': 1558007581092, 'paramsMap': {'processInstanceId': '8190..." type="foritem">
<kw name="Set Variable If" library="BuiltIn">
<doc>Sets variable based on the given condition.</doc>
<arguments>
<arg>"${msg['operationName']}"=="ExecuteMidasSelection"</arg>
<arg>${msg}</arg>
<arg>${runMidasMessage}</arg>
</arguments>
<assign>
<var>${runMidasMessage}</var>
</assign>
<msg timestamp="20190612 12:30:38.895" level="INFO">${runMidasMessage} = {'eventType': 'START', 'processId': 'script-process-id', 'sourceApplication': 'Midas', 'operationName': 'ExecuteMidasSelection', 'timestamp': 1557843064781, 'paramsMap': {'month': '3', 'year': '2019',...</msg>
<status status="PASS" starttime="20190612 12:30:38.894" endtime="20190612 12:30:38.895"></status>
</kw>
<status status="PASS" starttime="20190612 12:30:38.894" endtime="20190612 12:30:38.895"></status>
</kw>
<kw name="${msg} = {'eventType': 'START', 'processId': '78134604', 'sourceApplication': 'Orchestration', 'operationName': 'START_RDA_REF_CONSUMPTION', 'timestamp': 1558007783087, 'paramsMap': {'processInstanceId': '7813..." type="foritem">
<kw name="Set Variable If" library="BuiltIn">
<doc>Sets variable based on the given condition.</doc>
<arguments>
<arg>"${msg['operationName']}"=="ExecuteMidasSelection"</arg>
<arg>${msg}</arg>
<arg>${runMidasMessage}</arg>
</arguments>
<assign>
<var>${runMidasMessage}</var>
</assign>
<msg timestamp="20190612 12:30:38.896" level="INFO">${runMidasMessage} = {'eventType': 'START', 'processId': 'script-process-id', 'sourceApplication': 'Midas', 'operationName': 'ExecuteMidasSelection', 'timestamp': 1557843064781, 'paramsMap': {'month': '3', 'year': '2019',...</msg>
<status status="PASS" starttime="20190612 12:30:38.895" endtime="20190612 12:30:38.896"></status>
</kw>
<status status="PASS" starttime="20190612 12:30:38.895" endtime="20190612 12:30:38.896"></status>
</kw>
<kw name="${msg} = {'eventType': 'START', 'processId': '78134604', 'sourceApplication': 'Orchestration', 'operationName': 'BSNR_CHECK', 'timestamp': 1558007903294, 'paramsMap': {'supplierName': 'PDGI', 'processInstanceI..." type="foritem">
<kw name="Set Variable If" library="BuiltIn">
<doc>Sets variable based on the given condition.</doc>
<arguments>
<arg>"${msg['operationName']}"=="ExecuteMidasSelection"</arg>
<arg>${msg}</arg>
<arg>${runMidasMessage}</arg>
</arguments>
<assign>
<var>${runMidasMessage}</var>
</assign>
<msg timestamp="20190612 12:30:38.896" level="INFO">${runMidasMessage} = {'eventType': 'START', 'processId': 'script-process-id', 'sourceApplication': 'Midas', 'operationName': 'ExecuteMidasSelection', 'timestamp': 1557843064781, 'paramsMap': {'month': '3', 'year': '2019',...</msg>
<status status="PASS" starttime="20190612 12:30:38.896" endtime="20190612 12:30:38.896"></status>
</kw>
<status status="PASS" starttime="20190612 12:30:38.896" endtime="20190612 12:30:38.896"></status>
</kw>
<kw name="${msg} = {'eventType': 'START', 'processId': '78134604', 'sourceApplication': 'Orchestration', 'operationName': 'MOVING_FILES_BSNR', 'timestamp': 1558007905244, 'paramsMap': {'processInstanceId': '78134604', '..." type="foritem">
<kw name="Set Variable If" library="BuiltIn">
<doc>Sets variable based on the given condition.</doc>
<arguments>
<arg>"${msg['operationName']}"=="ExecuteMidasSelection"</arg>
<arg>${msg}</arg>
<arg>${runMidasMessage}</arg>
</arguments>
<assign>
<var>${runMidasMessage}</var>
</assign>
<msg timestamp="20190612 12:30:38.897" level="INFO">${runMidasMessage} = {'eventType': 'START', 'processId': 'script-process-id', 'sourceApplication': 'Midas', 'operationName': 'ExecuteMidasSelection', 'timestamp': 1557843064781, 'paramsMap': {'month': '3', 'year': '2019',...</msg>
<status status="PASS" starttime="20190612 12:30:38.896" endtime="20190612 12:30:38.897"></status>
</kw>
<status status="PASS" starttime="20190612 12:30:38.896" endtime="20190612 12:30:38.897"></status>
</kw>
<kw name="${msg} = {'eventType': 'START', 'processId': '78134604', 'sourceApplication': 'Orchestration', 'operationName': 'PARSER_JOB', 'timestamp': 1558007905914, 'paramsMap': {'supplierName': 'PDGI', 'processInstanceI..." type="foritem">
<kw name="Set Variable If" library="BuiltIn">
<doc>Sets variable based on the given condition.</doc>
<arguments>
<arg>"${msg['operationName']}"=="ExecuteMidasSelection"</arg>
<arg>${msg}</arg>
<arg>${runMidasMessage}</arg>
</arguments>
<assign>
<var>${runMidasMessage}</var>
</assign>
<msg timestamp="20190612 12:30:38.897" level="INFO">${runMidasMessage} = {'eventType': 'START', 'processId': 'script-process-id', 'sourceApplication': 'Midas', 'operationName': 'ExecuteMidasSelection', 'timestamp': 1557843064781, 'paramsMap': {'month': '3', 'year': '2019',...</msg>
<status status="PASS" starttime="20190612 12:30:38.897" endtime="20190612 12:30:38.897"></status>
</kw>
<status status="PASS" starttime="20190612 12:30:38.897" endtime="20190612 12:30:38.897"></status>
</kw>
<kw name="${msg} = {'eventType': 'START', 'processId': '78134604', 'sourceApplication': 'Orchestration', 'operationName': 'INFORMATICA_WORKFLOW', 'timestamp': 1558007907444, 'paramsMap': {'supplierName': 'PDGI', 'proces..." type="foritem">
<kw name="Set Variable If" library="BuiltIn">
<doc>Sets variable based on the given condition.</doc>
<arguments>
<arg>"${msg['operationName']}"=="ExecuteMidasSelection"</arg>
<arg>${msg}</arg>
<arg>${runMidasMessage}</arg>
</arguments>
<assign>
<var>${runMidasMessage}</var>
</assign>
<msg timestamp="20190612 12:30:38.898" level="INFO">${runMidasMessage} = {'eventType': 'START', 'processId': 'script-process-id', 'sourceApplication': 'Midas', 'operationName': 'ExecuteMidasSelection', 'timestamp': 1557843064781, 'paramsMap': {'month': '3', 'year': '2019',...</msg>
<status status="PASS" starttime="20190612 12:30:38.897" endtime="20190612 12:30:38.898"></status>
</kw>
<status status="PASS" starttime="20190612 12:30:38.897" endtime="20190612 12:30:38.898"></status>
</kw>
<kw name="${msg} = {'eventType': 'START', 'processId': '78134604', 'sourceApplication': 'Orchestration', 'operationName': 'INFORMATICA_WORKFLOW', 'timestamp': 1558008009931, 'paramsMap': {'supplierName': 'PDGI', 'proces..." type="foritem">
<kw name="Set Variable If" library="BuiltIn">
<doc>Sets variable based on the given condition.</doc>
<arguments>
<arg>"${msg['operationName']}"=="ExecuteMidasSelection"</arg>
<arg>${msg}</arg>
<arg>${runMidasMessage}</arg>
</arguments>
<assign>
<var>${runMidasMessage}</var>
</assign>
<msg timestamp="20190612 12:30:38.898" level="INFO">${runMidasMessage} = {'eventType': 'START', 'processId': 'script-process-id', 'sourceApplication': 'Midas', 'operationName': 'ExecuteMidasSelection', 'timestamp': 1557843064781, 'paramsMap': {'month': '3', 'year': '2019',...</msg>
<status status="PASS" starttime="20190612 12:30:38.898" endtime="20190612 12:30:38.898"></status>
</kw>
<status status="PASS" starttime="20190612 12:30:38.898" endtime="20190612 12:30:38.898"></status>
</kw>
<kw name="${msg} = {'eventType': 'START', 'processId': '78134604', 'sourceApplication': 'Orchestration', 'operationName': 'INFORMATICA_WORKFLOW', 'timestamp': 1558008100398, 'paramsMap': {'supplierName': 'PDGI', 'proces..." type="foritem">
<kw name="Set Variable If" library="BuiltIn">
<doc>Sets variable based on the given condition.</doc>
<arguments>
<arg>"${msg['operationName']}"=="ExecuteMidasSelection"</arg>
<arg>${msg}</arg>
<arg>${runMidasMessage}</arg>
</arguments>
<assign>
<var>${runMidasMessage}</var>
</assign>
<msg timestamp="20190612 12:30:38.899" level="INFO">${runMidasMessage} = {'eventType': 'START', 'processId': 'script-process-id', 'sourceApplication': 'Midas', 'operationName': 'ExecuteMidasSelection', 'timestamp': 1557843064781, 'paramsMap': {'month': '3', 'year': '2019',...</msg>
<status status="PASS" starttime="20190612 12:30:38.898" endtime="20190612 12:30:38.899"></status>
</kw>
<status status="PASS" starttime="20190612 12:30:38.898" endtime="20190612 12:30:38.899"></status>
</kw>
<kw name="${msg} = {'eventType': 'START', 'processId': '78134604', 'sourceApplication': 'Orchestration', 'operationName': 'INFORMATICA_WORKFLOW', 'timestamp': 1558008210792, 'paramsMap': {'supplierName': 'PDGI', 'proces..." type="foritem">
<kw name="Set Variable If" library="BuiltIn">
<doc>Sets variable based on the given condition.</doc>
<arguments>
<arg>"${msg['operationName']}"=="ExecuteMidasSelection"</arg>
<arg>${msg}</arg>
<arg>${runMidasMessage}</arg>
</arguments>
<assign>
<var>${runMidasMessage}</var>
</assign>
<msg timestamp="20190612 12:30:38.899" level="INFO">${runMidasMessage} = {'eventType': 'START', 'processId': 'script-process-id', 'sourceApplication': 'Midas', 'operationName': 'ExecuteMidasSelection', 'timestamp': 1557843064781, 'paramsMap': {'month': '3', 'year': '2019',...</msg>
<status status="PASS" starttime="20190612 12:30:38.899" endtime="20190612 12:30:38.899"></status>
</kw>
<status status="PASS" starttime="20190612 12:30:38.899" endtime="20190612 12:30:38.899"></status>
</kw>
<kw name="${msg} = {'eventType': 'START', 'processId': '8192531', 'sourceApplication': 'Orchestration', 'operationName': 'ExecutePanelSelectionRules', 'timestamp': 1558013360257, 'paramsMap': {'processInstanceId': '8192..." type="foritem">
<kw name="Set Variable If" library="BuiltIn">
<doc>Sets variable based on the given condition.</doc>
<arguments>
<arg>"${msg['operationName']}"=="ExecuteMidasSelection"</arg>
<arg>${msg}</arg>
<arg>${runMidasMessage}</arg>
</arguments>
<assign>
<var>${runMidasMessage}</var>
</assign>
<msg timestamp="20190612 12:30:38.900" level="INFO">${runMidasMessage} = {'eventType': 'START', 'processId': 'script-process-id', 'sourceApplication': 'Midas', 'operationName': 'ExecuteMidasSelection', 'timestamp': 1557843064781, 'paramsMap': {'month': '3', 'year': '2019',...</msg>
<status status="PASS" starttime="20190612 12:30:38.899" endtime="20190612 12:30:38.900"></status>
</kw>
<status status="PASS" starttime="20190612 12:30:38.899" endtime="20190612 12:30:38.900"></status>
</kw>
<kw name="${msg} = {'eventType': 'START', 'processId': '8192531', 'sourceApplication': 'Orchestration', 'operationName': 'ExecutePanelSelection', 'timestamp': 1558013387170, 'paramsMap': {'processInstanceId': '8192531',..." type="foritem">
<kw name="Set Variable If" library="BuiltIn">
<doc>Sets variable based on the given condition.</doc>
<arguments>
<arg>"${msg['operationName']}"=="ExecuteMidasSelection"</arg>
<arg>${msg}</arg>
<arg>${runMidasMessage}</arg>
</arguments>
<assign>
<var>${runMidasMessage}</var>
</assign>
<msg timestamp="20190612 12:30:38.900" level="INFO">${runMidasMessage} = {'eventType': 'START', 'processId': 'script-process-id', 'sourceApplication': 'Midas', 'operationName': 'ExecuteMidasSelection', 'timestamp': 1557843064781, 'paramsMap': {'month': '3', 'year': '2019',...</msg>
<status status="PASS" starttime="20190612 12:30:38.900" endtime="20190612 12:30:38.900"></status>
</kw>
<status status="PASS" starttime="20190612 12:30:38.900" endtime="20190612 12:30:38.900"></status>
</kw>
<kw name="${msg} = {'eventType': 'START', 'processId': '78137844', 'sourceApplication': 'Orchestration', 'operationName': 'START_RDA_REF_CONSUMPTION', 'timestamp': 1558016018565, 'paramsMap': {'processInstanceId': '7813..." type="foritem">
<kw name="Set Variable If" library="BuiltIn">
<doc>Sets variable based on the given condition.</doc>
<arguments>
<arg>"${msg['operationName']}"=="ExecuteMidasSelection"</arg>
<arg>${msg}</arg>
<arg>${runMidasMessage}</arg>
</arguments>
<assign>
<var>${runMidasMessage}</var>
</assign>
<msg timestamp="20190612 12:30:38.901" level="INFO">${runMidasMessage} = {'eventType': 'START', 'processId': 'script-process-id', 'sourceApplication': 'Midas', 'operationName': 'ExecuteMidasSelection', 'timestamp': 1557843064781, 'paramsMap': {'month': '3', 'year': '2019',...</msg>
<status status="PASS" starttime="20190612 12:30:38.901" endtime="20190612 12:30:38.901"></status>
</kw>
<status status="PASS" starttime="20190612 12:30:38.901" endtime="20190612 12:30:38.901"></status>
</kw>
<kw name="${msg} = {'eventType': 'START', 'processId': '78137844', 'sourceApplication': 'Orchestration', 'operationName': 'BSNR_CHECK', 'timestamp': 1558016139677, 'paramsMap': {'supplierName': 'PDGI', 'processInstanceI..." type="foritem">
<kw name="Set Variable If" library="BuiltIn">
<doc>Sets variable based on the given condition.</doc>
<arguments>
<arg>"${msg['operationName']}"=="ExecuteMidasSelection"</arg>
<arg>${msg}</arg>
<arg>${runMidasMessage}</arg>
</arguments>
<assign>
<var>${runMidasMessage}</var>
</assign>
<msg timestamp="20190612 12:30:38.901" level="INFO">${runMidasMessage} = {'eventType': 'START', 'processId': 'script-process-id', 'sourceApplication': 'Midas', 'operationName': 'ExecuteMidasSelection', 'timestamp': 1557843064781, 'paramsMap': {'month': '3', 'year': '2019',...</msg>
<status status="PASS" starttime="20190612 12:30:38.901" endtime="20190612 12:30:38.901"></status>
</kw>
<status status="PASS" starttime="20190612 12:30:38.901" endtime="20190612 12:30:38.901"></status>
</kw>
<kw name="${msg} = {'eventType': 'START', 'processId': '78137844', 'sourceApplication': 'Orchestration', 'operationName': 'MOVING_FILES_BSNR', 'timestamp': 1558016141776, 'paramsMap': {'processInstanceId': '78137844', '..." type="foritem">
<kw name="Set Variable If" library="BuiltIn">
<doc>Sets variable based on the given condition.</doc>
<arguments>
<arg>"${msg['operationName']}"=="ExecuteMidasSelection"</arg>
<arg>${msg}</arg>
<arg>${runMidasMessage}</arg>
</arguments>
<assign>
<var>${runMidasMessage}</var>
</assign>
<msg timestamp="20190612 12:30:38.902" level="INFO">${runMidasMessage} = {'eventType': 'START', 'processId': 'script-process-id', 'sourceApplication': 'Midas', 'operationName': 'ExecuteMidasSelection', 'timestamp': 1557843064781, 'paramsMap': {'month': '3', 'year': '2019',...</msg>
<status status="PASS" starttime="20190612 12:30:38.902" endtime="20190612 12:30:38.902"></status>
</kw>
<status status="PASS" starttime="20190612 12:30:38.902" endtime="20190612 12:30:38.902"></status>
</kw>
<kw name="${msg} = {'eventType': 'START', 'processId': '78137844', 'sourceApplication': 'Orchestration', 'operationName': 'PARSER_JOB', 'timestamp': 1558016142054, 'paramsMap': {'supplierName': 'PDGI', 'processInstanceI..." type="foritem">
<kw name="Set Variable If" library="BuiltIn">
<doc>Sets variable based on the given condition.</doc>
<arguments>
<arg>"${msg['operationName']}"=="ExecuteMidasSelection"</arg>
<arg>${msg}</arg>
<arg>${runMidasMessage}</arg>
</arguments>
<assign>
<var>${runMidasMessage}</var>
</assign>
<msg timestamp="20190612 12:30:38.902" level="INFO">${runMidasMessage} = {'eventType': 'START', 'processId': 'script-process-id', 'sourceApplication': 'Midas', 'operationName': 'ExecuteMidasSelection', 'timestamp': 1557843064781, 'paramsMap': {'month': '3', 'year': '2019',...</msg>
<status status="PASS" starttime="20190612 12:30:38.902" endtime="20190612 12:30:38.902"></status>
</kw>
<status status="PASS" starttime="20190612 12:30:38.902" endtime="20190612 12:30:38.902"></status>
</kw>
<kw name="${msg} = {'eventType': 'START', 'processId': '78145036', 'sourceApplication': 'Orchestration', 'operationName': 'START_RDA_REF_CONSUMPTION', 'timestamp': 1558019381795, 'paramsMap': {'processInstanceId': '7814..." type="foritem">
<kw name="Set Variable If" library="BuiltIn">
<doc>Sets variable based on the given condition.</doc>
<arguments>
<arg>"${msg['operationName']}"=="ExecuteMidasSelection"</arg>
<arg>${msg}</arg>
<arg>${runMidasMessage}</arg>
</arguments>
<assign>
<var>${runMidasMessage}</var>
</assign>
<msg timestamp="20190612 12:30:38.903" level="INFO">${runMidasMessage} = {'eventType': 'START', 'processId': 'script-process-id', 'sourceApplication': 'Midas', 'operationName': 'ExecuteMidasSelection', 'timestamp': 1557843064781, 'paramsMap': {'month': '3', 'year': '2019',...</msg>
<status status="PASS" starttime="20190612 12:30:38.903" endtime="20190612 12:30:38.903"></status>
</kw>
<status status="PASS" starttime="20190612 12:30:38.903" endtime="20190612 12:30:38.903"></status>
</kw>
<kw name="${msg} = {'eventType': 'START', 'processId': '78145036', 'sourceApplication': 'Orchestration', 'operationName': 'BSNR_CHECK', 'timestamp': 1558019502953, 'paramsMap': {'supplierName': 'PDGI', 'processInstanceI..." type="foritem">
<kw name="Set Variable If" library="BuiltIn">
<doc>Sets variable based on the given condition.</doc>
<arguments>
<arg>"${msg['operationName']}"=="ExecuteMidasSelection"</arg>
<arg>${msg}</arg>
<arg>${runMidasMessage}</arg>
</arguments>
<assign>
<var>${runMidasMessage}</var>
</assign>
<msg timestamp="20190612 12:30:38.903" level="INFO">${runMidasMessage} = {'eventType': 'START', 'processId': 'script-process-id', 'sourceApplication': 'Midas', 'operationName': 'ExecuteMidasSelection', 'timestamp': 1557843064781, 'paramsMap': {'month': '3', 'year': '2019',...</msg>
<status status="PASS" starttime="20190612 12:30:38.903" endtime="20190612 12:30:38.903"></status>
</kw>
<status status="PASS" starttime="20190612 12:30:38.903" endtime="20190612 12:30:38.903"></status>
</kw>
<kw name="${msg} = {'eventType': 'START', 'processId': '78145036', 'sourceApplication': 'Orchestration', 'operationName': 'MOVING_FILES_BSNR', 'timestamp': 1558019503317, 'paramsMap': {'processInstanceId': '78145036', '..." type="foritem">
<kw name="Set Variable If" library="BuiltIn">
<doc>Sets variable based on the given condition.</doc>
<arguments>
<arg>"${msg['operationName']}"=="ExecuteMidasSelection"</arg>
<arg>${msg}</arg>
<arg>${runMidasMessage}</arg>
</arguments>
<assign>
<var>${runMidasMessage}</var>
</assign>
<msg timestamp="20190612 12:30:38.904" level="INFO">${runMidasMessage} = {'eventType': 'START', 'processId': 'script-process-id', 'sourceApplication': 'Midas', 'operationName': 'ExecuteMidasSelection', 'timestamp': 1557843064781, 'paramsMap': {'month': '3', 'year': '2019',...</msg>
<status status="PASS" starttime="20190612 12:30:38.904" endtime="20190612 12:30:38.904"></status>
</kw>
<status status="PASS" starttime="20190612 12:30:38.904" endtime="20190612 12:30:38.904"></status>
</kw>
<kw name="${msg} = {'eventType': 'START', 'processId': '78145036', 'sourceApplication': 'Orchestration', 'operationName': 'PARSER_JOB', 'timestamp': 1558019503611, 'paramsMap': {'supplierName': 'PDGI', 'processInstanceI..." type="foritem">
<kw name="Set Variable If" library="BuiltIn">
<doc>Sets variable based on the given condition.</doc>
<arguments>
<arg>"${msg['operationName']}"=="ExecuteMidasSelection"</arg>
<arg>${msg}</arg>
<arg>${runMidasMessage}</arg>
</arguments>
<assign>
<var>${runMidasMessage}</var>
</assign>
<msg timestamp="20190612 12:30:38.904" level="INFO">${runMidasMessage} = {'eventType': 'START', 'processId': 'script-process-id', 'sourceApplication': 'Midas', 'operationName': 'ExecuteMidasSelection', 'timestamp': 1557843064781, 'paramsMap': {'month': '3', 'year': '2019',...</msg>
<status status="PASS" starttime="20190612 12:30:38.904" endtime="20190612 12:30:38.905"></status>
</kw>
<status status="PASS" starttime="20190612 12:30:38.904" endtime="20190612 12:30:38.905"></status>
</kw>
<kw name="${msg} = {'eventType': 'START', 'processId': '78145036', 'sourceApplication': 'Orchestration', 'operationName': 'INFORMATICA_WORKFLOW', 'timestamp': 1558019506583, 'paramsMap': {'supplierName': 'PDGI', 'proces..." type="foritem">
<kw name="Set Variable If" library="BuiltIn">
<doc>Sets variable based on the given condition.</doc>
<arguments>
<arg>"${msg['operationName']}"=="ExecuteMidasSelection"</arg>
<arg>${msg}</arg>
<arg>${runMidasMessage}</arg>
</arguments>
<assign>
<var>${runMidasMessage}</var>
</assign>
<msg timestamp="20190612 12:30:38.905" level="INFO">${runMidasMessage} = {'eventType': 'START', 'processId': 'script-process-id', 'sourceApplication': 'Midas', 'operationName': 'ExecuteMidasSelection', 'timestamp': 1557843064781, 'paramsMap': {'month': '3', 'year': '2019',...</msg>
<status status="PASS" starttime="20190612 12:30:38.905" endtime="20190612 12:30:38.905"></status>
</kw>
<status status="PASS" starttime="20190612 12:30:38.905" endtime="20190612 12:30:38.905"></status>
</kw>
<kw name="${msg} = {'eventType': 'START', 'processId': '78145036', 'sourceApplication': 'Orchestration', 'operationName': 'BRIDGING_JOB', 'timestamp': 1558019689247, 'paramsMap': {'processInstanceId': '78145036', 'bridg..." type="foritem">
<kw name="Set Variable If" library="BuiltIn">
<doc>Sets variable based on the given condition.</doc>
<arguments>
<arg>"${msg['operationName']}"=="ExecuteMidasSelection"</arg>
<arg>${msg}</arg>
<arg>${runMidasMessage}</arg>
</arguments>
<assign>
<var>${runMidasMessage}</var>
</assign>
<msg timestamp="20190612 12:30:38.905" level="INFO">${runMidasMessage} = {'eventType': 'START', 'processId': 'script-process-id', 'sourceApplication': 'Midas', 'operationName': 'ExecuteMidasSelection', 'timestamp': 1557843064781, 'paramsMap': {'month': '3', 'year': '2019',...</msg>
<status status="PASS" starttime="20190612 12:30:38.905" endtime="20190612 12:30:38.906"></status>
</kw>
<status status="PASS" starttime="20190612 12:30:38.905" endtime="20190612 12:30:38.906"></status>
</kw>
<kw name="${msg} = {'eventType': 'START', 'processId': '78145036', 'sourceApplication': 'Orchestration', 'operationName': 'migration', 'timestamp': 1558019706484, 'paramsMap': {'processInstanceId': '78145036', 'retryCou..." type="foritem">
<kw name="Set Variable If" library="BuiltIn">
<doc>Sets variable based on the given condition.</doc>
<arguments>
<arg>"${msg['operationName']}"=="ExecuteMidasSelection"</arg>
<arg>${msg}</arg>
<arg>${runMidasMessage}</arg>
</arguments>
<assign>
<var>${runMidasMessage}</var>
</assign>
<msg timestamp="20190612 12:30:38.906" level="INFO">${runMidasMessage} = {'eventType': 'START', 'processId': 'script-process-id', 'sourceApplication': 'Midas', 'operationName': 'ExecuteMidasSelection', 'timestamp': 1557843064781, 'paramsMap': {'month': '3', 'year': '2019',...</msg>
<status status="PASS" starttime="20190612 12:30:38.906" endtime="20190612 12:30:38.906"></status>
</kw>
<status status="PASS" starttime="20190612 12:30:38.906" endtime="20190612 12:30:38.906"></status>
</kw>
<kw name="${msg} = {'eventType': 'START', 'processId': '78145011', 'sourceApplication': 'Orchestration', 'operationName': 'START_RDA_REF_CONSUMPTION', 'timestamp': 1558019707228, 'paramsMap': {'processInstanceId': '7814..." type="foritem">
<kw name="Set Variable If" library="BuiltIn">
<doc>Sets variable based on the given condition.</doc>
<arguments>
<arg>"${msg['operationName']}"=="ExecuteMidasSelection"</arg>
<arg>${msg}</arg>
<arg>${runMidasMessage}</arg>
</arguments>
<assign>
<var>${runMidasMessage}</var>
</assign>
<msg timestamp="20190612 12:30:38.906" level="INFO">${runMidasMessage} = {'eventType': 'START', 'processId': 'script-process-id', 'sourceApplication': 'Midas', 'operationName': 'ExecuteMidasSelection', 'timestamp': 1557843064781, 'paramsMap': {'month': '3', 'year': '2019',...</msg>
<status status="PASS" starttime="20190612 12:30:38.906" endtime="20190612 12:30:38.907"></status>
</kw>
<status status="PASS" starttime="20190612 12:30:38.906" endtime="20190612 12:30:38.907"></status>
</kw>
<kw name="${msg} = {'eventType': 'START', 'processId': '78145011', 'sourceApplication': 'Orchestration', 'operationName': 'BSNR_CHECK', 'timestamp': 1558019827400, 'paramsMap': {'supplierName': 'PDGI', 'processInstanceI..." type="foritem">
<kw name="Set Variable If" library="BuiltIn">
<doc>Sets variable based on the given condition.</doc>
<arguments>
<arg>"${msg['operationName']}"=="ExecuteMidasSelection"</arg>
<arg>${msg}</arg>
<arg>${runMidasMessage}</arg>
</arguments>
<assign>
<var>${runMidasMessage}</var>
</assign>
<msg timestamp="20190612 12:30:38.907" level="INFO">${runMidasMessage} = {'eventType': 'START', 'processId': 'script-process-id', 'sourceApplication': 'Midas', 'operationName': 'ExecuteMidasSelection', 'timestamp': 1557843064781, 'paramsMap': {'month': '3', 'year': '2019',...</msg>
<status status="PASS" starttime="20190612 12:30:38.907" endtime="20190612 12:30:38.907"></status>
</kw>
<status status="PASS" starttime="20190612 12:30:38.907" endtime="20190612 12:30:38.907"></status>
</kw>
<kw name="${msg} = {'eventType': 'START', 'processId': '78167581', 'sourceApplication': 'Orchestration', 'operationName': 'START_RDA_REF_CONSUMPTION', 'timestamp': 1558081363418, 'paramsMap': {'processInstanceId': '7816..." type="foritem">
<kw name="Set Variable If" library="BuiltIn">
<doc>Sets variable based on the given condition.</doc>
<arguments>
<arg>"${msg['operationName']}"=="ExecuteMidasSelection"</arg>
<arg>${msg}</arg>
<arg>${runMidasMessage}</arg>
</arguments>
<assign>
<var>${runMidasMessage}</var>
</assign>
<msg timestamp="20190612 12:30:38.907" level="INFO">${runMidasMessage} = {'eventType': 'START', 'processId': 'script-process-id', 'sourceApplication': 'Midas', 'operationName': 'ExecuteMidasSelection', 'timestamp': 1557843064781, 'paramsMap': {'month': '3', 'year': '2019',...</msg>
<status status="PASS" starttime="20190612 12:30:38.907" endtime="20190612 12:30:38.907"></status>
</kw>
<status status="PASS" starttime="20190612 12:30:38.907" endtime="20190612 12:30:38.907"></status>
</kw>
<kw name="${msg} = {'eventType': 'START', 'processId': '78167581', 'sourceApplication': 'Orchestration', 'operationName': 'BSNR_CHECK', 'timestamp': 1558081483950, 'paramsMap': {'supplierName': 'PDGI', 'processInstanceI..." type="foritem">
<kw name="Set Variable If" library="BuiltIn">
<doc>Sets variable based on the given condition.</doc>
<arguments>
<arg>"${msg['operationName']}"=="ExecuteMidasSelection"</arg>
<arg>${msg}</arg>
<arg>${runMidasMessage}</arg>
</arguments>
<assign>
<var>${runMidasMessage}</var>
</assign>
<msg timestamp="20190612 12:30:38.908" level="INFO">${runMidasMessage} = {'eventType': 'START', 'processId': 'script-process-id', 'sourceApplication': 'Midas', 'operationName': 'ExecuteMidasSelection', 'timestamp': 1557843064781, 'paramsMap': {'month': '3', 'year': '2019',...</msg>
<status status="PASS" starttime="20190612 12:30:38.908" endtime="20190612 12:30:38.908"></status>
</kw>
<status status="PASS" starttime="20190612 12:30:38.908" endtime="20190612 12:30:38.908"></status>
</kw>
<kw name="${msg} = {'eventType': 'START', 'processId': '78167581', 'sourceApplication': 'Orchestration', 'operationName': 'MOVING_FILES_BSNR', 'timestamp': 1558081484347, 'paramsMap': {'processInstanceId': '78167581', '..." type="foritem">
<kw name="Set Variable If" library="BuiltIn">
<doc>Sets variable based on the given condition.</doc>
<arguments>
<arg>"${msg['operationName']}"=="ExecuteMidasSelection"</arg>
<arg>${msg}</arg>
<arg>${runMidasMessage}</arg>
</arguments>
<assign>
<var>${runMidasMessage}</var>
</assign>
<msg timestamp="20190612 12:30:38.908" level="INFO">${runMidasMessage} = {'eventType': 'START', 'processId': 'script-process-id', 'sourceApplication': 'Midas', 'operationName': 'ExecuteMidasSelection', 'timestamp': 1557843064781, 'paramsMap': {'month': '3', 'year': '2019',...</msg>
<status status="PASS" starttime="20190612 12:30:38.908" endtime="20190612 12:30:38.908"></status>
</kw>
<status status="PASS" starttime="20190612 12:30:38.908" endtime="20190612 12:30:38.908"></status>
</kw>
<kw name="${msg} = {'eventType': 'START', 'processId': '78167581', 'sourceApplication': 'Orchestration', 'operationName': 'PARSER_JOB', 'timestamp': 1558081484640, 'paramsMap': {'supplierName': 'PDGI', 'processInstanceI..." type="foritem">
<kw name="Set Variable If" library="BuiltIn">
<doc>Sets variable based on the given condition.</doc>
<arguments>
<arg>"${msg['operationName']}"=="ExecuteMidasSelection"</arg>
<arg>${msg}</arg>
<arg>${runMidasMessage}</arg>
</arguments>
<assign>
<var>${runMidasMessage}</var>
</assign>
<msg timestamp="20190612 12:30:38.909" level="INFO">${runMidasMessage} = {'eventType': 'START', 'processId': 'script-process-id', 'sourceApplication': 'Midas', 'operationName': 'ExecuteMidasSelection', 'timestamp': 1557843064781, 'paramsMap': {'month': '3', 'year': '2019',...</msg>
<status status="PASS" starttime="20190612 12:30:38.909" endtime="20190612 12:30:38.909"></status>
</kw>
<status status="PASS" starttime="20190612 12:30:38.909" endtime="20190612 12:30:38.909"></status>
</kw>
<kw name="${msg} = {'eventType': 'START', 'processId': '78167581', 'sourceApplication': 'Orchestration', 'operationName': 'INFORMATICA_WORKFLOW', 'timestamp': 1558081486392, 'paramsMap': {'supplierName': 'PDGI', 'proces..." type="foritem">
<kw name="Set Variable If" library="BuiltIn">
<doc>Sets variable based on the given condition.</doc>
<arguments>
<arg>"${msg['operationName']}"=="ExecuteMidasSelection"</arg>
<arg>${msg}</arg>
<arg>${runMidasMessage}</arg>
</arguments>
<assign>
<var>${runMidasMessage}</var>
</assign>
<msg timestamp="20190612 12:30:38.909" level="INFO">${runMidasMessage} = {'eventType': 'START', 'processId': 'script-process-id', 'sourceApplication': 'Midas', 'operationName': 'ExecuteMidasSelection', 'timestamp': 1557843064781, 'paramsMap': {'month': '3', 'year': '2019',...</msg>
<status status="PASS" starttime="20190612 12:30:38.909" endtime="20190612 12:30:38.909"></status>
</kw>
<status status="PASS" starttime="20190612 12:30:38.909" endtime="20190612 12:30:38.910"></status>
</kw>
<kw name="${msg} = {'eventType': 'START', 'processId': '78167581', 'sourceApplication': 'Orchestration', 'operationName': 'BRIDGING_JOB', 'timestamp': 1558081663045, 'paramsMap': {'processInstanceId': '78167581', 'bridg..." type="foritem">
<kw name="Set Variable If" library="BuiltIn">
<doc>Sets variable based on the given condition.</doc>
<arguments>
<arg>"${msg['operationName']}"=="ExecuteMidasSelection"</arg>
<arg>${msg}</arg>
<arg>${runMidasMessage}</arg>
</arguments>
<assign>
<var>${runMidasMessage}</var>
</assign>
<msg timestamp="20190612 12:30:38.910" level="INFO">${runMidasMessage} = {'eventType': 'START', 'processId': 'script-process-id', 'sourceApplication': 'Midas', 'operationName': 'ExecuteMidasSelection', 'timestamp': 1557843064781, 'paramsMap': {'month': '3', 'year': '2019',...</msg>
<status status="PASS" starttime="20190612 12:30:38.910" endtime="20190612 12:30:38.910"></status>
</kw>
<status status="PASS" starttime="20190612 12:30:38.910" endtime="20190612 12:30:38.910"></status>
</kw>
<kw name="${msg} = {'eventType': 'START', 'processId': '78167581', 'sourceApplication': 'Orchestration', 'operationName': 'migration', 'timestamp': 1558081682298, 'paramsMap': {'processInstanceId': '78167581', 'retryCou..." type="foritem">
<kw name="Set Variable If" library="BuiltIn">
<doc>Sets variable based on the given condition.</doc>
<arguments>
<arg>"${msg['operationName']}"=="ExecuteMidasSelection"</arg>
<arg>${msg}</arg>
<arg>${runMidasMessage}</arg>
</arguments>
<assign>
<var>${runMidasMessage}</var>
</assign>
<msg timestamp="20190612 12:30:38.911" level="INFO">${runMidasMessage} = {'eventType': 'START', 'processId': 'script-process-id', 'sourceApplication': 'Midas', 'operationName': 'ExecuteMidasSelection', 'timestamp': 1557843064781, 'paramsMap': {'month': '3', 'year': '2019',...</msg>
<status status="PASS" starttime="20190612 12:30:38.910" endtime="20190612 12:30:38.911"></status>
</kw>
<status status="PASS" starttime="20190612 12:30:38.910" endtime="20190612 12:30:38.911"></status>
</kw>
<kw name="${msg} = {'eventType': 'START', 'processId': '78167617', 'sourceApplication': 'Orchestration', 'operationName': 'START_RDA_REF_CONSUMPTION', 'timestamp': 1558081682720, 'paramsMap': {'processInstanceId': '7816..." type="foritem">
<kw name="Set Variable If" library="BuiltIn">
<doc>Sets variable based on the given condition.</doc>
<arguments>
<arg>"${msg['operationName']}"=="ExecuteMidasSelection"</arg>
<arg>${msg}</arg>
<arg>${runMidasMessage}</arg>
</arguments>
<assign>
<var>${runMidasMessage}</var>
</assign>
<msg timestamp="20190612 12:30:38.911" level="INFO">${runMidasMessage} = {'eventType': 'START', 'processId': 'script-process-id', 'sourceApplication': 'Midas', 'operationName': 'ExecuteMidasSelection', 'timestamp': 1557843064781, 'paramsMap': {'month': '3', 'year': '2019',...</msg>
<status status="PASS" starttime="20190612 12:30:38.911" endtime="20190612 12:30:38.912"></status>
</kw>
<status status="PASS" starttime="20190612 12:30:38.911" endtime="20190612 12:30:38.912"></status>
</kw>
<kw name="${msg} = {'eventType': 'START', 'processId': '78167617', 'sourceApplication': 'Orchestration', 'operationName': 'BSNR_CHECK', 'timestamp': 1558081803228, 'paramsMap': {'supplierName': 'PDGI', 'processInstanceI..." type="foritem">
<kw name="Set Variable If" library="BuiltIn">
<doc>Sets variable based on the given condition.</doc>
<arguments>
<arg>"${msg['operationName']}"=="ExecuteMidasSelection"</arg>
<arg>${msg}</arg>
<arg>${runMidasMessage}</arg>
</arguments>
<assign>
<var>${runMidasMessage}</var>
</assign>
<msg timestamp="20190612 12:30:38.912" level="INFO">${runMidasMessage} = {'eventType': 'START', 'processId': 'script-process-id', 'sourceApplication': 'Midas', 'operationName': 'ExecuteMidasSelection', 'timestamp': 1557843064781, 'paramsMap': {'month': '3', 'year': '2019',...</msg>
<status status="PASS" starttime="20190612 12:30:38.912" endtime="20190612 12:30:38.912"></status>
</kw>
<status status="PASS" starttime="20190612 12:30:38.912" endtime="20190612 12:30:38.912"></status>
</kw>
<kw name="${msg} = {'eventType': 'START', 'processId': '78167617', 'sourceApplication': 'Orchestration', 'operationName': 'MOVING_FILES_BSNR', 'timestamp': 1558081803932, 'paramsMap': {'processInstanceId': '78167617', '..." type="foritem">
<kw name="Set Variable If" library="BuiltIn">
<doc>Sets variable based on the given condition.</doc>
<arguments>
<arg>"${msg['operationName']}"=="ExecuteMidasSelection"</arg>
<arg>${msg}</arg>
<arg>${runMidasMessage}</arg>
</arguments>
<assign>
<var>${runMidasMessage}</var>
</assign>
<msg timestamp="20190612 12:30:38.913" level="INFO">${runMidasMessage} = {'eventType': 'START', 'processId': 'script-process-id', 'sourceApplication': 'Midas', 'operationName': 'ExecuteMidasSelection', 'timestamp': 1557843064781, 'paramsMap': {'month': '3', 'year': '2019',...</msg>
<status status="PASS" starttime="20190612 12:30:38.912" endtime="20190612 12:30:38.913"></status>
</kw>
<status status="PASS" starttime="20190612 12:30:38.912" endtime="20190612 12:30:38.913"></status>
</kw>
<kw name="${msg} = {'eventType': 'START', 'processId': '78167617', 'sourceApplication': 'Orchestration', 'operationName': 'PARSER_JOB', 'timestamp': 1558081804956, 'paramsMap': {'supplierName': 'PDGI', 'processInstanceI..." type="foritem">
<kw name="Set Variable If" library="BuiltIn">
<doc>Sets variable based on the given condition.</doc>
<arguments>
<arg>"${msg['operationName']}"=="ExecuteMidasSelection"</arg>
<arg>${msg}</arg>
<arg>${runMidasMessage}</arg>
</arguments>
<assign>
<var>${runMidasMessage}</var>
</assign>
<msg timestamp="20190612 12:30:38.913" level="INFO">${runMidasMessage} = {'eventType': 'START', 'processId': 'script-process-id', 'sourceApplication': 'Midas', 'operationName': 'ExecuteMidasSelection', 'timestamp': 1557843064781, 'paramsMap': {'month': '3', 'year': '2019',...</msg>
<status status="PASS" starttime="20190612 12:30:38.913" endtime="20190612 12:30:38.913"></status>
</kw>
<status status="PASS" starttime="20190612 12:30:38.913" endtime="20190612 12:30:38.913"></status>
</kw>
<kw name="${msg} = {'eventType': 'START', 'processId': '78167617', 'sourceApplication': 'Orchestration', 'operationName': 'INFORMATICA_WORKFLOW', 'timestamp': 1558081806885, 'paramsMap': {'supplierName': 'PDGI', 'proces..." type="foritem">
<kw name="Set Variable If" library="BuiltIn">
<doc>Sets variable based on the given condition.</doc>
<arguments>
<arg>"${msg['operationName']}"=="ExecuteMidasSelection"</arg>
<arg>${msg}</arg>
<arg>${runMidasMessage}</arg>
</arguments>
<assign>
<var>${runMidasMessage}</var>
</assign>
<msg timestamp="20190612 12:30:38.914" level="INFO">${runMidasMessage} = {'eventType': 'START', 'processId': 'script-process-id', 'sourceApplication': 'Midas', 'operationName': 'ExecuteMidasSelection', 'timestamp': 1557843064781, 'paramsMap': {'month': '3', 'year': '2019',...</msg>
<status status="PASS" starttime="20190612 12:30:38.913" endtime="20190612 12:30:38.914"></status>
</kw>
<status status="PASS" starttime="20190612 12:30:38.913" endtime="20190612 12:30:38.914"></status>
</kw>
<kw name="${msg} = {'eventType': 'START', 'processId': '78167617', 'sourceApplication': 'Orchestration', 'operationName': 'BRIDGING_JOB', 'timestamp': 1558081995307, 'paramsMap': {'processInstanceId': '78167617', 'bridg..." type="foritem">
<kw name="Set Variable If" library="BuiltIn">
<doc>Sets variable based on the given condition.</doc>
<arguments>
<arg>"${msg['operationName']}"=="ExecuteMidasSelection"</arg>
<arg>${msg}</arg>
<arg>${runMidasMessage}</arg>
</arguments>
<assign>
<var>${runMidasMessage}</var>
</assign>
<msg timestamp="20190612 12:30:38.914" level="INFO">${runMidasMessage} = {'eventType': 'START', 'processId': 'script-process-id', 'sourceApplication': 'Midas', 'operationName': 'ExecuteMidasSelection', 'timestamp': 1557843064781, 'paramsMap': {'month': '3', 'year': '2019',...</msg>
<status status="PASS" starttime="20190612 12:30:38.914" endtime="20190612 12:30:38.914"></status>
</kw>
<status status="PASS" starttime="20190612 12:30:38.914" endtime="20190612 12:30:38.914"></status>
</kw>
<kw name="${msg} = {'eventType': 'START', 'processId': '78167617', 'sourceApplication': 'Orchestration', 'operationName': 'migration', 'timestamp': 1558082002634, 'paramsMap': {'processInstanceId': '78167617', 'retryCou..." type="foritem">
<kw name="Set Variable If" library="BuiltIn">
<doc>Sets variable based on the given condition.</doc>
<arguments>
<arg>"${msg['operationName']}"=="ExecuteMidasSelection"</arg>
<arg>${msg}</arg>
<arg>${runMidasMessage}</arg>
</arguments>
<assign>
<var>${runMidasMessage}</var>
</assign>
<msg timestamp="20190612 12:30:38.915" level="INFO">${runMidasMessage} = {'eventType': 'START', 'processId': 'script-process-id', 'sourceApplication': 'Midas', 'operationName': 'ExecuteMidasSelection', 'timestamp': 1557843064781, 'paramsMap': {'month': '3', 'year': '2019',...</msg>
<status status="PASS" starttime="20190612 12:30:38.914" endtime="20190612 12:30:38.915"></status>
</kw>
<status status="PASS" starttime="20190612 12:30:38.914" endtime="20190612 12:30:38.915"></status>
</kw>
<kw name="${msg} = {'eventType': 'START', 'processId': '78167643', 'sourceApplication': 'Orchestration', 'operationName': 'START_RDA_REF_CONSUMPTION', 'timestamp': 1558082002889, 'paramsMap': {'processInstanceId': '7816..." type="foritem">
<kw name="Set Variable If" library="BuiltIn">
<doc>Sets variable based on the given condition.</doc>
<arguments>
<arg>"${msg['operationName']}"=="ExecuteMidasSelection"</arg>
<arg>${msg}</arg>
<arg>${runMidasMessage}</arg>
</arguments>
<assign>
<var>${runMidasMessage}</var>
</assign>
<msg timestamp="20190612 12:30:38.915" level="INFO">${runMidasMessage} = {'eventType': 'START', 'processId': 'script-process-id', 'sourceApplication': 'Midas', 'operationName': 'ExecuteMidasSelection', 'timestamp': 1557843064781, 'paramsMap': {'month': '3', 'year': '2019',...</msg>
<status status="PASS" starttime="20190612 12:30:38.915" endtime="20190612 12:30:38.915"></status>
</kw>
<status status="PASS" starttime="20190612 12:30:38.915" endtime="20190612 12:30:38.915"></status>
</kw>
<kw name="${msg} = {'eventType': 'START', 'processId': '78167643', 'sourceApplication': 'Orchestration', 'operationName': 'BSNR_CHECK', 'timestamp': 1558082123283, 'paramsMap': {'supplierName': 'PDGI', 'processInstanceI..." type="foritem">
<kw name="Set Variable If" library="BuiltIn">
<doc>Sets variable based on the given condition.</doc>
<arguments>
<arg>"${msg['operationName']}"=="ExecuteMidasSelection"</arg>
<arg>${msg}</arg>
<arg>${runMidasMessage}</arg>
</arguments>
<assign>
<var>${runMidasMessage}</var>
</assign>
<msg timestamp="20190612 12:30:38.916" level="INFO">${runMidasMessage} = {'eventType': 'START', 'processId': 'script-process-id', 'sourceApplication': 'Midas', 'operationName': 'ExecuteMidasSelection', 'timestamp': 1557843064781, 'paramsMap': {'month': '3', 'year': '2019',...</msg>
<status status="PASS" starttime="20190612 12:30:38.916" endtime="20190612 12:30:38.916"></status>
</kw>
<status status="PASS" starttime="20190612 12:30:38.915" endtime="20190612 12:30:38.916"></status>
</kw>
<kw name="${msg} = {'eventType': 'START', 'processId': '78167643', 'sourceApplication': 'Orchestration', 'operationName': 'MOVING_FILES_BSNR', 'timestamp': 1558082123887, 'paramsMap': {'processInstanceId': '78167643', '..." type="foritem">
<kw name="Set Variable If" library="BuiltIn">
<doc>Sets variable based on the given condition.</doc>
<arguments>
<arg>"${msg['operationName']}"=="ExecuteMidasSelection"</arg>
<arg>${msg}</arg>
<arg>${runMidasMessage}</arg>
</arguments>
<assign>
<var>${runMidasMessage}</var>
</assign>
<msg timestamp="20190612 12:30:38.916" level="INFO">${runMidasMessage} = {'eventType': 'START', 'processId': 'script-process-id', 'sourceApplication': 'Midas', 'operationName': 'ExecuteMidasSelection', 'timestamp': 1557843064781, 'paramsMap': {'month': '3', 'year': '2019',...</msg>
<status status="PASS" starttime="20190612 12:30:38.916" endtime="20190612 12:30:38.916"></status>
</kw>
<status status="PASS" starttime="20190612 12:30:38.916" endtime="20190612 12:30:38.916"></status>
</kw>
<kw name="${msg} = {'eventType': 'START', 'processId': '78167643', 'sourceApplication': 'Orchestration', 'operationName': 'PARSER_JOB', 'timestamp': 1558082125237, 'paramsMap': {'supplierName': 'PDGI', 'processInstanceI..." type="foritem">
<kw name="Set Variable If" library="BuiltIn">
<doc>Sets variable based on the given condition.</doc>
<arguments>
<arg>"${msg['operationName']}"=="ExecuteMidasSelection"</arg>
<arg>${msg}</arg>
<arg>${runMidasMessage}</arg>
</arguments>
<assign>
<var>${runMidasMessage}</var>
</assign>
<msg timestamp="20190612 12:30:38.917" level="INFO">${runMidasMessage} = {'eventType': 'START', 'processId': 'script-process-id', 'sourceApplication': 'Midas', 'operationName': 'ExecuteMidasSelection', 'timestamp': 1557843064781, 'paramsMap': {'month': '3', 'year': '2019',...</msg>
<status status="PASS" starttime="20190612 12:30:38.917" endtime="20190612 12:30:38.917"></status>
</kw>
<status status="PASS" starttime="20190612 12:30:38.916" endtime="20190612 12:30:38.917"></status>
</kw>
<kw name="${msg} = {'eventType': 'START', 'processId': '78167643', 'sourceApplication': 'Orchestration', 'operationName': 'INFORMATICA_WORKFLOW', 'timestamp': 1558082127921, 'paramsMap': {'supplierName': 'PDGI', 'proces..." type="foritem">
<kw name="Set Variable If" library="BuiltIn">
<doc>Sets variable based on the given condition.</doc>
<arguments>
<arg>"${msg['operationName']}"=="ExecuteMidasSelection"</arg>
<arg>${msg}</arg>
<arg>${runMidasMessage}</arg>
</arguments>
<assign>
<var>${runMidasMessage}</var>
</assign>
<msg timestamp="20190612 12:30:38.918" level="INFO">${runMidasMessage} = {'eventType': 'START', 'processId': 'script-process-id', 'sourceApplication': 'Midas', 'operationName': 'ExecuteMidasSelection', 'timestamp': 1557843064781, 'paramsMap': {'month': '3', 'year': '2019',...</msg>
<status status="PASS" starttime="20190612 12:30:38.917" endtime="20190612 12:30:38.918"></status>
</kw>
<status status="PASS" starttime="20190612 12:30:38.917" endtime="20190612 12:30:38.918"></status>
</kw>
<kw name="${msg} = {'eventType': 'START', 'processId': '78167643', 'sourceApplication': 'Orchestration', 'operationName': 'BRIDGING_JOB', 'timestamp': 1558082301348, 'paramsMap': {'processInstanceId': '78167643', 'bridg..." type="foritem">
<kw name="Set Variable If" library="BuiltIn">
<doc>Sets variable based on the given condition.</doc>
<arguments>
<arg>"${msg['operationName']}"=="ExecuteMidasSelection"</arg>
<arg>${msg}</arg>
<arg>${runMidasMessage}</arg>
</arguments>
<assign>
<var>${runMidasMessage}</var>
</assign>
[...]
<kw name="Set Variable If" library="BuiltIn">
<doc>Sets variable based on the given condition.</doc>
<arguments>
<arg>"${msg['operationName']}"=="ExecuteMidasSelection"</arg>
<arg>${msg}</arg>
<arg>${runMidasMessage}</arg>
</arguments>
<assign>
<var>${runMidasMessage}</var>
</assign>
<msg timestamp="20190612 12:30:39.133" level="INFO">${runMidasMessage} = {'eventType': 'FAILED', 'processId': '845504522222222', 'sourceApplication': 'Midas', 'operationName': 'ExecuteMidasSelection', 'timestamp': 1560261075945, 'paramsMap': {'processInstanceId': '8455045'...</msg>
<status status="PASS" starttime="20190612 12:30:39.132" endtime="20190612 12:30:39.133"></status>
</kw>
<status status="PASS" starttime="20190612 12:30:39.132" endtime="20190612 12:30:39.133"></status>
</kw>
<kw name="${msg} = {'eventType': 'START', 'processId': '79101679', 'sourceApplication': 'Orchestration', 'operationName': 'PARSER_JOB', 'timestamp': 1560270496193, 'paramsMap': {'supplierName': 'PDGI', 'processInstanceI..." type="foritem">
<kw name="Set Variable If" library="BuiltIn">
<doc>Sets variable based on the given condition.</doc>
<arguments>
<arg>"${msg['operationName']}"=="ExecuteMidasSelection"</arg>
<arg>${msg}</arg>
<arg>${runMidasMessage}</arg>
</arguments>
<assign>
<var>${runMidasMessage}</var>
</assign>
<msg timestamp="20190612 12:30:39.133" level="INFO">${runMidasMessage} = {'eventType': 'FAILED', 'processId': '845504522222222', 'sourceApplication': 'Midas', 'operationName': 'ExecuteMidasSelection', 'timestamp': 1560261075945, 'paramsMap': {'processInstanceId': '8455045'...</msg>
<status status="PASS" starttime="20190612 12:30:39.133" endtime="20190612 12:30:39.133"></status>
</kw>
<status status="PASS" starttime="20190612 12:30:39.133" endtime="20190612 12:30:39.133"></status>
</kw>
<kw name="${msg} = {'eventType': 'START', 'processId': '79101679', 'sourceApplication': 'Orchestration', 'operationName': 'INFORMATICA_WORKFLOW', 'timestamp': 1560270497733, 'paramsMap': {'supplierName': 'PDGI', 'proces..." type="foritem">
<kw name="Set Variable If" library="BuiltIn">
<doc>Sets variable based on the given condition.</doc>
<arguments>
<arg>"${msg['operationName']}"=="ExecuteMidasSelection"</arg>
<arg>${msg}</arg>
<arg>${runMidasMessage}</arg>
</arguments>
<assign>
<var>${runMidasMessage}</var>
</assign>
<msg timestamp="20190612 12:30:39.134" level="INFO">${runMidasMessage} = {'eventType': 'FAILED', 'processId': '845504522222222', 'sourceApplication': 'Midas', 'operationName': 'ExecuteMidasSelection', 'timestamp': 1560261075945, 'paramsMap': {'processInstanceId': '8455045'...</msg>
<status status="PASS" starttime="20190612 12:30:39.134" endtime="20190612 12:30:39.134"></status>
</kw>
<status status="PASS" starttime="20190612 12:30:39.133" endtime="20190612 12:30:39.134"></status>
</kw>
<kw name="${msg} = {'eventType': 'START', 'processId': '79101679', 'sourceApplication': 'Orchestration', 'operationName': 'BRIDGING_JOB', 'timestamp': 1560270674529, 'paramsMap': {'processInstanceId': '79101679', 'bridg..." type="foritem">
<kw name="Set Variable If" library="BuiltIn">
<doc>Sets variable based on the given condition.</doc>
<arguments>
<arg>"${msg['operationName']}"=="ExecuteMidasSelection"</arg>
<arg>${msg}</arg>
<arg>${runMidasMessage}</arg>
</arguments>
<assign>
<var>${runMidasMessage}</var>
</assign>
<msg timestamp="20190612 12:30:39.135" level="INFO">${runMidasMessage} = {'eventType': 'FAILED', 'processId': '845504522222222', 'sourceApplication': 'Midas', 'operationName': 'ExecuteMidasSelection', 'timestamp': 1560261075945, 'paramsMap': {'processInstanceId': '8455045'...</msg>
<status status="PASS" starttime="20190612 12:30:39.134" endtime="20190612 12:30:39.135"></status>
</kw>
<status status="PASS" starttime="20190612 12:30:39.134" endtime="20190612 12:30:39.135"></status>
</kw>
<kw name="${msg} = {'eventType': 'START', 'processId': '79101679', 'sourceApplication': 'Orchestration', 'operationName': 'migration', 'timestamp': 1560270678736, 'paramsMap': {'processInstanceId': '79101679', 'retryCou..." type="foritem">
<kw name="Set Variable If" library="BuiltIn">
<doc>Sets variable based on the given condition.</doc>
<arguments>
<arg>"${msg['operationName']}"=="ExecuteMidasSelection"</arg>
<arg>${msg}</arg>
<arg>${runMidasMessage}</arg>
</arguments>
<assign>
<var>${runMidasMessage}</var>
</assign>
<msg timestamp="20190612 12:30:39.135" level="INFO">${runMidasMessage} = {'eventType': 'FAILED', 'processId': '845504522222222', 'sourceApplication': 'Midas', 'operationName': 'ExecuteMidasSelection', 'timestamp': 1560261075945, 'paramsMap': {'processInstanceId': '8455045'...</msg>
<status status="PASS" starttime="20190612 12:30:39.135" endtime="20190612 12:30:39.135"></status>
</kw>
<status status="PASS" starttime="20190612 12:30:39.135" endtime="20190612 12:30:39.135"></status>
</kw>
<kw name="${msg} = {'eventType': 'START', 'processId': '79102816', 'sourceApplication': 'Orchestration', 'operationName': 'START_RDA_REF_CONSUMPTION', 'timestamp': 1560331846995, 'paramsMap': {'processInstanceId': '7910..." type="foritem">
<kw name="Set Variable If" library="BuiltIn">
<doc>Sets variable based on the given condition.</doc>
<arguments>
<arg>"${msg['operationName']}"=="ExecuteMidasSelection"</arg>
<arg>${msg}</arg>
<arg>${runMidasMessage}</arg>
</arguments>
<assign>
<var>${runMidasMessage}</var>
</assign>
<msg timestamp="20190612 12:30:39.135" level="INFO">${runMidasMessage} = {'eventType': 'FAILED', 'processId': '845504522222222', 'sourceApplication': 'Midas', 'operationName': 'ExecuteMidasSelection', 'timestamp': 1560261075945, 'paramsMap': {'processInstanceId': '8455045'...</msg>
<status status="PASS" starttime="20190612 12:30:39.135" endtime="20190612 12:30:39.136"></status>
</kw>
<status status="PASS" starttime="20190612 12:30:39.135" endtime="20190612 12:30:39.136"></status>
</kw>
<kw name="${msg} = {'eventType': 'START', 'processId': '79102816', 'sourceApplication': 'Orchestration', 'operationName': 'BSNR_CHECK', 'timestamp': 1560331970700, 'paramsMap': {'supplierName': 'PDGI', 'processInstanceI..." type="foritem">
<kw name="Set Variable If" library="BuiltIn">
<doc>Sets variable based on the given condition.</doc>
<arguments>
<arg>"${msg['operationName']}"=="ExecuteMidasSelection"</arg>
<arg>${msg}</arg>
<arg>${runMidasMessage}</arg>
</arguments>
<assign>
<var>${runMidasMessage}</var>
</assign>
<msg timestamp="20190612 12:30:39.136" level="INFO">${runMidasMessage} = {'eventType': 'FAILED', 'processId': '845504522222222', 'sourceApplication': 'Midas', 'operationName': 'ExecuteMidasSelection', 'timestamp': 1560261075945, 'paramsMap': {'processInstanceId': '8455045'...</msg>
<status status="PASS" starttime="20190612 12:30:39.136" endtime="20190612 12:30:39.136"></status>
</kw>
<status status="PASS" starttime="20190612 12:30:39.136" endtime="20190612 12:30:39.136"></status>
</kw>
<kw name="${msg} = {'eventType': 'START', 'processId': '79102816', 'sourceApplication': 'Orchestration', 'operationName': 'MOVING_FILES_BSNR', 'timestamp': 1560331971814, 'paramsMap': {'processInstanceId': '79102816', '..." type="foritem">
<kw name="Set Variable If" library="BuiltIn">
<doc>Sets variable based on the given condition.</doc>
<arguments>
<arg>"${msg['operationName']}"=="ExecuteMidasSelection"</arg>
<arg>${msg}</arg>
<arg>${runMidasMessage}</arg>
</arguments>
<assign>
<var>${runMidasMessage}</var>
</assign>
<msg timestamp="20190612 12:30:39.137" level="INFO">${runMidasMessage} = {'eventType': 'FAILED', 'processId': '845504522222222', 'sourceApplication': 'Midas', 'operationName': 'ExecuteMidasSelection', 'timestamp': 1560261075945, 'paramsMap': {'processInstanceId': '8455045'...</msg>
<status status="PASS" starttime="20190612 12:30:39.136" endtime="20190612 12:30:39.137"></status>
</kw>
<status status="PASS" starttime="20190612 12:30:39.136" endtime="20190612 12:30:39.137"></status>
</kw>
<kw name="${msg} = {'eventType': 'START', 'processId': '79102816', 'sourceApplication': 'Orchestration', 'operationName': 'PARSER_JOB', 'timestamp': 1560331972788, 'paramsMap': {'supplierName': 'PDGI', 'processInstanceI..." type="foritem">
<kw name="Set Variable If" library="BuiltIn">
<doc>Sets variable based on the given condition.</doc>
<arguments>
<arg>"${msg['operationName']}"=="ExecuteMidasSelection"</arg>
<arg>${msg}</arg>
<arg>${runMidasMessage}</arg>
</arguments>
<assign>
<var>${runMidasMessage}</var>
</assign>
<msg timestamp="20190612 12:30:39.137" level="INFO">${runMidasMessage} = {'eventType': 'FAILED', 'processId': '845504522222222', 'sourceApplication': 'Midas', 'operationName': 'ExecuteMidasSelection', 'timestamp': 1560261075945, 'paramsMap': {'processInstanceId': '8455045'...</msg>
<status status="PASS" starttime="20190612 12:30:39.137" endtime="20190612 12:30:39.137"></status>
</kw>
<status status="PASS" starttime="20190612 12:30:39.137" endtime="20190612 12:30:39.137"></status>
</kw>
<kw name="${msg} = {'eventType': 'START', 'processId': '79102816', 'sourceApplication': 'Orchestration', 'operationName': 'INFORMATICA_WORKFLOW', 'timestamp': 1560331982950, 'paramsMap': {'supplierName': 'PDGI', 'proces..." type="foritem">
<kw name="Set Variable If" library="BuiltIn">
<doc>Sets variable based on the given condition.</doc>
<arguments>
<arg>"${msg['operationName']}"=="ExecuteMidasSelection"</arg>
<arg>${msg}</arg>
<arg>${runMidasMessage}</arg>
</arguments>
<assign>
<var>${runMidasMessage}</var>
</assign>
<msg timestamp="20190612 12:30:39.138" level="INFO">${runMidasMessage} = {'eventType': 'FAILED', 'processId': '845504522222222', 'sourceApplication': 'Midas', 'operationName': 'ExecuteMidasSelection', 'timestamp': 1560261075945, 'paramsMap': {'processInstanceId': '8455045'...</msg>
<status status="PASS" starttime="20190612 12:30:39.137" endtime="20190612 12:30:39.138"></status>
</kw>
<status status="PASS" starttime="20190612 12:30:39.137" endtime="20190612 12:30:39.138"></status>
</kw>
<kw name="${msg} = {'eventType': 'START', 'processId': '79102816', 'sourceApplication': 'Orchestration', 'operationName': 'BRIDGING_JOB', 'timestamp': 1560332218327, 'paramsMap': {'processInstanceId': '79102816', 'bridg..." type="foritem">
<kw name="Set Variable If" library="BuiltIn">
<doc>Sets variable based on the given condition.</doc>
<arguments>
<arg>"${msg['operationName']}"=="ExecuteMidasSelection"</arg>
<arg>${msg}</arg>
<arg>${runMidasMessage}</arg>
</arguments>
<assign>
<var>${runMidasMessage}</var>
</assign>
<msg timestamp="20190612 12:30:39.138" level="INFO">${runMidasMessage} = {'eventType': 'FAILED', 'processId': '845504522222222', 'sourceApplication': 'Midas', 'operationName': 'ExecuteMidasSelection', 'timestamp': 1560261075945, 'paramsMap': {'processInstanceId': '8455045'...</msg>
<status status="PASS" starttime="20190612 12:30:39.138" endtime="20190612 12:30:39.138"></status>
</kw>
<status status="PASS" starttime="20190612 12:30:39.138" endtime="20190612 12:30:39.138"></status>
</kw>
<kw name="${msg} = {'eventType': 'START', 'processId': '79102816', 'sourceApplication': 'Orchestration', 'operationName': 'migration', 'timestamp': 1560332243442, 'paramsMap': {'processInstanceId': '79102816', 'retryCou..." type="foritem">
<kw name="Set Variable If" library="BuiltIn">
<doc>Sets variable based on the given condition.</doc>
<arguments>
<arg>"${msg['operationName']}"=="ExecuteMidasSelection"</arg>
<arg>${msg}</arg>
<arg>${runMidasMessage}</arg>
</arguments>
<assign>
<var>${runMidasMessage}</var>
</assign>
<msg timestamp="20190612 12:30:39.138" level="INFO">${runMidasMessage} = {'eventType': 'FAILED', 'processId': '845504522222222', 'sourceApplication': 'Midas', 'operationName': 'ExecuteMidasSelection', 'timestamp': 1560261075945, 'paramsMap': {'processInstanceId': '8455045'...</msg>
<status status="PASS" starttime="20190612 12:30:39.138" endtime="20190612 12:30:39.139"></status>
</kw>
<status status="PASS" starttime="20190612 12:30:39.138" endtime="20190612 12:30:39.139"></status>
</kw>
<kw name="${msg} = {'eventType': 'START', 'processId': '79103304', 'sourceApplication': 'Orchestration', 'operationName': 'START_RDA_REF_CONSUMPTION', 'timestamp': 1560334578727, 'paramsMap': {'processInstanceId': '7910..." type="foritem">
<kw name="Set Variable If" library="BuiltIn">
<doc>Sets variable based on the given condition.</doc>
<arguments>
<arg>"${msg['operationName']}"=="ExecuteMidasSelection"</arg>
<arg>${msg}</arg>
<arg>${runMidasMessage}</arg>
</arguments>
<assign>
<var>${runMidasMessage}</var>
</assign>
<msg timestamp="20190612 12:30:39.139" level="INFO">${runMidasMessage} = {'eventType': 'FAILED', 'processId': '845504522222222', 'sourceApplication': 'Midas', 'operationName': 'ExecuteMidasSelection', 'timestamp': 1560261075945, 'paramsMap': {'processInstanceId': '8455045'...</msg>
<status status="PASS" starttime="20190612 12:30:39.139" endtime="20190612 12:30:39.139"></status>
</kw>
<status status="PASS" starttime="20190612 12:30:39.139" endtime="20190612 12:30:39.139"></status>
</kw>
<kw name="${msg} = {'eventType': 'START', 'processId': '79103304', 'sourceApplication': 'Orchestration', 'operationName': 'BSNR_CHECK', 'timestamp': 1560334699006, 'paramsMap': {'supplierName': 'PDGI', 'processInstanceI..." type="foritem">
<kw name="Set Variable If" library="BuiltIn">
<doc>Sets variable based on the given condition.</doc>
<arguments>
<arg>"${msg['operationName']}"=="ExecuteMidasSelection"</arg>
<arg>${msg}</arg>
<arg>${runMidasMessage}</arg>
</arguments>
<assign>
<var>${runMidasMessage}</var>
</assign>
<msg timestamp="20190612 12:30:39.139" level="INFO">${runMidasMessage} = {'eventType': 'FAILED', 'processId': '845504522222222', 'sourceApplication': 'Midas', 'operationName': 'ExecuteMidasSelection', 'timestamp': 1560261075945, 'paramsMap': {'processInstanceId': '8455045'...</msg>
<status status="PASS" starttime="20190612 12:30:39.139" endtime="20190612 12:30:39.139"></status>
</kw>
<status status="PASS" starttime="20190612 12:30:39.139" endtime="20190612 12:30:39.139"></status>
</kw>
<kw name="${msg} = {'eventType': 'START', 'processId': '79103304', 'sourceApplication': 'Orchestration', 'operationName': 'MOVING_FILES_BSNR', 'timestamp': 1560334699537, 'paramsMap': {'processInstanceId': '79103304', '..." type="foritem">
<kw name="Set Variable If" library="BuiltIn">
<doc>Sets variable based on the given condition.</doc>
<arguments>
<arg>"${msg['operationName']}"=="ExecuteMidasSelection"</arg>
<arg>${msg}</arg>
<arg>${runMidasMessage}</arg>
</arguments>
<assign>
<var>${runMidasMessage}</var>
</assign>
<msg timestamp="20190612 12:30:39.140" level="INFO">${runMidasMessage} = {'eventType': 'FAILED', 'processId': '845504522222222', 'sourceApplication': 'Midas', 'operationName': 'ExecuteMidasSelection', 'timestamp': 1560261075945, 'paramsMap': {'processInstanceId': '8455045'...</msg>
<status status="PASS" starttime="20190612 12:30:39.140" endtime="20190612 12:30:39.140"></status>
</kw>
<status status="PASS" starttime="20190612 12:30:39.140" endtime="20190612 12:30:39.140"></status>
</kw>
<kw name="${msg} = {'eventType': 'START', 'processId': '79103304', 'sourceApplication': 'Orchestration', 'operationName': 'PARSER_JOB', 'timestamp': 1560334700441, 'paramsMap': {'supplierName': 'PDGI', 'processInstanceI..." type="foritem">
<kw name="Set Variable If" library="BuiltIn">
<doc>Sets variable based on the given condition.</doc>
<arguments>
<arg>"${msg['operationName']}"=="ExecuteMidasSelection"</arg>
<arg>${msg}</arg>
<arg>${runMidasMessage}</arg>
</arguments>
<assign>
<var>${runMidasMessage}</var>
</assign>
<msg timestamp="20190612 12:30:39.140" level="INFO">${runMidasMessage} = {'eventType': 'FAILED', 'processId': '845504522222222', 'sourceApplication': 'Midas', 'operationName': 'ExecuteMidasSelection', 'timestamp': 1560261075945, 'paramsMap': {'processInstanceId': '8455045'...</msg>
<status status="PASS" starttime="20190612 12:30:39.140" endtime="20190612 12:30:39.140"></status>
</kw>
<status status="PASS" starttime="20190612 12:30:39.140" endtime="20190612 12:30:39.140"></status>
</kw>
<kw name="${msg} = {'eventType': 'START', 'processId': '79103304', 'sourceApplication': 'Orchestration', 'operationName': 'INFORMATICA_WORKFLOW', 'timestamp': 1560334702097, 'paramsMap': {'supplierName': 'PDGI', 'proces..." type="foritem">
<kw name="Set Variable If" library="BuiltIn">
<doc>Sets variable based on the given condition.</doc>
<arguments>
<arg>"${msg['operationName']}"=="ExecuteMidasSelection"</arg>
<arg>${msg}</arg>
<arg>${runMidasMessage}</arg>
</arguments>
<assign>
<var>${runMidasMessage}</var>
</assign>
<msg timestamp="20190612 12:30:39.141" level="INFO">${runMidasMessage} = {'eventType': 'FAILED', 'processId': '845504522222222', 'sourceApplication': 'Midas', 'operationName': 'ExecuteMidasSelection', 'timestamp': 1560261075945, 'paramsMap': {'processInstanceId': '8455045'...</msg>
<status status="PASS" starttime="20190612 12:30:39.141" endtime="20190612 12:30:39.141"></status>
</kw>
<status status="PASS" starttime="20190612 12:30:39.141" endtime="20190612 12:30:39.141"></status>
</kw>
<kw name="${msg} = {'eventType': 'START', 'processId': '79103304', 'sourceApplication': 'Orchestration', 'operationName': 'BRIDGING_JOB', 'timestamp': 1560334876950, 'paramsMap': {'processInstanceId': '79103304', 'bridg..." type="foritem">
<kw name="Set Variable If" library="BuiltIn">
<doc>Sets variable based on the given condition.</doc>
<arguments>
<arg>"${msg['operationName']}"=="ExecuteMidasSelection"</arg>
<arg>${msg}</arg>
<arg>${runMidasMessage}</arg>
</arguments>
<assign>
<var>${runMidasMessage}</var>
</assign>
<msg timestamp="20190612 12:30:39.141" level="INFO">${runMidasMessage} = {'eventType': 'FAILED', 'processId': '845504522222222', 'sourceApplication': 'Midas', 'operationName': 'ExecuteMidasSelection', 'timestamp': 1560261075945, 'paramsMap': {'processInstanceId': '8455045'...</msg>
<status status="PASS" starttime="20190612 12:30:39.141" endtime="20190612 12:30:39.141"></status>
</kw>
<status status="PASS" starttime="20190612 12:30:39.141" endtime="20190612 12:30:39.141"></status>
</kw>
<kw name="${msg} = {'eventType': 'START', 'processId': '79103304', 'sourceApplication': 'Orchestration', 'operationName': 'migration', 'timestamp': 1560334883771, 'paramsMap': {'processInstanceId': '79103304', 'retryCou..." type="foritem">
<kw name="Set Variable If" library="BuiltIn">
<doc>Sets variable based on the given condition.</doc>
<arguments>
<arg>"${msg['operationName']}"=="ExecuteMidasSelection"</arg>
<arg>${msg}</arg>
<arg>${runMidasMessage}</arg>
</arguments>
<assign>
<var>${runMidasMessage}</var>
</assign>
<msg timestamp="20190612 12:30:39.142" level="INFO">${runMidasMessage} = {'eventType': 'FAILED', 'processId': '845504522222222', 'sourceApplication': 'Midas', 'operationName': 'ExecuteMidasSelection', 'timestamp': 1560261075945, 'paramsMap': {'processInstanceId': '8455045'...</msg>
<status status="PASS" starttime="20190612 12:30:39.142" endtime="20190612 12:30:39.142"></status>
</kw>
<status status="PASS" starttime="20190612 12:30:39.142" endtime="20190612 12:30:39.142"></status>
</kw>
<status status="PASS" starttime="20190612 12:30:38.875" endtime="20190612 12:30:39.142"></status>
</kw>
<kw name="Log To Console" library="BuiltIn">
<doc>Logs the given message to the console.</doc>
<arguments>
<arg>message:${runMidasMessage}</arg>
</arguments>
<status status="PASS" starttime="20190612 12:30:39.142" endtime="20190612 12:30:39.142"></status>
</kw>
<status status="PASS" starttime="20190612 12:30:28.386" endtime="20190612 12:30:39.143" critical="yes"></status>
</test>
<status status="PASS" starttime="20190612 12:30:28.288" endtime="20190612 12:30:39.143"></status>
</suite>
<statistics>
<total>
<stat pass="1" fail="0">Critical Tests</stat>
<stat pass="1" fail="0">All Tests</stat>
</total>
<tag>
</tag>
<suite>
<stat pass="1" fail="0" id="s1" name="Test">Test</stat>
</suite>
</statistics>
<errors>
</errors>
</robot>
