<?xml version="1.0" encoding="UTF-8"?>
<robot generator="Robot 3.1.2 (Python 3.7.0 on darwin)" generated="20190612 12:27:34.197" rpa="false">
<suite id="s1" name="Test" source="/Users/pkowalski/repo/rdf-midas/tests/midas/resources/test.robot">
<test id="s1-t1" name="Receive message from kafka">
<kw name="Set Variable" library="BuiltIn">
<doc>Returns the given values which can then be assigned to a variables.</doc>
<arguments>
<arg>RDFOrchestrationEvent</arg>
</arguments>
<assign>
<var>${topic}</var>
</assign>
<msg timestamp="20190612 12:27:34.296" level="INFO">${topic} = RDFOrchestrationEvent</msg>
<status status="PASS" starttime="20190612 12:27:34.296" endtime="20190612 12:27:34.296"></status>
</kw>
<kw name="Get Latest Schema For Topic" library="SchemaRegistryLibrary">
<arguments>
<arg>${SCHEMA_URL}</arg>
<arg>${topic}</arg>
</arguments>
<assign>
<var>${schema}</var>
</assign>
<msg timestamp="20190612 12:27:34.480" level="INFO">${schema} = {"type":"record","name":"RdfOrchestrationEvent","namespace":"com.iqvia.rdf.orchestration","fields":[{"name":"eventType","type":{"type":"enum","name":"EventType","symbols":["START","COMPLETED","COMPLET...</msg>
<status status="PASS" starttime="20190612 12:27:34.297" endtime="20190612 12:27:34.480"></status>
</kw>
<kw name="Log To Console" library="BuiltIn">
<doc>Logs the given message to the console.</doc>
<arguments>
<arg>${schema}</arg>
</arguments>
<status status="PASS" starttime="20190612 12:27:34.480" endtime="20190612 12:27:34.481"></status>
</kw>
<kw name="Get Decoded Messages From Topic" library="SchemaRegistryLibrary">
<arguments>
<arg>schemaRegistryUrl=${SCHEMA_URL}</arg>
<arg>topic=${topic}</arg>
<arg>bootstrap_servers=${KafkaUrl}</arg>
<arg>group_id="Robots"</arg>
<arg>enable_auto_commit=False</arg>
</arguments>
<assign>
<var>@{messages}</var>
</assign>
<msg timestamp="20190612 12:27:34.482" level="INFO">&lt;BrokerConnection node_id=bootstrap-0 host=10.86.128.74:8010 &lt;connecting&gt; [IPv4 ('10.86.128.74', 8010)]&gt;: connecting to 10.86.128.74:8010 [('10.86.128.74', 8010) IPv4]</msg>
<msg timestamp="20190612 12:27:34.483" level="INFO">Probing node bootstrap-0 broker version</msg>
<msg timestamp="20190612 12:27:34.567" level="INFO">&lt;BrokerConnection node_id=bootstrap-0 host=10.86.128.74:8010 &lt;connecting&gt; [IPv4 ('10.86.128.74', 8010)]&gt;: Connection complete.</msg>
<msg timestamp="20190612 12:27:35.180" level="INFO">Broker version identifed as 1.0.0</msg>
<msg timestamp="20190612 12:27:35.180" level="INFO">Set configuration api_version=(1, 0, 0) to skip auto check_version requests on startup</msg>
<msg timestamp="20190612 12:27:35.181" level="INFO">Updating subscribed topics to: ('RDFOrchestrationEvent',)</msg>
<msg timestamp="20190612 12:27:35.262" level="INFO">Group coordinator for "Robots" is BrokerMetadata(nodeId=1, host='iishopfkafka01.emea.cegedim.grp', port=8010, rack=None)</msg>
<msg timestamp="20190612 12:27:35.262" level="INFO">Discovered coordinator 1 for group "Robots"</msg>
<msg timestamp="20190612 12:27:35.262" level="INFO">Starting new heartbeat thread</msg>
<msg timestamp="20190612 12:27:35.263" level="INFO">Revoking previously assigned partitions set() for group "Robots"</msg>
<msg timestamp="20190612 12:27:35.264" level="INFO">&lt;BrokerConnection node_id=1 host=iishopfkafka01.emea.cegedim.grp:8010 &lt;connecting&gt; [IPv4 ('10.86.128.74', 8010)]&gt;: connecting to iishopfkafka01.emea.cegedim.grp:8010 [('10.86.128.74', 8010) IPv4]</msg>
<msg timestamp="20190612 12:27:35.370" level="INFO">&lt;BrokerConnection node_id=1 host=iishopfkafka01.emea.cegedim.grp:8010 &lt;connecting&gt; [IPv4 ('10.86.128.74', 8010)]&gt;: Connection complete.</msg>
<msg timestamp="20190612 12:27:35.370" level="INFO">&lt;BrokerConnection node_id=bootstrap-0 host=10.86.128.74:8010 &lt;connected&gt; [IPv4 ('10.86.128.74', 8010)]&gt;: Closing connection. </msg>
<msg timestamp="20190612 12:27:35.474" level="INFO">(Re-)joining group "Robots"</msg>
<msg timestamp="20190612 12:27:38.709" level="INFO">Elected group leader -- performing partition assignments using range</msg>
<msg timestamp="20190612 12:27:38.792" level="INFO">Successfully joined group "Robots" with generation 12</msg>
<msg timestamp="20190612 12:27:38.793" level="INFO">Updated partition assignment: [TopicPartition(topic='RDFOrchestrationEvent', partition=0)]</msg>
<msg timestamp="20190612 12:27:38.793" level="INFO">Setting newly assigned partitions {TopicPartition(topic='RDFOrchestrationEvent', partition=0)} for group "Robots"</msg>
<msg timestamp="20190612 12:27:45.009" level="INFO">Stopping heartbeat thread</msg>
<msg timestamp="20190612 12:27:45.119" level="INFO">@{messages} = [ {'eventType': 'START', 'processId': 'script-process-id', 'sourceApplication': 'Midas', 'operationName': 'ExecuteMidasSelection', 'timestamp': 1557841163952, 'paramsMap': {'month': '12', 'orangeExpor...</msg>
<status status="PASS" starttime="20190612 12:27:34.481" endtime="20190612 12:27:45.119"></status>
</kw>
<kw name="${msg} IN [ @{messages} ]" type="for">
<kw name="${msg} = {'eventType': 'START', 'processId': 'script-process-id', 'sourceApplication': 'Midas', 'operationName': 'ExecuteMidasSelection', 'timestamp': 1557841163952, 'paramsMap': {'month': '12', 'orangeExportB..." type="foritem">
<kw name="Set Variable If" library="BuiltIn">
<doc>Sets variable based on the given condition.</doc>
<arguments>
<arg>"${msg['operationName']}"=="ExecuteMidasSelection"</arg>
<arg>${msg}</arg>
<arg>${runMidasMessage}</arg>
</arguments>
<assign>
<var>${runMidasMessage}</var>
</assign>
<msg timestamp="20190612 12:27:45.120" level="INFO">${runMidasMessage} = {'eventType': 'START', 'processId': 'script-process-id', 'sourceApplication': 'Midas', 'operationName': 'ExecuteMidasSelection', 'timestamp': 1557841163952, 'paramsMap': {'month': '12', 'orangeExportB...</msg>
<status status="PASS" starttime="20190612 12:27:45.120" endtime="20190612 12:27:45.120"></status>
</kw>
<status status="PASS" starttime="20190612 12:27:45.120" endtime="20190612 12:27:45.120"></status>
</kw>
<kw name="${msg} = {'eventType': 'FAILED', 'processId': 'script-process-id', 'sourceApplication': 'Midas', 'operationName': 'ExecuteMidasSelection', 'timestamp': 1557841165008, 'paramsMap': {'month': '12', 'orangeExport..." type="foritem">
<kw name="Set Variable If" library="BuiltIn">
<doc>Sets variable based on the given condition.</doc>
<arguments>
<arg>"${msg['operationName']}"=="ExecuteMidasSelection"</arg>
<arg>${msg}</arg>
<arg>${runMidasMessage}</arg>
</arguments>
<assign>
<var>${runMidasMessage}</var>
</assign>
<msg timestamp="20190612 12:27:45.121" level="INFO">${runMidasMessage} = {'eventType': 'FAILED', 'processId': 'script-process-id', 'sourceApplication': 'Midas', 'operationName': 'ExecuteMidasSelection', 'timestamp': 1557841165008, 'paramsMap': {'month': '12', 'orangeExport...</msg>
<status status="PASS" starttime="20190612 12:27:45.121" endtime="20190612 12:27:45.121"></status>
</kw>
<status status="PASS" starttime="20190612 12:27:45.120" endtime="20190612 12:27:45.121"></status>
</kw>
<kw name="${msg} = {'eventType': 'START', 'processId': 'script-process-id', 'sourceApplication': 'Midas', 'operationName': 'ExecuteMidasSelection', 'timestamp': 1557841255876, 'paramsMap': {'month': '12', 'year': '2018'..." type="foritem">
<kw name="Set Variable If" library="BuiltIn">
<doc>Sets variable based on the given condition.</doc>
<arguments>
<arg>"${msg['operationName']}"=="ExecuteMidasSelection"</arg>
<arg>${msg}</arg>
<arg>${runMidasMessage}</arg>
</arguments>
<assign>
<var>${runMidasMessage}</var>
</assign>
<msg timestamp="20190612 12:27:45.122" level="INFO">${runMidasMessage} = {'eventType': 'START', 'processId': 'script-process-id', 'sourceApplication': 'Midas', 'operationName': 'ExecuteMidasSelection', 'timestamp': 1557841255876, 'paramsMap': {'month': '12', 'year': '2018'...</msg>
<status status="PASS" starttime="20190612 12:27:45.121" endtime="20190612 12:27:45.122"></status>
</kw>
<status status="PASS" starttime="20190612 12:27:45.121" endtime="20190612 12:27:45.122"></status>
</kw>
<kw name="${msg} = {'eventType': 'FAILED', 'processId': 'script-process-id', 'sourceApplication': 'Midas', 'operationName': 'ExecuteMidasSelection', 'timestamp': 1557841257076, 'paramsMap': {'sbpdsExportBundleId': '-1',..." type="foritem">
<kw name="Set Variable If" library="BuiltIn">
<doc>Sets variable based on the given condition.</doc>
<arguments>
<arg>"${msg['operationName']}"=="ExecuteMidasSelection"</arg>
<arg>${msg}</arg>
<arg>${runMidasMessage}</arg>
</arguments>
<assign>
<var>${runMidasMessage}</var>
</assign>
<msg timestamp="20190612 12:27:45.123" level="INFO">${runMidasMessage} = {'eventType': 'FAILED', 'processId': 'script-process-id', 'sourceApplication': 'Midas', 'operationName': 'ExecuteMidasSelection', 'timestamp': 1557841257076, 'paramsMap': {'sbpdsExportBundleId': '-1',...</msg>
<status status="PASS" starttime="20190612 12:27:45.122" endtime="20190612 12:27:45.123"></status>
</kw>
<status status="PASS" starttime="20190612 12:27:45.122" endtime="20190612 12:27:45.123"></status>
</kw>
<kw name="${msg} = {'eventType': 'START', 'processId': 'script-process-id', 'sourceApplication': 'Midas', 'operationName': 'ExecuteMidasSelection', 'timestamp': 1557841501961, 'paramsMap': {'month': '11', 'year': '2018'..." type="foritem">
<kw name="Set Variable If" library="BuiltIn">
<doc>Sets variable based on the given condition.</doc>
<arguments>
<arg>"${msg['operationName']}"=="ExecuteMidasSelection"</arg>
<arg>${msg}</arg>
<arg>${runMidasMessage}</arg>
</arguments>
<assign>
<var>${runMidasMessage}</var>
</assign>
<msg timestamp="20190612 12:27:45.124" level="INFO">${runMidasMessage} = {'eventType': 'START', 'processId': 'script-process-id', 'sourceApplication': 'Midas', 'operationName': 'ExecuteMidasSelection', 'timestamp': 1557841501961, 'paramsMap': {'month': '11', 'year': '2018'...</msg>
<status status="PASS" starttime="20190612 12:27:45.124" endtime="20190612 12:27:45.124"></status>
</kw>
<status status="PASS" starttime="20190612 12:27:45.123" endtime="20190612 12:27:45.124"></status>
</kw>
<kw name="${msg} = {'eventType': 'COMPLETED', 'processId': 'script-process-id', 'sourceApplication': 'Midas', 'operationName': 'ExecuteMidasSelection', 'timestamp': 1557841506024, 'paramsMap': {'sbpdsExportBundleId': '-..." type="foritem">
<kw name="Set Variable If" library="BuiltIn">
<doc>Sets variable based on the given condition.</doc>
<arguments>
<arg>"${msg['operationName']}"=="ExecuteMidasSelection"</arg>
<arg>${msg}</arg>
<arg>${runMidasMessage}</arg>
</arguments>
<assign>
<var>${runMidasMessage}</var>
</assign>
<msg timestamp="20190612 12:27:45.125" level="INFO">${runMidasMessage} = {'eventType': 'COMPLETED', 'processId': 'script-process-id', 'sourceApplication': 'Midas', 'operationName': 'ExecuteMidasSelection', 'timestamp': 1557841506024, 'paramsMap': {'sbpdsExportBundleId': '-...</msg>
<status status="PASS" starttime="20190612 12:27:45.124" endtime="20190612 12:27:45.125"></status>
</kw>
<status status="PASS" starttime="20190612 12:27:45.124" endtime="20190612 12:27:45.125"></status>
</kw>
<kw name="${msg} = {'eventType': 'START', 'processId': 'script-process-id', 'sourceApplication': 'Midas', 'operationName': 'ExecuteMidasSelection', 'timestamp': 1557841728144, 'paramsMap': {'month': '11', 'year': '2018'..." type="foritem">
<kw name="Set Variable If" library="BuiltIn">
<doc>Sets variable based on the given condition.</doc>
<arguments>
<arg>"${msg['operationName']}"=="ExecuteMidasSelection"</arg>
<arg>${msg}</arg>
<arg>${runMidasMessage}</arg>
</arguments>
<assign>
<var>${runMidasMessage}</var>
</assign>
<msg timestamp="20190612 12:27:45.125" level="INFO">${runMidasMessage} = {'eventType': 'START', 'processId': 'script-process-id', 'sourceApplication': 'Midas', 'operationName': 'ExecuteMidasSelection', 'timestamp': 1557841728144, 'paramsMap': {'month': '11', 'year': '2018'...</msg>
<status status="PASS" starttime="20190612 12:27:45.125" endtime="20190612 12:27:45.126"></status>
</kw>
<status status="PASS" starttime="20190612 12:27:45.125" endtime="20190612 12:27:45.126"></status>
</kw>
<kw name="${msg} = {'eventType': 'START', 'processId': 'script-process-id', 'sourceApplication': 'Midas', 'operationName': 'ExecuteMidasSelection', 'timestamp': 1557842675206, 'paramsMap': {'month': '12', 'year': '2017'..." type="foritem">
<kw name="Set Variable If" library="BuiltIn">
<doc>Sets variable based on the given condition.</doc>
<arguments>
<arg>"${msg['operationName']}"=="ExecuteMidasSelection"</arg>
<arg>${msg}</arg>
<arg>${runMidasMessage}</arg>
</arguments>
<assign>
<var>${runMidasMessage}</var>
</assign>
<msg timestamp="20190612 12:27:45.126" level="INFO">${runMidasMessage} = {'eventType': 'START', 'processId': 'script-process-id', 'sourceApplication': 'Midas', 'operationName': 'ExecuteMidasSelection', 'timestamp': 1557842675206, 'paramsMap': {'month': '12', 'year': '2017'...</msg>
<status status="PASS" starttime="20190612 12:27:45.126" endtime="20190612 12:27:45.126"></status>
</kw>
<status status="PASS" starttime="20190612 12:27:45.126" endtime="20190612 12:27:45.126"></status>
</kw>
<kw name="${msg} = {'eventType': 'START', 'processId': 'script-process-id', 'sourceApplication': 'Midas', 'operationName': 'ExecuteMidasSelection', 'timestamp': 1557842729051, 'paramsMap': {'month': '1', 'year': '2018',..." type="foritem">
<kw name="Set Variable If" library="BuiltIn">
<doc>Sets variable based on the given condition.</doc>
<arguments>
<arg>"${msg['operationName']}"=="ExecuteMidasSelection"</arg>
<arg>${msg}</arg>
<arg>${runMidasMessage}</arg>
</arguments>
<assign>
<var>${runMidasMessage}</var>
</assign>
<msg timestamp="20190612 12:27:45.127" level="INFO">${runMidasMessage} = {'eventType': 'START', 'processId': 'script-process-id', 'sourceApplication': 'Midas', 'operationName': 'ExecuteMidasSelection', 'timestamp': 1557842729051, 'paramsMap': {'month': '1', 'year': '2018',...</msg>
<status status="PASS" starttime="20190612 12:27:45.126" endtime="20190612 12:27:45.127"></status>
</kw>
<status status="PASS" starttime="20190612 12:27:45.126" endtime="20190612 12:27:45.127"></status>
</kw>
<kw name="${msg} = {'eventType': 'START', 'processId': 'script-process-id', 'sourceApplication': 'Midas', 'operationName': 'ExecuteMidasSelection', 'timestamp': 1557842768717, 'paramsMap': {'month': '2', 'year': '2018',..." type="foritem">
<kw name="Set Variable If" library="BuiltIn">
<doc>Sets variable based on the given condition.</doc>
<arguments>
<arg>"${msg['operationName']}"=="ExecuteMidasSelection"</arg>
<arg>${msg}</arg>
<arg>${runMidasMessage}</arg>
</arguments>
<assign>
<var>${runMidasMessage}</var>
</assign>
<msg timestamp="20190612 12:27:45.127" level="INFO">${runMidasMessage} = {'eventType': 'START', 'processId': 'script-process-id', 'sourceApplication': 'Midas', 'operationName': 'ExecuteMidasSelection', 'timestamp': 1557842768717, 'paramsMap': {'month': '2', 'year': '2018',...</msg>
<status status="PASS" starttime="20190612 12:27:45.127" endtime="20190612 12:27:45.127"></status>
</kw>
<status status="PASS" starttime="20190612 12:27:45.127" endtime="20190612 12:27:45.127"></status>
</kw>
<kw name="${msg} = {'eventType': 'START', 'processId': 'script-process-id', 'sourceApplication': 'Midas', 'operationName': 'ExecuteMidasSelection', 'timestamp': 1557842783952, 'paramsMap': {'month': '3', 'year': '2018',..." type="foritem">
<kw name="Set Variable If" library="BuiltIn">
<doc>Sets variable based on the given condition.</doc>
<arguments>
<arg>"${msg['operationName']}"=="ExecuteMidasSelection"</arg>
<arg>${msg}</arg>
<arg>${runMidasMessage}</arg>
</arguments>
<assign>
<var>${runMidasMessage}</var>
</assign>
<msg timestamp="20190612 12:27:45.128" level="INFO">${runMidasMessage} = {'eventType': 'START', 'processId': 'script-process-id', 'sourceApplication': 'Midas', 'operationName': 'ExecuteMidasSelection', 'timestamp': 1557842783952, 'paramsMap': {'month': '3', 'year': '2018',...</msg>
<status status="PASS" starttime="20190612 12:27:45.127" endtime="20190612 12:27:45.128"></status>
</kw>
<status status="PASS" starttime="20190612 12:27:45.127" endtime="20190612 12:27:45.128"></status>
</kw>
<kw name="${msg} = {'eventType': 'START', 'processId': 'script-process-id', 'sourceApplication': 'Midas', 'operationName': 'ExecuteMidasSelection', 'timestamp': 1557842802335, 'paramsMap': {'month': '4', 'year': '2018',..." type="foritem">
<kw name="Set Variable If" library="BuiltIn">
<doc>Sets variable based on the given condition.</doc>
<arguments>
<arg>"${msg['operationName']}"=="ExecuteMidasSelection"</arg>
<arg>${msg}</arg>
<arg>${runMidasMessage}</arg>
</arguments>
<assign>
<var>${runMidasMessage}</var>
</assign>
<msg timestamp="20190612 12:27:45.128" level="INFO">${runMidasMessage} = {'eventType': 'START', 'processId': 'script-process-id', 'sourceApplication': 'Midas', 'operationName': 'ExecuteMidasSelection', 'timestamp': 1557842802335, 'paramsMap': {'month': '4', 'year': '2018',...</msg>
<status status="PASS" starttime="20190612 12:27:45.128" endtime="20190612 12:27:45.128"></status>
</kw>
<status status="PASS" starttime="20190612 12:27:45.128" endtime="20190612 12:27:45.128"></status>
</kw>
<kw name="${msg} = {'eventType': 'START', 'processId': 'script-process-id', 'sourceApplication': 'Midas', 'operationName': 'ExecuteMidasSelection', 'timestamp': 1557842826912, 'paramsMap': {'month': '5', 'year': '2018',..." type="foritem">
<kw name="Set Variable If" library="BuiltIn">
<doc>Sets variable based on the given condition.</doc>
<arguments>
<arg>"${msg['operationName']}"=="ExecuteMidasSelection"</arg>
<arg>${msg}</arg>
<arg>${runMidasMessage}</arg>
</arguments>
<assign>
<var>${runMidasMessage}</var>
</assign>
<msg timestamp="20190612 12:27:45.129" level="INFO">${runMidasMessage} = {'eventType': 'START', 'processId': 'script-process-id', 'sourceApplication': 'Midas', 'operationName': 'ExecuteMidasSelection', 'timestamp': 1557842826912, 'paramsMap': {'month': '5', 'year': '2018',...</msg>
<status status="PASS" starttime="20190612 12:27:45.129" endtime="20190612 12:27:45.129"></status>
</kw>
<status status="PASS" starttime="20190612 12:27:45.128" endtime="20190612 12:27:45.129"></status>
</kw>
<kw name="${msg} = {'eventType': 'START', 'processId': 'script-process-id', 'sourceApplication': 'Midas', 'operationName': 'ExecuteMidasSelection', 'timestamp': 1557842843251, 'paramsMap': {'month': '6', 'year': '2018',..." type="foritem">
<kw name="Set Variable If" library="BuiltIn">
<doc>Sets variable based on the given condition.</doc>
<arguments>
<arg>"${msg['operationName']}"=="ExecuteMidasSelection"</arg>
<arg>${msg}</arg>
<arg>${runMidasMessage}</arg>
</arguments>
<assign>
<var>${runMidasMessage}</var>
</assign>
<msg timestamp="20190612 12:27:45.129" level="INFO">${runMidasMessage} = {'eventType': 'START', 'processId': 'script-process-id', 'sourceApplication': 'Midas', 'operationName': 'ExecuteMidasSelection', 'timestamp': 1557842843251, 'paramsMap': {'month': '6', 'year': '2018',...</msg>
<status status="PASS" starttime="20190612 12:27:45.129" endtime="20190612 12:27:45.129"></status>
</kw>
<status status="PASS" starttime="20190612 12:27:45.129" endtime="20190612 12:27:45.129"></status>
</kw>
<kw name="${msg} = {'eventType': 'START', 'processId': 'script-process-id', 'sourceApplication': 'Midas', 'operationName': 'ExecuteMidasSelection', 'timestamp': 1557842858686, 'paramsMap': {'month': '7', 'year': '2018',..." type="foritem">
<kw name="Set Variable If" library="BuiltIn">
<doc>Sets variable based on the given condition.</doc>
<arguments>
<arg>"${msg['operationName']}"=="ExecuteMidasSelection"</arg>
<arg>${msg}</arg>
<arg>${runMidasMessage}</arg>
</arguments>
<assign>
<var>${runMidasMessage}</var>
</assign>
<msg timestamp="20190612 12:27:45.130" level="INFO">${runMidasMessage} = {'eventType': 'START', 'processId': 'script-process-id', 'sourceApplication': 'Midas', 'operationName': 'ExecuteMidasSelection', 'timestamp': 1557842858686, 'paramsMap': {'month': '7', 'year': '2018',...</msg>
<status status="PASS" starttime="20190612 12:27:45.130" endtime="20190612 12:27:45.130"></status>
</kw>
<status status="PASS" starttime="20190612 12:27:45.130" endtime="20190612 12:27:45.130"></status>
</kw>
<kw name="${msg} = {'eventType': 'START', 'processId': 'script-process-id', 'sourceApplication': 'Midas', 'operationName': 'ExecuteMidasSelection', 'timestamp': 1557842875154, 'paramsMap': {'month': '8', 'year': '2018',..." type="foritem">
<kw name="Set Variable If" library="BuiltIn">
<doc>Sets variable based on the given condition.</doc>
<arguments>
<arg>"${msg['operationName']}"=="ExecuteMidasSelection"</arg>
<arg>${msg}</arg>
<arg>${runMidasMessage}</arg>
</arguments>
<assign>
<var>${runMidasMessage}</var>
</assign>
<msg timestamp="20190612 12:27:45.131" level="INFO">${runMidasMessage} = {'eventType': 'START', 'processId': 'script-process-id', 'sourceApplication': 'Midas', 'operationName': 'ExecuteMidasSelection', 'timestamp': 1557842875154, 'paramsMap': {'month': '8', 'year': '2018',...</msg>
<status status="PASS" starttime="20190612 12:27:45.130" endtime="20190612 12:27:45.131"></status>
</kw>
<status status="PASS" starttime="20190612 12:27:45.130" endtime="20190612 12:27:45.131"></status>
</kw>
<kw name="${msg} = {'eventType': 'START', 'processId': 'script-process-id', 'sourceApplication': 'Midas', 'operationName': 'ExecuteMidasSelection', 'timestamp': 1557842894074, 'paramsMap': {'month': '9', 'year': '2018',..." type="foritem">
<kw name="Set Variable If" library="BuiltIn">
<doc>Sets variable based on the given condition.</doc>
<arguments>
<arg>"${msg['operationName']}"=="ExecuteMidasSelection"</arg>
<arg>${msg}</arg>
<arg>${runMidasMessage}</arg>
</arguments>
<assign>
<var>${runMidasMessage}</var>
</assign>
<msg timestamp="20190612 12:27:45.131" level="INFO">${runMidasMessage} = {'eventType': 'START', 'processId': 'script-process-id', 'sourceApplication': 'Midas', 'operationName': 'ExecuteMidasSelection', 'timestamp': 1557842894074, 'paramsMap': {'month': '9', 'year': '2018',...</msg>
<status status="PASS" starttime="20190612 12:27:45.131" endtime="20190612 12:27:45.131"></status>
</kw>
<status status="PASS" starttime="20190612 12:27:45.131" endtime="20190612 12:27:45.131"></status>
</kw>
<kw name="${msg} = {'eventType': 'START', 'processId': 'script-process-id', 'sourceApplication': 'Midas', 'operationName': 'ExecuteMidasSelection', 'timestamp': 1557842914482, 'paramsMap': {'month': '10', 'year': '2018'..." type="foritem">
<kw name="Set Variable If" library="BuiltIn">
<doc>Sets variable based on the given condition.</doc>
<arguments>
<arg>"${msg['operationName']}"=="ExecuteMidasSelection"</arg>
<arg>${msg}</arg>
<arg>${runMidasMessage}</arg>
</arguments>
<assign>
<var>${runMidasMessage}</var>
</assign>
<msg timestamp="20190612 12:27:45.132" level="INFO">${runMidasMessage} = {'eventType': 'START', 'processId': 'script-process-id', 'sourceApplication': 'Midas', 'operationName': 'ExecuteMidasSelection', 'timestamp': 1557842914482, 'paramsMap': {'month': '10', 'year': '2018'...</msg>
<status status="PASS" starttime="20190612 12:27:45.131" endtime="20190612 12:27:45.132"></status>
</kw>
<status status="PASS" starttime="20190612 12:27:45.131" endtime="20190612 12:27:45.132"></status>
</kw>
<kw name="${msg} = {'eventType': 'START', 'processId': 'script-process-id', 'sourceApplication': 'Midas', 'operationName': 'ExecuteMidasSelection', 'timestamp': 1557842932539, 'paramsMap': {'month': '10', 'year': '2018'..." type="foritem">
<kw name="Set Variable If" library="BuiltIn">
<doc>Sets variable based on the given condition.</doc>
<arguments>
<arg>"${msg['operationName']}"=="ExecuteMidasSelection"</arg>
<arg>${msg}</arg>
<arg>${runMidasMessage}</arg>
</arguments>
<assign>
<var>${runMidasMessage}</var>
</assign>
<msg timestamp="20190612 12:27:45.132" level="INFO">${runMidasMessage} = {'eventType': 'START', 'processId': 'script-process-id', 'sourceApplication': 'Midas', 'operationName': 'ExecuteMidasSelection', 'timestamp': 1557842932539, 'paramsMap': {'month': '10', 'year': '2018'...</msg>
<status status="PASS" starttime="20190612 12:27:45.132" endtime="20190612 12:27:45.132"></status>
</kw>
<status status="PASS" starttime="20190612 12:27:45.132" endtime="20190612 12:27:45.132"></status>
</kw>
<kw name="${msg} = {'eventType': 'START', 'processId': 'script-process-id', 'sourceApplication': 'Midas', 'operationName': 'ExecuteMidasSelection', 'timestamp': 1557842951865, 'paramsMap': {'month': '11', 'year': '2018'..." type="foritem">
<kw name="Set Variable If" library="BuiltIn">
<doc>Sets variable based on the given condition.</doc>
<arguments>
<arg>"${msg['operationName']}"=="ExecuteMidasSelection"</arg>
<arg>${msg}</arg>
<arg>${runMidasMessage}</arg>
</arguments>
<assign>
<var>${runMidasMessage}</var>
</assign>
<msg timestamp="20190612 12:27:45.133" level="INFO">${runMidasMessage} = {'eventType': 'START', 'processId': 'script-process-id', 'sourceApplication': 'Midas', 'operationName': 'ExecuteMidasSelection', 'timestamp': 1557842951865, 'paramsMap': {'month': '11', 'year': '2018'...</msg>
<status status="PASS" starttime="20190612 12:27:45.132" endtime="20190612 12:27:45.133"></status>
</kw>
<status status="PASS" starttime="20190612 12:27:45.132" endtime="20190612 12:27:45.133"></status>
</kw>
<kw name="${msg} = {'eventType': 'NOT_READY', 'processId': 'script-process-id', 'sourceApplication': 'Midas', 'operationName': 'ExecuteMidasSelection', 'timestamp': 1557842953594, 'paramsMap': {'month': '11', 'year': '2..." type="foritem">
<kw name="Set Variable If" library="BuiltIn">
<doc>Sets variable based on the given condition.</doc>
<arguments>
<arg>"${msg['operationName']}"=="ExecuteMidasSelection"</arg>
<arg>${msg}</arg>
<arg>${runMidasMessage}</arg>
</arguments>
<assign>
<var>${runMidasMessage}</var>
</assign>
<msg timestamp="20190612 12:27:45.133" level="INFO">${runMidasMessage} = {'eventType': 'NOT_READY', 'processId': 'script-process-id', 'sourceApplication': 'Midas', 'operationName': 'ExecuteMidasSelection', 'timestamp': 1557842953594, 'paramsMap': {'month': '11', 'year': '2...</msg>
<status status="PASS" starttime="20190612 12:27:45.133" endtime="20190612 12:27:45.133"></status>
</kw>
<status status="PASS" starttime="20190612 12:27:45.133" endtime="20190612 12:27:45.134"></status>
</kw>
<kw name="${msg} = {'eventType': 'START', 'processId': 'script-process-id', 'sourceApplication': 'Midas', 'operationName': 'ExecuteMidasSelection', 'timestamp': 1557842977168, 'paramsMap': {'month': '11', 'year': '2018'..." type="foritem">
<kw name="Set Variable If" library="BuiltIn">
<doc>Sets variable based on the given condition.</doc>
<arguments>
<arg>"${msg['operationName']}"=="ExecuteMidasSelection"</arg>
<arg>${msg}</arg>
<arg>${runMidasMessage}</arg>
</arguments>
<assign>
<var>${runMidasMessage}</var>
</assign>
<msg timestamp="20190612 12:27:45.134" level="INFO">${runMidasMessage} = {'eventType': 'START', 'processId': 'script-process-id', 'sourceApplication': 'Midas', 'operationName': 'ExecuteMidasSelection', 'timestamp': 1557842977168, 'paramsMap': {'month': '11', 'year': '2018'...</msg>
<status status="PASS" starttime="20190612 12:27:45.134" endtime="20190612 12:27:45.134"></status>
</kw>
<status status="PASS" starttime="20190612 12:27:45.134" endtime="20190612 12:27:45.134"></status>
</kw>
<kw name="${msg} = {'eventType': 'START', 'processId': 'script-process-id', 'sourceApplication': 'Midas', 'operationName': 'ExecuteMidasSelection', 'timestamp': 1557843002323, 'paramsMap': {'month': '12', 'year': '2018'..." type="foritem">
<kw name="Set Variable If" library="BuiltIn">
<doc>Sets variable based on the given condition.</doc>
<arguments>
<arg>"${msg['operationName']}"=="ExecuteMidasSelection"</arg>
<arg>${msg}</arg>
<arg>${runMidasMessage}</arg>
</arguments>
<assign>
<var>${runMidasMessage}</var>
</assign>
<msg timestamp="20190612 12:27:45.134" level="INFO">${runMidasMessage} = {'eventType': 'START', 'processId': 'script-process-id', 'sourceApplication': 'Midas', 'operationName': 'ExecuteMidasSelection', 'timestamp': 1557843002323, 'paramsMap': {'month': '12', 'year': '2018'...</msg>
<status status="PASS" starttime="20190612 12:27:45.134" endtime="20190612 12:27:45.134"></status>
</kw>
<status status="PASS" starttime="20190612 12:27:45.134" endtime="20190612 12:27:45.135"></status>
</kw>
<kw name="${msg} = {'eventType': 'START', 'processId': 'script-process-id', 'sourceApplication': 'Midas', 'operationName': 'ExecuteMidasSelection', 'timestamp': 1557843029242, 'paramsMap': {'month': '1', 'year': '2019',..." type="foritem">
<kw name="Set Variable If" library="BuiltIn">
<doc>Sets variable based on the given condition.</doc>
<arguments>
<arg>"${msg['operationName']}"=="ExecuteMidasSelection"</arg>
<arg>${msg}</arg>
<arg>${runMidasMessage}</arg>
</arguments>
<assign>
<var>${runMidasMessage}</var>
</assign>
<msg timestamp="20190612 12:27:45.135" level="INFO">${runMidasMessage} = {'eventType': 'START', 'processId': 'script-process-id', 'sourceApplication': 'Midas', 'operationName': 'ExecuteMidasSelection', 'timestamp': 1557843029242, 'paramsMap': {'month': '1', 'year': '2019',...</msg>
<status status="PASS" starttime="20190612 12:27:45.135" endtime="20190612 12:27:45.135"></status>
</kw>
<status status="PASS" starttime="20190612 12:27:45.135" endtime="20190612 12:27:45.135"></status>
</kw>
<kw name="${msg} = {'eventType': 'START', 'processId': 'script-process-id', 'sourceApplication': 'Midas', 'operationName': 'ExecuteMidasSelection', 'timestamp': 1557843045995, 'paramsMap': {'month': '2', 'year': '2019',..." type="foritem">
<kw name="Set Variable If" library="BuiltIn">
<doc>Sets variable based on the given condition.</doc>
<arguments>
<arg>"${msg['operationName']}"=="ExecuteMidasSelection"</arg>
<arg>${msg}</arg>
<arg>${runMidasMessage}</arg>
</arguments>
<assign>
<var>${runMidasMessage}</var>
</assign>
<msg timestamp="20190612 12:27:45.135" level="INFO">${runMidasMessage} = {'eventType': 'START', 'processId': 'script-process-id', 'sourceApplication': 'Midas', 'operationName': 'ExecuteMidasSelection', 'timestamp': 1557843045995, 'paramsMap': {'month': '2', 'year': '2019',...</msg>
<status status="PASS" starttime="20190612 12:27:45.135" endtime="20190612 12:27:45.135"></status>
</kw>
<status status="PASS" starttime="20190612 12:27:45.135" endtime="20190612 12:27:45.135"></status>
</kw>
<kw name="${msg} = {'eventType': 'START', 'processId': 'script-process-id', 'sourceApplication': 'Midas', 'operationName': 'ExecuteMidasSelection', 'timestamp': 1557843064781, 'paramsMap': {'month': '3', 'year': '2019',..." type="foritem">
<kw name="Set Variable If" library="BuiltIn">
<doc>Sets variable based on the given condition.</doc>
<arguments>
<arg>"${msg['operationName']}"=="ExecuteMidasSelection"</arg>
<arg>${msg}</arg>
<arg>${runMidasMessage}</arg>
</arguments>
<assign>
<var>${runMidasMessage}</var>
</assign>
<msg timestamp="20190612 12:27:45.136" level="INFO">${runMidasMessage} = {'eventType': 'START', 'processId': 'script-process-id', 'sourceApplication': 'Midas', 'operationName': 'ExecuteMidasSelection', 'timestamp': 1557843064781, 'paramsMap': {'month': '3', 'year': '2019',...</msg>
<status status="PASS" starttime="20190612 12:27:45.136" endtime="20190612 12:27:45.136"></status>
</kw>
<status status="PASS" starttime="20190612 12:27:45.136" endtime="20190612 12:27:45.136"></status>
</kw>
<kw name="${msg} = {'eventType': 'START', 'processId': '8187704', 'sourceApplication': 'Orchestration', 'operationName': 'ExecutePanelSelectionRules', 'timestamp': 1558000513295, 'paramsMap': {'processInstanceId': '8187..." type="foritem">
<kw name="Set Variable If" library="BuiltIn">
<doc>Sets variable based on the given condition.</doc>
<arguments>
<arg>"${msg['operationName']}"=="ExecuteMidasSelection"</arg>
<arg>${msg}</arg>
<arg>${runMidasMessage}</arg>
</arguments>
<assign>
<var>${runMidasMessage}</var>
</assign>
<msg timestamp="20190612 12:27:45.136" level="INFO">${runMidasMessage} = {'eventType': 'START', 'processId': 'script-process-id', 'sourceApplication': 'Midas', 'operationName': 'ExecuteMidasSelection', 'timestamp': 1557843064781, 'paramsMap': {'month': '3', 'year': '2019',...</msg>
<status status="PASS" starttime="20190612 12:27:45.136" endtime="20190612 12:27:45.136"></status>
</kw>
<status status="PASS" starttime="20190612 12:27:45.136" endtime="20190612 12:27:45.136"></status>
</kw>
<kw name="${msg} = {'eventType': 'START', 'processId': '8187704', 'sourceApplication': 'Orchestration', 'operationName': 'ExecutePanelSelection', 'timestamp': 1558000550066, 'paramsMap': {'processInstanceId': '8187704',..." type="foritem">
<kw name="Set Variable If" library="BuiltIn">
<doc>Sets variable based on the given condition.</doc>
<arguments>
<arg>"${msg['operationName']}"=="ExecuteMidasSelection"</arg>
<arg>${msg}</arg>
<arg>${runMidasMessage}</arg>
</arguments>
<assign>
<var>${runMidasMessage}</var>
</assign>
<msg timestamp="20190612 12:27:45.138" level="INFO">${runMidasMessage} = {'eventType': 'START', 'processId': 'script-process-id', 'sourceApplication': 'Midas', 'operationName': 'ExecuteMidasSelection', 'timestamp': 1557843064781, 'paramsMap': {'month': '3', 'year': '2019',...</msg>
<status status="PASS" starttime="20190612 12:27:45.137" endtime="20190612 12:27:45.138"></status>
</kw>
<status status="PASS" starttime="20190612 12:27:45.136" endtime="20190612 12:27:45.138"></status>
</kw>
<kw name="${msg} = {'eventType': 'START', 'processId': '8187704', 'sourceApplication': 'Orchestration', 'operationName': 'ExecutePanelSelection', 'timestamp': 1558005024063, 'paramsMap': {'processInstanceId': '8187704',..." type="foritem">
<kw name="Set Variable If" library="BuiltIn">
<doc>Sets variable based on the given condition.</doc>
<arguments>
<arg>"${msg['operationName']}"=="ExecuteMidasSelection"</arg>
<arg>${msg}</arg>
<arg>${runMidasMessage}</arg>
</arguments>
<assign>
<var>${runMidasMessage}</var>
</assign>
<msg timestamp="20190612 12:27:45.139" level="INFO">${runMidasMessage} = {'eventType': 'START', 'processId': 'script-process-id', 'sourceApplication': 'Midas', 'operationName': 'ExecuteMidasSelection', 'timestamp': 1557843064781, 'paramsMap': {'month': '3', 'year': '2019',...</msg>
<status status="PASS" starttime="20190612 12:27:45.139" endtime="20190612 12:27:45.139"></status>
</kw>
<status status="PASS" starttime="20190612 12:27:45.138" endtime="20190612 12:27:45.139"></status>
</kw>
<kw name="${msg} = {'eventType': 'START', 'processId': '78131200', 'sourceApplication': 'Orchestration', 'operationName': 'START_RDA_REF_CONSUMPTION', 'timestamp': 1558007366357, 'paramsMap': {'processInstanceId': '7813..." type="foritem">
<kw name="Set Variable If" library="BuiltIn">
<doc>Sets variable based on the given condition.</doc>
<arguments>
<arg>"${msg['operationName']}"=="ExecuteMidasSelection"</arg>
<arg>${msg}</arg>
<arg>${runMidasMessage}</arg>
</arguments>
<assign>
<var>${runMidasMessage}</var>
</assign>
<msg timestamp="20190612 12:27:45.139" level="INFO">${runMidasMessage} = {'eventType': 'START', 'processId': 'script-process-id', 'sourceApplication': 'Midas', 'operationName': 'ExecuteMidasSelection', 'timestamp': 1557843064781, 'paramsMap': {'month': '3', 'year': '2019',...</msg>
<status status="PASS" starttime="20190612 12:27:45.139" endtime="20190612 12:27:45.139"></status>
</kw>
<status status="PASS" starttime="20190612 12:27:45.139" endtime="20190612 12:27:45.140"></status>
</kw>
<kw name="${msg} = {'eventType': 'START', 'processId': '8190117', 'sourceApplication': 'Orchestration', 'operationName': 'ExecutePanelSelectionRules', 'timestamp': 1558007581092, 'paramsMap': {'processInstanceId': '8190..." type="foritem">
<kw name="Set Variable If" library="BuiltIn">
<doc>Sets variable based on the given condition.</doc>
<arguments>
<arg>"${msg['operationName']}"=="ExecuteMidasSelection"</arg>
<arg>${msg}</arg>
<arg>${runMidasMessage}</arg>
</arguments>
<assign>
<var>${runMidasMessage}</var>
</assign>
<msg timestamp="20190612 12:27:45.140" level="INFO">${runMidasMessage} = {'eventType': 'START', 'processId': 'script-process-id', 'sourceApplication': 'Midas', 'operationName': 'ExecuteMidasSelection', 'timestamp': 1557843064781, 'paramsMap': {'month': '3', 'year': '2019',...</msg>
<status status="PASS" starttime="20190612 12:27:45.140" endtime="20190612 12:27:45.140"></status>
</kw>
<status status="PASS" starttime="20190612 12:27:45.140" endtime="20190612 12:27:45.140"></status>
</kw>
<kw name="${msg} = {'eventType': 'START', 'processId': '78134604', 'sourceApplication': 'Orchestration', 'operationName': 'START_RDA_REF_CONSUMPTION', 'timestamp': 1558007783087, 'paramsMap': {'processInstanceId': '7813..." type="foritem">
<kw name="Set Variable If" library="BuiltIn">
<doc>Sets variable based on the given condition.</doc>
<arguments>
<arg>"${msg['operationName']}"=="ExecuteMidasSelection"</arg>
<arg>${msg}</arg>
<arg>${runMidasMessage}</arg>
</arguments>
<assign>
<var>${runMidasMessage}</var>
</assign>
<msg timestamp="20190612 12:27:45.141" level="INFO">${runMidasMessage} = {'eventType': 'START', 'processId': 'script-process-id', 'sourceApplication': 'Midas', 'operationName': 'ExecuteMidasSelection', 'timestamp': 1557843064781, 'paramsMap': {'month': '3', 'year': '2019',...</msg>
<status status="PASS" starttime="20190612 12:27:45.140" endtime="20190612 12:27:45.141"></status>
</kw>
<status status="PASS" starttime="20190612 12:27:45.140" endtime="20190612 12:27:45.141"></status>
</kw>
<kw name="${msg} = {'eventType': 'START', 'processId': '78134604', 'sourceApplication': 'Orchestration', 'operationName': 'BSNR_CHECK', 'timestamp': 1558007903294, 'paramsMap': {'supplierName': 'PDGI', 'processInstanceI..." type="foritem">
<kw name="Set Variable If" library="BuiltIn">
<doc>Sets variable based on the given condition.</doc>
<arguments>
<arg>"${msg['operationName']}"=="ExecuteMidasSelection"</arg>
<arg>${msg}</arg>
<arg>${runMidasMessage}</arg>
</arguments>
<assign>
<var>${runMidasMessage}</var>
</assign>
<msg timestamp="20190612 12:27:45.141" level="INFO">${runMidasMessage} = {'eventType': 'START', 'processId': 'script-process-id', 'sourceApplication': 'Midas', 'operationName': 'ExecuteMidasSelection', 'timestamp': 1557843064781, 'paramsMap': {'month': '3', 'year': '2019',...</msg>
<status status="PASS" starttime="20190612 12:27:45.141" endtime="20190612 12:27:45.141"></status>
</kw>
<status status="PASS" starttime="20190612 12:27:45.141" endtime="20190612 12:27:45.141"></status>
</kw>
<kw name="${msg} = {'eventType': 'START', 'processId': '78134604', 'sourceApplication': 'Orchestration', 'operationName': 'MOVING_FILES_BSNR', 'timestamp': 1558007905244, 'paramsMap': {'processInstanceId': '78134604', '..." type="foritem">
<kw name="Set Variable If" library="BuiltIn">
<doc>Sets variable based on the given condition.</doc>
<arguments>
<arg>"${msg['operationName']}"=="ExecuteMidasSelection"</arg>
<arg>${msg}</arg>
<arg>${runMidasMessage}</arg>
</arguments>
<assign>
<var>${runMidasMessage}</var>
</assign>
<msg timestamp="20190612 12:27:45.142" level="INFO">${runMidasMessage} = {'eventType': 'START', 'processId': 'script-process-id', 'sourceApplication': 'Midas', 'operationName': 'ExecuteMidasSelection', 'timestamp': 1557843064781, 'paramsMap': {'month': '3', 'year': '2019',...</msg>
<status status="PASS" starttime="20190612 12:27:45.141" endtime="20190612 12:27:45.142"></status>
</kw>
<status status="PASS" starttime="20190612 12:27:45.141" endtime="20190612 12:27:45.142"></status>
</kw>
<kw name="${msg} = {'eventType': 'START', 'processId': '78134604', 'sourceApplication': 'Orchestration', 'operationName': 'PARSER_JOB', 'timestamp': 1558007905914, 'paramsMap': {'supplierName': 'PDGI', 'processInstanceI..." type="foritem">
<kw name="Set Variable If" library="BuiltIn">
<doc>Sets variable based on the given condition.</doc>
<arguments>
<arg>"${msg['operationName']}"=="ExecuteMidasSelection"</arg>
<arg>${msg}</arg>
<arg>${runMidasMessage}</arg>
</arguments>
<assign>
<var>${runMidasMessage}</var>
</assign>
<msg timestamp="20190612 12:27:45.142" level="INFO">${runMidasMessage} = {'eventType': 'START', 'processId': 'script-process-id', 'sourceApplication': 'Midas', 'operationName': 'ExecuteMidasSelection', 'timestamp': 1557843064781, 'paramsMap': {'month': '3', 'year': '2019',...</msg>
<status status="PASS" starttime="20190612 12:27:45.142" endtime="20190612 12:27:45.142"></status>
</kw>
<status status="PASS" starttime="20190612 12:27:45.142" endtime="20190612 12:27:45.142"></status>
</kw>
<kw name="${msg} = {'eventType': 'START', 'processId': '78134604', 'sourceApplication': 'Orchestration', 'operationName': 'INFORMATICA_WORKFLOW', 'timestamp': 1558007907444, 'paramsMap': {'supplierName': 'PDGI', 'proces..." type="foritem">
<kw name="Set Variable If" library="BuiltIn">
<doc>Sets variable based on the given condition.</doc>
<arguments>
<arg>"${msg['operationName']}"=="ExecuteMidasSelection"</arg>
<arg>${msg}</arg>
<arg>${runMidasMessage}</arg>
</arguments>
<assign>
<var>${runMidasMessage}</var>
</assign>
<msg timestamp="20190612 12:27:45.143" level="INFO">${runMidasMessage} = {'eventType': 'START', 'processId': 'script-process-id', 'sourceApplication': 'Midas', 'operationName': 'ExecuteMidasSelection', 'timestamp': 1557843064781, 'paramsMap': {'month': '3', 'year': '2019',...</msg>
<status status="PASS" starttime="20190612 12:27:45.142" endtime="20190612 12:27:45.143"></status>
</kw>
<status status="PASS" starttime="20190612 12:27:45.142" endtime="20190612 12:27:45.143"></status>
</kw>
<kw name="${msg} = {'eventType': 'START', 'processId': '78134604', 'sourceApplication': 'Orchestration', 'operationName': 'INFORMATICA_WORKFLOW', 'timestamp': 1558008009931, 'paramsMap': {'supplierName': 'PDGI', 'proces..." type="foritem">
<kw name="Set Variable If" library="BuiltIn">
<doc>Sets variable based on the given condition.</doc>
<arguments>
<arg>"${msg['operationName']}"=="ExecuteMidasSelection"</arg>
<arg>${msg}</arg>
<arg>${runMidasMessage}</arg>
</arguments>
<assign>
<var>${runMidasMessage}</var>
</assign>
<msg timestamp="20190612 12:27:45.143" level="INFO">${runMidasMessage} = {'eventType': 'START', 'processId': 'script-process-id', 'sourceApplication': 'Midas', 'operationName': 'ExecuteMidasSelection', 'timestamp': 1557843064781, 'paramsMap': {'month': '3', 'year': '2019',...</msg>
<status status="PASS" starttime="20190612 12:27:45.143" endtime="20190612 12:27:45.143"></status>
</kw>
<status status="PASS" starttime="20190612 12:27:45.143" endtime="20190612 12:27:45.143"></status>
</kw>
<kw name="${msg} = {'eventType': 'START', 'processId': '78134604', 'sourceApplication': 'Orchestration', 'operationName': 'INFORMATICA_WORKFLOW', 'timestamp': 1558008100398, 'paramsMap': {'supplierName': 'PDGI', 'proces..." type="foritem">
<kw name="Set Variable If" library="BuiltIn">
<doc>Sets variable based on the given condition.</doc>
<arguments>
<arg>"${msg['operationName']}"=="ExecuteMidasSelection"</arg>
<arg>${msg}</arg>
<arg>${runMidasMessage}</arg>
</arguments>
<assign>
<var>${runMidasMessage}</var>
</assign>
<msg timestamp="20190612 12:27:45.144" level="INFO">${runMidasMessage} = {'eventType': 'START', 'processId': 'script-process-id', 'sourceApplication': 'Midas', 'operationName': 'ExecuteMidasSelection', 'timestamp': 1557843064781, 'paramsMap': {'month': '3', 'year': '2019',...</msg>
<status status="PASS" starttime="20190612 12:27:45.143" endtime="20190612 12:27:45.144"></status>
</kw>
<status status="PASS" starttime="20190612 12:27:45.143" endtime="20190612 12:27:45.144"></status>
</kw>
<kw name="${msg} = {'eventType': 'START', 'processId': '78134604', 'sourceApplication': 'Orchestration', 'operationName': 'INFORMATICA_WORKFLOW', 'timestamp': 1558008210792, 'paramsMap': {'supplierName': 'PDGI', 'proces..." type="foritem">
<kw name="Set Variable If" library="BuiltIn">
<doc>Sets variable based on the given condition.</doc>
<arguments>
<arg>"${msg['operationName']}"=="ExecuteMidasSelection"</arg>
<arg>${msg}</arg>
<arg>${runMidasMessage}</arg>
</arguments>
<assign>
<var>${runMidasMessage}</var>
</assign>
<msg timestamp="20190612 12:27:45.144" level="INFO">${runMidasMessage} = {'eventType': 'START', 'processId': 'script-process-id', 'sourceApplication': 'Midas', 'operationName': 'ExecuteMidasSelection', 'timestamp': 1557843064781, 'paramsMap': {'month': '3', 'year': '2019',...</msg>
<status status="PASS" starttime="20190612 12:27:45.144" endtime="20190612 12:27:45.144"></status>
</kw>
<status status="PASS" starttime="20190612 12:27:45.144" endtime="20190612 12:27:45.144"></status>
</kw>
<kw name="${msg} = {'eventType': 'START', 'processId': '8192531', 'sourceApplication': 'Orchestration', 'operationName': 'ExecutePanelSelectionRules', 'timestamp': 1558013360257, 'paramsMap': {'processInstanceId': '8192..." type="foritem">
<kw name="Set Variable If" library="BuiltIn">
<doc>Sets variable based on the given condition.</doc>
<arguments>
<arg>"${msg['operationName']}"=="ExecuteMidasSelection"</arg>
<arg>${msg}</arg>
<arg>${runMidasMessage}</arg>
</arguments>
<assign>
<var>${runMidasMessage}</var>
</assign>
<msg timestamp="20190612 12:27:45.145" level="INFO">${runMidasMessage} = {'eventType': 'START', 'processId': 'script-process-id', 'sourceApplication': 'Midas', 'operationName': 'ExecuteMidasSelection', 'timestamp': 1557843064781, 'paramsMap': {'month': '3', 'year': '2019',...</msg>
<status status="PASS" starttime="20190612 12:27:45.144" endtime="20190612 12:27:45.145"></status>
</kw>
<status status="PASS" starttime="20190612 12:27:45.144" endtime="20190612 12:27:45.145"></status>
</kw>
<kw name="${msg} = {'eventType': 'START', 'processId': '8192531', 'sourceApplication': 'Orchestration', 'operationName': 'ExecutePanelSelection', 'timestamp': 1558013387170, 'paramsMap': {'processInstanceId': '8192531',..." type="foritem">
<kw name="Set Variable If" library="BuiltIn">
<doc>Sets variable based on the given condition.</doc>
<arguments>
<arg>"${msg['operationName']}"=="ExecuteMidasSelection"</arg>
<arg>${msg}</arg>
<arg>${runMidasMessage}</arg>
</arguments>
<assign>
<var>${runMidasMessage}</var>
</assign>
<msg timestamp="20190612 12:27:45.145" level="INFO">${runMidasMessage} = {'eventType': 'START', 'processId': 'script-process-id', 'sourceApplication': 'Midas', 'operationName': 'ExecuteMidasSelection', 'timestamp': 1557843064781, 'paramsMap': {'month': '3', 'year': '2019',...</msg>
<status status="PASS" starttime="20190612 12:27:45.145" endtime="20190612 12:27:45.145"></status>
</kw>
<status status="PASS" starttime="20190612 12:27:45.145" endtime="20190612 12:27:45.145"></status>
</kw>
<kw name="${msg} = {'eventType': 'START', 'processId': '78137844', 'sourceApplication': 'Orchestration', 'operationName': 'START_RDA_REF_CONSUMPTION', 'timestamp': 1558016018565, 'paramsMap': {'processInstanceId': '7813..." type="foritem">
<kw name="Set Variable If" library="BuiltIn">
<doc>Sets variable based on the given condition.</doc>
<arguments>
<arg>"${msg['operationName']}"=="ExecuteMidasSelection"</arg>
<arg>${msg}</arg>
<arg>${runMidasMessage}</arg>
</arguments>
<assign>
<var>${runMidasMessage}</var>
</assign>
<msg timestamp="20190612 12:27:45.146" level="INFO">${runMidasMessage} = {'eventType': 'START', 'processId': 'script-process-id', 'sourceApplication': 'Midas', 'operationName': 'ExecuteMidasSelection', 'timestamp': 1557843064781, 'paramsMap': {'month': '3', 'year': '2019',...</msg>
<status status="PASS" starttime="20190612 12:27:45.145" endtime="20190612 12:27:45.146"></status>
</kw>
<status status="PASS" starttime="20190612 12:27:45.145" endtime="20190612 12:27:45.146"></status>
</kw>
<kw name="${msg} = {'eventType': 'START', 'processId': '78137844', 'sourceApplication': 'Orchestration', 'operationName': 'BSNR_CHECK', 'timestamp': 1558016139677, 'paramsMap': {'supplierName': 'PDGI', 'processInstanceI..." type="foritem">
<kw name="Set Variable If" library="BuiltIn">
<doc>Sets variable based on the given condition.</doc>
<arguments>
<arg>"${msg['operationName']}"=="ExecuteMidasSelection"</arg>
<arg>${msg}</arg>
<arg>${runMidasMessage}</arg>
</arguments>
<assign>
<var>${runMidasMessage}</var>
</assign>
<msg timestamp="20190612 12:27:45.146" level="INFO">${runMidasMessage} = {'eventType': 'START', 'processId': 'script-process-id', 'sourceApplication': 'Midas', 'operationName': 'ExecuteMidasSelection', 'timestamp': 1557843064781, 'paramsMap': {'month': '3', 'year': '2019',...</msg>
<status status="PASS" starttime="20190612 12:27:45.146" endtime="20190612 12:27:45.146"></status>
</kw>
<status status="PASS" starttime="20190612 12:27:45.146" endtime="20190612 12:27:45.147"></status>
</kw>
<kw name="${msg} = {'eventType': 'START', 'processId': '78137844', 'sourceApplication': 'Orchestration', 'operationName': 'MOVING_FILES_BSNR', 'timestamp': 1558016141776, 'paramsMap': {'processInstanceId': '78137844', '..." type="foritem">
<kw name="Set Variable If" library="BuiltIn">
<doc>Sets variable based on the given condition.</doc>
<arguments>
<arg>"${msg['operationName']}"=="ExecuteMidasSelection"</arg>
<arg>${msg}</arg>
<arg>${runMidasMessage}</arg>
</arguments>
<assign>
<var>${runMidasMessage}</var>
</assign>
<msg timestamp="20190612 12:27:45.147" level="INFO">${runMidasMessage} = {'eventType': 'START', 'processId': 'script-process-id', 'sourceApplication': 'Midas', 'operationName': 'ExecuteMidasSelection', 'timestamp': 1557843064781, 'paramsMap': {'month': '3', 'year': '2019',...</msg>
<status status="PASS" starttime="20190612 12:27:45.147" endtime="20190612 12:27:45.147"></status>
</kw>
<status status="PASS" starttime="20190612 12:27:45.147" endtime="20190612 12:27:45.147"></status>
</kw>
<kw name="${msg} = {'eventType': 'START', 'processId': '78137844', 'sourceApplication': 'Orchestration', 'operationName': 'PARSER_JOB', 'timestamp': 1558016142054, 'paramsMap': {'supplierName': 'PDGI', 'processInstanceI..." type="foritem">
<kw name="Set Variable If" library="BuiltIn">
<doc>Sets variable based on the given condition.</doc>
<arguments>
<arg>"${msg['operationName']}"=="ExecuteMidasSelection"</arg>
<arg>${msg}</arg>
<arg>${runMidasMessage}</arg>
</arguments>
<assign>
<var>${runMidasMessage}</var>
</assign>
<msg timestamp="20190612 12:27:45.148" level="INFO">${runMidasMessage} = {'eventType': 'START', 'processId': 'script-process-id', 'sourceApplication': 'Midas', 'operationName': 'ExecuteMidasSelection', 'timestamp': 1557843064781, 'paramsMap': {'month': '3', 'year': '2019',...</msg>
<status status="PASS" starttime="20190612 12:27:45.147" endtime="20190612 12:27:45.148"></status>
</kw>
<status status="PASS" starttime="20190612 12:27:45.147" endtime="20190612 12:27:45.148"></status>
</kw>
<kw name="${msg} = {'eventType': 'START', 'processId': '78145036', 'sourceApplication': 'Orchestration', 'operationName': 'START_RDA_REF_CONSUMPTION', 'timestamp': 1558019381795, 'paramsMap': {'processInstanceId': '7814..." type="foritem">
<kw name="Set Variable If" library="BuiltIn">
<doc>Sets variable based on the given condition.</doc>
<arguments>
<arg>"${msg['operationName']}"=="ExecuteMidasSelection"</arg>
<arg>${msg}</arg>
<arg>${runMidasMessage}</arg>
</arguments>
<assign>
<var>${runMidasMessage}</var>
</assign>
<msg timestamp="20190612 12:27:45.148" level="INFO">${runMidasMessage} = {'eventType': 'START', 'processId': 'script-process-id', 'sourceApplication': 'Midas', 'operationName': 'ExecuteMidasSelection', 'timestamp': 1557843064781, 'paramsMap': {'month': '3', 'year': '2019',...</msg>
<status status="PASS" starttime="20190612 12:27:45.148" endtime="20190612 12:27:45.148"></status>
</kw>
<status status="PASS" starttime="20190612 12:27:45.148" endtime="20190612 12:27:45.148"></status>
</kw>
<kw name="${msg} = {'eventType': 'START', 'processId': '78145036', 'sourceApplication': 'Orchestration', 'operationName': 'BSNR_CHECK', 'timestamp': 1558019502953, 'paramsMap': {'supplierName': 'PDGI', 'processInstanceI..." type="foritem">
<kw name="Set Variable If" library="BuiltIn">
<doc>Sets variable based on the given condition.</doc>
<arguments>
<arg>"${msg['operationName']}"=="ExecuteMidasSelection"</arg>
<arg>${msg}</arg>
<arg>${runMidasMessage}</arg>
</arguments>
<assign>
<var>${runMidasMessage}</var>
</assign>
<msg timestamp="20190612 12:27:45.149" level="INFO">${runMidasMessage} = {'eventType': 'START', 'processId': 'script-process-id', 'sourceApplication': 'Midas', 'operationName': 'ExecuteMidasSelection', 'timestamp': 1557843064781, 'paramsMap': {'month': '3', 'year': '2019',...</msg>
<status status="PASS" starttime="20190612 12:27:45.148" endtime="20190612 12:27:45.149"></status>
</kw>
<status status="PASS" starttime="20190612 12:27:45.148" endtime="20190612 12:27:45.149"></status>
</kw>
<kw name="${msg} = {'eventType': 'START', 'processId': '78145036', 'sourceApplication': 'Orchestration', 'operationName': 'MOVING_FILES_BSNR', 'timestamp': 1558019503317, 'paramsMap': {'processInstanceId': '78145036', '..." type="foritem">
<kw name="Set Variable If" library="BuiltIn">
<doc>Sets variable based on the given condition.</doc>
<arguments>
<arg>"${msg['operationName']}"=="ExecuteMidasSelection"</arg>
<arg>${msg}</arg>
<arg>${runMidasMessage}</arg>
</arguments>
<assign>
<var>${runMidasMessage}</var>
</assign>
<msg timestamp="20190612 12:27:45.149" level="INFO">${runMidasMessage} = {'eventType': 'START', 'processId': 'script-process-id', 'sourceApplication': 'Midas', 'operationName': 'ExecuteMidasSelection', 'timestamp': 1557843064781, 'paramsMap': {'month': '3', 'year': '2019',...</msg>
<status status="PASS" starttime="20190612 12:27:45.149" endtime="20190612 12:27:45.149"></status>
</kw>
<status status="PASS" starttime="20190612 12:27:45.149" endtime="20190612 12:27:45.149"></status>
</kw>
<kw name="${msg} = {'eventType': 'START', 'processId': '78145036', 'sourceApplication': 'Orchestration', 'operationName': 'PARSER_JOB', 'timestamp': 1558019503611, 'paramsMap': {'supplierName': 'PDGI', 'processInstanceI..." type="foritem">
<kw name="Set Variable If" library="BuiltIn">
<doc>Sets variable based on the given condition.</doc>
<arguments>
<arg>"${msg['operationName']}"=="ExecuteMidasSelection"</arg>
<arg>${msg}</arg>
<arg>${runMidasMessage}</arg>
</arguments>
<assign>
<var>${runMidasMessage}</var>
</assign>
<msg timestamp="20190612 12:27:45.150" level="INFO">${runMidasMessage} = {'eventType': 'START', 'processId': 'script-process-id', 'sourceApplication': 'Midas', 'operationName': 'ExecuteMidasSelection', 'timestamp': 1557843064781, 'paramsMap': {'month': '3', 'year': '2019',...</msg>
<status status="PASS" starttime="20190612 12:27:45.150" endtime="20190612 12:27:45.150"></status>
</kw>
<status status="PASS" starttime="20190612 12:27:45.149" endtime="20190612 12:27:45.150"></status>
</kw>
<kw name="${msg} = {'eventType': 'START', 'processId': '78145036', 'sourceApplication': 'Orchestration', 'operationName': 'INFORMATICA_WORKFLOW', 'timestamp': 1558019506583, 'paramsMap': {'supplierName': 'PDGI', 'proces..." type="foritem">
<kw name="Set Variable If" library="BuiltIn">
<doc>Sets variable based on the given condition.</doc>
<arguments>
<arg>"${msg['operationName']}"=="ExecuteMidasSelection"</arg>
<arg>${msg}</arg>
<arg>${runMidasMessage}</arg>
</arguments>
<assign>
<var>${runMidasMessage}</var>
</assign>
<msg timestamp="20190612 12:27:45.151" level="INFO">${runMidasMessage} = {'eventType': 'START', 'processId': 'script-process-id', 'sourceApplication': 'Midas', 'operationName': 'ExecuteMidasSelection', 'timestamp': 1557843064781, 'paramsMap': {'month': '3', 'year': '2019',...</msg>
<status status="PASS" starttime="20190612 12:27:45.150" endtime="20190612 12:27:45.151"></status>
</kw>
<status status="PASS" starttime="20190612 12:27:45.150" endtime="20190612 12:27:45.151"></status>
</kw>
<kw name="${msg} = {'eventType': 'START', 'processId': '78145036', 'sourceApplication': 'Orchestration', 'operationName': 'BRIDGING_JOB', 'timestamp': 1558019689247, 'paramsMap': {'processInstanceId': '78145036', 'bridg..." type="foritem">
<kw name="Set Variable If" library="BuiltIn">
<doc>Sets variable based on the given condition.</doc>
<arguments>
<arg>"${msg['operationName']}"=="ExecuteMidasSelection"</arg>
<arg>${msg}</arg>
<arg>${runMidasMessage}</arg>
</arguments>
<assign>
<var>${runMidasMessage}</var>
</assign>
<msg timestamp="20190612 12:27:45.151" level="INFO">${runMidasMessage} = {'eventType': 'START', 'processId': 'script-process-id', 'sourceApplication': 'Midas', 'operationName': 'ExecuteMidasSelection', 'timestamp': 1557843064781, 'paramsMap': {'month': '3', 'year': '2019',...</msg>
<status status="PASS" starttime="20190612 12:27:45.151" endtime="20190612 12:27:45.151"></status>
</kw>
<status status="PASS" starttime="20190612 12:27:45.151" endtime="20190612 12:27:45.151"></status>
</kw>
<kw name="${msg} = {'eventType': 'START', 'processId': '78145036', 'sourceApplication': 'Orchestration', 'operationName': 'migration', 'timestamp': 1558019706484, 'paramsMap': {'processInstanceId': '78145036', 'retryCou..." type="foritem">
<kw name="Set Variable If" library="BuiltIn">
<doc>Sets variable based on the given condition.</doc>
<arguments>
<arg>"${msg['operationName']}"=="ExecuteMidasSelection"</arg>
<arg>${msg}</arg>
<arg>${runMidasMessage}</arg>
</arguments>
<assign>
<var>${runMidasMessage}</var>
</assign>
<msg timestamp="20190612 12:27:45.151" level="INFO">${runMidasMessage} = {'eventType': 'START', 'processId': 'script-process-id', 'sourceApplication': 'Midas', 'operationName': 'ExecuteMidasSelection', 'timestamp': 1557843064781, 'paramsMap': {'month': '3', 'year': '2019',...</msg>
<status status="PASS" starttime="20190612 12:27:45.151" endtime="20190612 12:27:45.152"></status>
</kw>
<status status="PASS" starttime="20190612 12:27:45.151" endtime="20190612 12:27:45.152"></status>
</kw>
<kw name="${msg} = {'eventType': 'START', 'processId': '78145011', 'sourceApplication': 'Orchestration', 'operationName': 'START_RDA_REF_CONSUMPTION', 'timestamp': 1558019707228, 'paramsMap': {'processInstanceId': '7814..." type="foritem">
<kw name="Set Variable If" library="BuiltIn">
<doc>Sets variable based on the given condition.</doc>
<arguments>
<arg>"${msg['operationName']}"=="ExecuteMidasSelection"</arg>
<arg>${msg}</arg>
<arg>${runMidasMessage}</arg>
</arguments>
<assign>
<var>${runMidasMessage}</var>
</assign>
<msg timestamp="20190612 12:27:45.152" level="INFO">${runMidasMessage} = {'eventType': 'START', 'processId': 'script-process-id', 'sourceApplication': 'Midas', 'operationName': 'ExecuteMidasSelection', 'timestamp': 1557843064781, 'paramsMap': {'month': '3', 'year': '2019',...</msg>
<status status="PASS" starttime="20190612 12:27:45.152" endtime="20190612 12:27:45.152"></status>
</kw>
<status status="PASS" starttime="20190612 12:27:45.152" endtime="20190612 12:27:45.152"></status>
</kw>
<kw name="${msg} = {'eventType': 'START', 'processId': '78145011', 'sourceApplication': 'Orchestration', 'operationName': 'BSNR_CHECK', 'timestamp': 1558019827400, 'paramsMap': {'supplierName': 'PDGI', 'processInstanceI..." type="foritem">
<kw name="Set Variable If" library="BuiltIn">
<doc>Sets variable based on the given condition.</doc>
<arguments>
<arg>"${msg['operationName']}"=="ExecuteMidasSelection"</arg>
<arg>${msg}</arg>
<arg>${runMidasMessage}</arg>
</arguments>
<assign>
<var>${runMidasMessage}</var>
</assign>
<msg timestamp="20190612 12:27:45.153" level="INFO">${runMidasMessage} = {'eventType': 'START', 'processId': 'script-process-id', 'sourceApplication': 'Midas', 'operationName': 'ExecuteMidasSelection', 'timestamp': 1557843064781, 'paramsMap': {'month': '3', 'year': '2019',...</msg>
<status status="PASS" starttime="20190612 12:27:45.152" endtime="20190612 12:27:45.153"></status>
</kw>
<status status="PASS" starttime="20190612 12:27:45.152" endtime="20190612 12:27:45.153"></status>
</kw>
<kw name="${msg} = {'eventType': 'START', 'processId': '78167581', 'sourceApplication': 'Orchestration', 'operationName': 'START_RDA_REF_CONSUMPTION', 'timestamp': 1558081363418, 'paramsMap': {'processInstanceId': '7816..." type="foritem">
<kw name="Set Variable If" library="BuiltIn">
<doc>Sets variable based on the given condition.</doc>
<arguments>
<arg>"${msg['operationName']}"=="ExecuteMidasSelection"</arg>
<arg>${msg}</arg>
<arg>${runMidasMessage}</arg>
</arguments>
<assign>
<var>${runMidasMessage}</var>
</assign>
<msg timestamp="20190612 12:27:45.153" level="INFO">${runMidasMessage} = {'eventType': 'START', 'processId': 'script-process-id', 'sourceApplication': 'Midas', 'operationName': 'ExecuteMidasSelection', 'timestamp': 1557843064781, 'paramsMap': {'month': '3', 'year': '2019',...</msg>
<status status="PASS" starttime="20190612 12:27:45.153" endtime="20190612 12:27:45.153"></status>
</kw>
<status status="PASS" starttime="20190612 12:27:45.153" endtime="20190612 12:27:45.153"></status>
</kw>
<kw name="${msg} = {'eventType': 'START', 'processId': '78167581', 'sourceApplication': 'Orchestration', 'operationName': 'BSNR_CHECK', 'timestamp': 1558081483950, 'paramsMap': {'supplierName': 'PDGI', 'processInstanceI..." type="foritem">
<kw name="Set Variable If" library="BuiltIn">
<doc>Sets variable based on the given condition.</doc>
<arguments>
<arg>"${msg['operationName']}"=="ExecuteMidasSelection"</arg>
<arg>${msg}</arg>
<arg>${runMidasMessage}</arg>
</arguments>
<assign>
<var>${runMidasMessage}</var>
</assign>
<msg timestamp="20190612 12:27:45.154" level="INFO">${runMidasMessage} = {'eventType': 'START', 'processId': 'script-process-id', 'sourceApplication': 'Midas', 'operationName': 'ExecuteMidasSelection', 'timestamp': 1557843064781, 'paramsMap': {'month': '3', 'year': '2019',...</msg>
<status status="PASS" starttime="20190612 12:27:45.153" endtime="20190612 12:27:45.154"></status>
</kw>
<status status="PASS" starttime="20190612 12:27:45.153" endtime="20190612 12:27:45.154"></status>
</kw>
<kw name="${msg} = {'eventType': 'START', 'processId': '78167581', 'sourceApplication': 'Orchestration', 'operationName': 'MOVING_FILES_BSNR', 'timestamp': 1558081484347, 'paramsMap': {'processInstanceId': '78167581', '..." type="foritem">
<kw name="Set Variable If" library="BuiltIn">
<doc>Sets variable based on the given condition.</doc>
<arguments>
<arg>"${msg['operationName']}"=="ExecuteMidasSelection"</arg>
<arg>${msg}</arg>
<arg>${runMidasMessage}</arg>
</arguments>
<assign>
<var>${runMidasMessage}</var>
</assign>
<msg timestamp="20190612 12:27:45.154" level="INFO">${runMidasMessage} = {'eventType': 'START', 'processId': 'script-process-id', 'sourceApplication': 'Midas', 'operationName': 'ExecuteMidasSelection', 'timestamp': 1557843064781, 'paramsMap': {'month': '3', 'year': '2019',...</msg>
<status status="PASS" starttime="20190612 12:27:45.154" endtime="20190612 12:27:45.154"></status>
</kw>
<status status="PASS" starttime="20190612 12:27:45.154" endtime="20190612 12:27:45.154"></status>
</kw>
<kw name="${msg} = {'eventType': 'START', 'processId': '78167581', 'sourceApplication': 'Orchestration', 'operationName': 'PARSER_JOB', 'timestamp': 1558081484640, 'paramsMap': {'supplierName': 'PDGI', 'processInstanceI..." type="foritem">
<kw name="Set Variable If" library="BuiltIn">
<doc>Sets variable based on the given condition.</doc>
<arguments>
<arg>"${msg['operationName']}"=="ExecuteMidasSelection"</arg>
<arg>${msg}</arg>
<arg>${runMidasMessage}</arg>
</arguments>
<assign>
<var>${runMidasMessage}</var>
</assign>
<msg timestamp="20190612 12:27:45.155" level="INFO">${runMidasMessage} = {'eventType': 'START', 'processId': 'script-process-id', 'sourceApplication': 'Midas', 'operationName': 'ExecuteMidasSelection', 'timestamp': 1557843064781, 'paramsMap': {'month': '3', 'year': '2019',...</msg>
<status status="PASS" starttime="20190612 12:27:45.154" endtime="20190612 12:27:45.155"></status>
</kw>
<status status="PASS" starttime="20190612 12:27:45.154" endtime="20190612 12:27:45.155"></status>
</kw>
<kw name="${msg} = {'eventType': 'START', 'processId': '78167581', 'sourceApplication': 'Orchestration', 'operationName': 'INFORMATICA_WORKFLOW', 'timestamp': 1558081486392, 'paramsMap': {'supplierName': 'PDGI', 'proces..." type="foritem">
<kw name="Set Variable If" library="BuiltIn">
<doc>Sets variable based on the given condition.</doc>
<arguments>
<arg>"${msg['operationName']}"=="ExecuteMidasSelection"</arg>
<arg>${msg}</arg>
<arg>${runMidasMessage}</arg>
</arguments>
<assign>
<var>${runMidasMessage}</var>
</assign>
<msg timestamp="20190612 12:27:45.155" level="INFO">${runMidasMessage} = {'eventType': 'START', 'processId': 'script-process-id', 'sourceApplication': 'Midas', 'operationName': 'ExecuteMidasSelection', 'timestamp': 1557843064781, 'paramsMap': {'month': '3', 'year': '2019',...</msg>
<status status="PASS" starttime="20190612 12:27:45.155" endtime="20190612 12:27:45.155"></status>
</kw>
<status status="PASS" starttime="20190612 12:27:45.155" endtime="20190612 12:27:45.156"></status>
</kw>
<kw name="${msg} = {'eventType': 'START', 'processId': '78167581', 'sourceApplication': 'Orchestration', 'operationName': 'BRIDGING_JOB', 'timestamp': 1558081663045, 'paramsMap': {'processInstanceId': '78167581', 'bridg..." type="foritem">
<kw name="Set Variable If" library="BuiltIn">
<doc>Sets variable based on the given condition.</doc>
<arguments>
<arg>"${msg['operationName']}"=="ExecuteMidasSelection"</arg>
<arg>${msg}</arg>
<arg>${runMidasMessage}</arg>
</arguments>
<assign>
<var>${runMidasMessage}</var>
</assign>
<msg timestamp="20190612 12:27:45.156" level="INFO">${runMidasMessage} = {'eventType': 'START', 'processId': 'script-process-id', 'sourceApplication': 'Midas', 'operationName': 'ExecuteMidasSelection', 'timestamp': 1557843064781, 'paramsMap': {'month': '3', 'year': '2019',...</msg>
<status status="PASS" starttime="20190612 12:27:45.156" endtime="20190612 12:27:45.156"></status>
</kw>
<status status="PASS" starttime="20190612 12:27:45.156" endtime="20190612 12:27:45.156"></status>
</kw>
<kw name="${msg} = {'eventType': 'START', 'processId': '78167581', 'sourceApplication': 'Orchestration', 'operationName': 'migration', 'timestamp': 1558081682298, 'paramsMap': {'processInstanceId': '78167581', 'retryCou..." type="foritem">
<kw name="Set Variable If" library="BuiltIn">
<doc>Sets variable based on the given condition.</doc>
<arguments>
<arg>"${msg['operationName']}"=="ExecuteMidasSelection"</arg>
<arg>${msg}</arg>
<arg>${runMidasMessage}</arg>
</arguments>
<assign>
<var>${runMidasMessage}</var>
</assign>
<msg timestamp="20190612 12:27:45.157" level="INFO">${runMidasMessage} = {'eventType': 'START', 'processId': 'script-process-id', 'sourceApplication': 'Midas', 'operationName': 'ExecuteMidasSelection', 'timestamp': 1557843064781, 'paramsMap': {'month': '3', 'year': '2019',...</msg>
<status status="PASS" starttime="20190612 12:27:45.157" endtime="20190612 12:27:45.157"></status>
</kw>
<status status="PASS" starttime="20190612 12:27:45.157" endtime="20190612 12:27:45.157"></status>
</kw>
<kw name="${msg} = {'eventType': 'START', 'processId': '78167617', 'sourceApplication': 'Orchestration', 'operationName': 'START_RDA_REF_CONSUMPTION', 'timestamp': 1558081682720, 'paramsMap': {'processInstanceId': '7816..." type="foritem">
<kw name="Set Variable If" library="BuiltIn">
<doc>Sets variable based on the given condition.</doc>
<arguments>
<arg>"${msg['operationName']}"=="ExecuteMidasSelection"</arg>
<arg>${msg}</arg>
<arg>${runMidasMessage}</arg>
</arguments>
<assign>
<var>${runMidasMessage}</var>
</assign>
<msg timestamp="20190612 12:27:45.158" level="INFO">${runMidasMessage} = {'eventType': 'START', 'processId': 'script-process-id', 'sourceApplication': 'Midas', 'operationName': 'ExecuteMidasSelection', 'timestamp': 1557843064781, 'paramsMap': {'month': '3', 'year': '2019',...</msg>
<status status="PASS" starttime="20190612 12:27:45.157" endtime="20190612 12:27:45.158"></status>
</kw>
<status status="PASS" starttime="20190612 12:27:45.157" endtime="20190612 12:27:45.158"></status>
</kw>
<kw name="${msg} = {'eventType': 'START', 'processId': '78167617', 'sourceApplication': 'Orchestration', 'operationName': 'BSNR_CHECK', 'timestamp': 1558081803228, 'paramsMap': {'supplierName': 'PDGI', 'processInstanceI..." type="foritem">
<kw name="Set Variable If" library="BuiltIn">
<doc>Sets variable based on the given condition.</doc>
<arguments>
<arg>"${msg['operationName']}"=="ExecuteMidasSelection"</arg>
<arg>${msg}</arg>
<arg>${runMidasMessage}</arg>
</arguments>
<assign>
<var>${runMidasMessage}</var>
</assign>
<msg timestamp="20190612 12:27:45.158" level="INFO">${runMidasMessage} = {'eventType': 'START', 'processId': 'script-process-id', 'sourceApplication': 'Midas', 'operationName': 'ExecuteMidasSelection', 'timestamp': 1557843064781, 'paramsMap': {'month': '3', 'year': '2019',...</msg>
<status status="PASS" starttime="20190612 12:27:45.158" endtime="20190612 12:27:45.159"></status>
</kw>
<status status="PASS" starttime="20190612 12:27:45.158" endtime="20190612 12:27:45.159"></status>
</kw>
<kw name="${msg} = {'eventType': 'START', 'processId': '78167617', 'sourceApplication': 'Orchestration', 'operationName': 'MOVING_FILES_BSNR', 'timestamp': 1558081803932, 'paramsMap': {'processInstanceId': '78167617', '..." type="foritem">
<kw name="Set Variable If" library="BuiltIn">
<doc>Sets variable based on the given condition.</doc>
<arguments>
<arg>"${msg['operationName']}"=="ExecuteMidasSelection"</arg>
<arg>${msg}</arg>
<arg>${runMidasMessage}</arg>
</arguments>
<assign>
<var>${runMidasMessage}</var>
</assign>
<msg timestamp="20190612 12:27:45.159" level="INFO">${runMidasMessage} = {'eventType': 'START', 'processId': 'script-process-id', 'sourceApplication': 'Midas', 'operationName': 'ExecuteMidasSelection', 'timestamp': 1557843064781, 'paramsMap': {'month': '3', 'year': '2019',...</msg>
<status status="PASS" starttime="20190612 12:27:45.159" endtime="20190612 12:27:45.159"></status>
</kw>
<status status="PASS" starttime="20190612 12:27:45.159" endtime="20190612 12:27:45.159"></status>
</kw>
<kw name="${msg} = {'eventType': 'START', 'processId': '78167617', 'sourceApplication': 'Orchestration', 'operationName': 'PARSER_JOB', 'timestamp': 1558081804956, 'paramsMap': {'supplierName': 'PDGI', 'processInstanceI..." type="foritem">
<kw name="Set Variable If" library="BuiltIn">
<doc>Sets variable based on the given condition.</doc>
<arguments>
<arg>"${msg['operationName']}"=="ExecuteMidasSelection"</arg>
<arg>${msg}</arg>
<arg>${runMidasMessage}</arg>
</arguments>
<assign>
<var>${runMidasMessage}</var>
</assign>
<msg timestamp="20190612 12:27:45.160" level="INFO">${runMidasMessage} = {'eventType': 'START', 'processId': 'script-process-id', 'sourceApplication': 'Midas', 'operationName': 'ExecuteMidasSelection', 'timestamp': 1557843064781, 'paramsMap': {'month': '3', 'year': '2019',...</msg>
<status status="PASS" starttime="20190612 12:27:45.160" endtime="20190612 12:27:45.160"></status>
</kw>
<status status="PASS" starttime="20190612 12:27:45.159" endtime="20190612 12:27:45.160"></status>
</kw>
<kw name="${msg} = {'eventType': 'START', 'processId': '78167617', 'sourceApplication': 'Orchestration', 'operationName': 'INFORMATICA_WORKFLOW', 'timestamp': 1558081806885, 'paramsMap': {'supplierName': 'PDGI', 'proces..." type="foritem">
<kw name="Set Variable If" library="BuiltIn">
<doc>Sets variable based on the given condition.</doc>
<arguments>
<arg>"${msg['operationName']}"=="ExecuteMidasSelection"</arg>
<arg>${msg}</arg>
<arg>${runMidasMessage}</arg>
</arguments>
<assign>
<var>${runMidasMessage}</var>
</assign>
<msg timestamp="20190612 12:27:45.161" level="INFO">${runMidasMessage} = {'eventType': 'START', 'processId': 'script-process-id', 'sourceApplication': 'Midas', 'operationName': 'ExecuteMidasSelection', 'timestamp': 1557843064781, 'paramsMap': {'month': '3', 'year': '2019',...</msg>
<status status="PASS" starttime="20190612 12:27:45.160" endtime="20190612 12:27:45.161"></status>
</kw>
<status status="PASS" starttime="20190612 12:27:45.160" endtime="20190612 12:27:45.161"></status>
</kw>
<kw name="${msg} = {'eventType': 'START', 'processId': '78167617', 'sourceApplication': 'Orchestration', 'operationName': 'BRIDGING_JOB', 'timestamp': 1558081995307, 'paramsMap': {'processInstanceId': '78167617', 'bridg..." type="foritem">
<kw name="Set Variable If" library="BuiltIn">
<doc>Sets variable based on the given condition.</doc>
<arguments>
<arg>"${msg['operationName']}"=="ExecuteMidasSelection"</arg>
<arg>${msg}</arg>
<arg>${runMidasMessage}</arg>
</arguments>
<assign>
<var>${runMidasMessage}</var>
</assign>
<msg timestamp="20190612 12:27:45.161" level="INFO">${runMidasMessage} = {'eventType': 'START', 'processId': 'script-process-id', 'sourceApplication': 'Midas', 'operationName': 'ExecuteMidasSelection', 'timestamp': 1557843064781, 'paramsMap': {'month': '3', 'year': '2019',...</msg>
<status status="PASS" starttime="20190612 12:27:45.161" endtime="20190612 12:27:45.161"></status>
</kw>
<status status="PASS" starttime="20190612 12:27:45.161" endtime="20190612 12:27:45.161"></status>
</kw>
<kw name="${msg} = {'eventType': 'START', 'processId': '78167617', 'sourceApplication': 'Orchestration', 'operationName': 'migration', 'timestamp': 1558082002634, 'paramsMap': {'processInstanceId': '78167617', 'retryCou..." type="foritem">
<kw name="Set Variable If" library="BuiltIn">
<doc>Sets variable based on the given condition.</doc>
<arguments>
<arg>"${msg['operationName']}"=="ExecuteMidasSelection"</arg>
<arg>${msg}</arg>
<arg>${runMidasMessage}</arg>
</arguments>
<assign>
<var>${runMidasMessage}</var>
</assign>
<msg timestamp="20190612 12:27:45.162" level="INFO">${runMidasMessage} = {'eventType': 'START', 'processId': 'script-process-id', 'sourceApplication': 'Midas', 'operationName': 'ExecuteMidasSelection', 'timestamp': 1557843064781, 'paramsMap': {'month': '3', 'year': '2019',...</msg>
<status status="PASS" starttime="20190612 12:27:45.161" endtime="20190612 12:27:45.162"></status>
</kw>
<status status="PASS" starttime="20190612 12:27:45.161" endtime="20190612 12:27:45.162"></status>
</kw>
<kw name="${msg} = {'eventType': 'START', 'processId': '78167643', 'sourceApplication': 'Orchestration', 'operationName': 'START_RDA_REF_CONSUMPTION', 'timestamp': 1558082002889, 'paramsMap': {'processInstanceId': '7816..." type="foritem">
<kw name="Set Variable If" library="BuiltIn">
<doc>Sets variable based on the given condition.</doc>
<arguments>
<arg>"${msg['operationName']}"=="ExecuteMidasSelection"</arg>
<arg>${msg}</arg>
<arg>${runMidasMessage}</arg>
</arguments>
<assign>
<var>${runMidasMessage}</var>
</assign>
<msg timestamp="20190612 12:27:45.163" level="INFO">${runMidasMessage} = {'eventType': 'START', 'processId': 'script-process-id', 'sourceApplication': 'Midas', 'operationName': 'ExecuteMidasSelection', 'timestamp': 1557843064781, 'paramsMap': {'month': '3', 'year': '2019',...</msg>
<status status="PASS" starttime="20190612 12:27:45.163" endtime="20190612 12:27:45.163"></status>
</kw>
<status status="PASS" starttime="20190612 12:27:45.162" endtime="20190612 12:27:45.163"></status>
</kw>
<kw name="${msg} = {'eventType': 'START', 'processId': '78167643', 'sourceApplication': 'Orchestration', 'operationName': 'BSNR_CHECK', 'timestamp': 1558082123283, 'paramsMap': {'supplierName': 'PDGI', 'processInstanceI..." type="foritem">
<kw name="Set Variable If" library="BuiltIn">
<doc>Sets variable based on the given condition.</doc>
<arguments>
<arg>"${msg['operationName']}"=="ExecuteMidasSelection"</arg>
<arg>${msg}</arg>
<arg>${runMidasMessage}</arg>
</arguments>
<assign>
<var>${runMidasMessage}</var>
</assign>
<msg timestamp="20190612 12:27:45.164" level="INFO">${runMidasMessage} = {'eventType': 'START', 'processId': 'script-process-id', 'sourceApplication': 'Midas', 'operationName': 'ExecuteMidasSelection', 'timestamp': 1557843064781, 'paramsMap': {'month': '3', 'year': '2019',...</msg>
<status status="PASS" starttime="20190612 12:27:45.164" endtime="20190612 12:27:45.164"></status>
</kw>
<status status="PASS" starttime="20190612 12:27:45.164" endtime="20190612 12:27:45.164"></status>
</kw>
<kw name="${msg} = {'eventType': 'START', 'processId': '78167643', 'sourceApplication': 'Orchestration', 'operationName': 'MOVING_FILES_BSNR', 'timestamp': 1558082123887, 'paramsMap': {'processInstanceId': '78167643', '..." type="foritem">
<kw name="Set Variable If" library="BuiltIn">
<doc>Sets variable based on the given condition.</doc>
<arguments>
<arg>"${msg['operationName']}"=="ExecuteMidasSelection"</arg>
<arg>${msg}</arg>
<arg>${runMidasMessage}</arg>
</arguments>
<assign>
<var>${runMidasMessage}</var>
</assign>
<msg timestamp="20190612 12:27:45.165" level="INFO">${runMidasMessage} = {'eventType': 'START', 'processId': 'script-process-id', 'sourceApplication': 'Midas', 'operationName': 'ExecuteMidasSelection', 'timestamp': 1557843064781, 'paramsMap': {'month': '3', 'year': '2019',...</msg>
<status status="PASS" starttime="20190612 12:27:45.165" endtime="20190612 12:27:45.165"></status>
</kw>
<status status="PASS" starttime="20190612 12:27:45.164" endtime="20190612 12:27:45.165"></status>
</kw>
<kw name="${msg} = {'eventType': 'START', 'processId': '78167643', 'sourceApplication': 'Orchestration', 'operationName': 'PARSER_JOB', 'timestamp': 1558082125237, 'paramsMap': {'supplierName': 'PDGI', 'processInstanceI..." type="foritem">
<kw name="Set Variable If" library="BuiltIn">
<doc>Sets variable based on the given condition.</doc>
<arguments>
<arg>"${msg['operationName']}"=="ExecuteMidasSelection"</arg>
<arg>${msg}</arg>
<arg>${runMidasMessage}</arg>
</arguments>
<assign>
<var>${runMidasMessage}</var>
</assign>
<msg timestamp="20190612 12:27:45.166" level="INFO">${runMidasMessage} = {'eventType': 'START', 'processId': 'script-process-id', 'sourceApplication': 'Midas', 'operationName': 'ExecuteMidasSelection', 'timestamp': 1557843064781, 'paramsMap': {'month': '3', 'year': '2019',...</msg>
<status status="PASS" starttime="20190612 12:27:45.165" endtime="20190612 12:27:45.166"></status>
</kw>
<status status="PASS" starttime="20190612 12:27:45.165" endtime="20190612 12:27:45.166"></status>
</kw>
<kw name="${msg} = {'eventType': 'START', 'processId': '78167643', 'sourceApplication': 'Orchestration', 'operationName': 'INFORMATICA_WORKFLOW', 'timestamp': 1558082127921, 'paramsMap': {'supplierName': 'PDGI', 'proces..." type="foritem">
<kw name="Set Variable If" library="BuiltIn">
<doc>Sets variable based on the given condition.</doc>
<arguments>
<arg>"${msg['operationName']}"=="ExecuteMidasSelection"</arg>
<arg>${msg}</arg>
<arg>${runMidasMessage}</arg>
</arguments>
<assign>
<var>${runMidasMessage}</var>
</assign>
<msg timestamp="20190612 12:27:45.167" level="INFO">${runMidasMessage} = {'eventType': 'START', 'processId': 'script-process-id', 'sourceApplication': 'Midas', 'operationName': 'ExecuteMidasSelection', 'timestamp': 1557843064781, 'paramsMap': {'month': '3', 'year': '2019',...</msg>
<status status="PASS" starttime="20190612 12:27:45.166" endtime="20190612 12:27:45.167"></status>
</kw>
<status status="PASS" starttime="20190612 12:27:45.166" endtime="20190612 12:27:45.167"></status>
</kw>
<kw name="${msg} = {'eventType': 'START', 'processId': '78167643', 'sourceApplication': 'Orchestration', 'operationName': 'BRIDGING_JOB', 'timestamp': 1558082301348, 'paramsMap': {'processInstanceId': '78167643', 'bridg..." type="foritem">
<kw name="Set Variable If" library="BuiltIn">
<doc>Sets variable based on the given condition.</doc>
<arguments>
<arg>"${msg['operationName']}"=="ExecuteMidasSelection"</arg>
<arg>${msg}</arg>
<arg>${runMidasMessage}</arg>
</arguments>
<assign>
<var>${runMidasMessage}</var>
</assign>
[...]
<kw name="Set Variable If" library="BuiltIn">
<doc>Sets variable based on the given condition.</doc>
<arguments>
<arg>"${msg['operationName']}"=="ExecuteMidasSelection"</arg>
<arg>${msg}</arg>
<arg>${runMidasMessage}</arg>
</arguments>
<assign>
<var>${runMidasMessage}</var>
</assign>
<msg timestamp="20190612 12:27:45.380" level="INFO">${runMidasMessage} = {'eventType': 'FAILED', 'processId': '845504522222222', 'sourceApplication': 'Midas', 'operationName': 'ExecuteMidasSelection', 'timestamp': 1560261075945, 'paramsMap': {'processInstanceId': '8455045'...</msg>
<status status="PASS" starttime="20190612 12:27:45.379" endtime="20190612 12:27:45.380"></status>
</kw>
<status status="PASS" starttime="20190612 12:27:45.379" endtime="20190612 12:27:45.380"></status>
</kw>
<kw name="${msg} = {'eventType': 'START', 'processId': '79101679', 'sourceApplication': 'Orchestration', 'operationName': 'PARSER_JOB', 'timestamp': 1560270496193, 'paramsMap': {'supplierName': 'PDGI', 'processInstanceI..." type="foritem">
<kw name="Set Variable If" library="BuiltIn">
<doc>Sets variable based on the given condition.</doc>
<arguments>
<arg>"${msg['operationName']}"=="ExecuteMidasSelection"</arg>
<arg>${msg}</arg>
<arg>${runMidasMessage}</arg>
</arguments>
<assign>
<var>${runMidasMessage}</var>
</assign>
<msg timestamp="20190612 12:27:45.380" level="INFO">${runMidasMessage} = {'eventType': 'FAILED', 'processId': '845504522222222', 'sourceApplication': 'Midas', 'operationName': 'ExecuteMidasSelection', 'timestamp': 1560261075945, 'paramsMap': {'processInstanceId': '8455045'...</msg>
<status status="PASS" starttime="20190612 12:27:45.380" endtime="20190612 12:27:45.380"></status>
</kw>
<status status="PASS" starttime="20190612 12:27:45.380" endtime="20190612 12:27:45.381"></status>
</kw>
<kw name="${msg} = {'eventType': 'START', 'processId': '79101679', 'sourceApplication': 'Orchestration', 'operationName': 'INFORMATICA_WORKFLOW', 'timestamp': 1560270497733, 'paramsMap': {'supplierName': 'PDGI', 'proces..." type="foritem">
<kw name="Set Variable If" library="BuiltIn">
<doc>Sets variable based on the given condition.</doc>
<arguments>
<arg>"${msg['operationName']}"=="ExecuteMidasSelection"</arg>
<arg>${msg}</arg>
<arg>${runMidasMessage}</arg>
</arguments>
<assign>
<var>${runMidasMessage}</var>
</assign>
<msg timestamp="20190612 12:27:45.381" level="INFO">${runMidasMessage} = {'eventType': 'FAILED', 'processId': '845504522222222', 'sourceApplication': 'Midas', 'operationName': 'ExecuteMidasSelection', 'timestamp': 1560261075945, 'paramsMap': {'processInstanceId': '8455045'...</msg>
<status status="PASS" starttime="20190612 12:27:45.381" endtime="20190612 12:27:45.381"></status>
</kw>
<status status="PASS" starttime="20190612 12:27:45.381" endtime="20190612 12:27:45.381"></status>
</kw>
<kw name="${msg} = {'eventType': 'START', 'processId': '79101679', 'sourceApplication': 'Orchestration', 'operationName': 'BRIDGING_JOB', 'timestamp': 1560270674529, 'paramsMap': {'processInstanceId': '79101679', 'bridg..." type="foritem">
<kw name="Set Variable If" library="BuiltIn">
<doc>Sets variable based on the given condition.</doc>
<arguments>
<arg>"${msg['operationName']}"=="ExecuteMidasSelection"</arg>
<arg>${msg}</arg>
<arg>${runMidasMessage}</arg>
</arguments>
<assign>
<var>${runMidasMessage}</var>
</assign>
<msg timestamp="20190612 12:27:45.381" level="INFO">${runMidasMessage} = {'eventType': 'FAILED', 'processId': '845504522222222', 'sourceApplication': 'Midas', 'operationName': 'ExecuteMidasSelection', 'timestamp': 1560261075945, 'paramsMap': {'processInstanceId': '8455045'...</msg>
<status status="PASS" starttime="20190612 12:27:45.381" endtime="20190612 12:27:45.381"></status>
</kw>
<status status="PASS" starttime="20190612 12:27:45.381" endtime="20190612 12:27:45.381"></status>
</kw>
<kw name="${msg} = {'eventType': 'START', 'processId': '79101679', 'sourceApplication': 'Orchestration', 'operationName': 'migration', 'timestamp': 1560270678736, 'paramsMap': {'processInstanceId': '79101679', 'retryCou..." type="foritem">
<kw name="Set Variable If" library="BuiltIn">
<doc>Sets variable based on the given condition.</doc>
<arguments>
<arg>"${msg['operationName']}"=="ExecuteMidasSelection"</arg>
<arg>${msg}</arg>
<arg>${runMidasMessage}</arg>
</arguments>
<assign>
<var>${runMidasMessage}</var>
</assign>
<msg timestamp="20190612 12:27:45.382" level="INFO">${runMidasMessage} = {'eventType': 'FAILED', 'processId': '845504522222222', 'sourceApplication': 'Midas', 'operationName': 'ExecuteMidasSelection', 'timestamp': 1560261075945, 'paramsMap': {'processInstanceId': '8455045'...</msg>
<status status="PASS" starttime="20190612 12:27:45.382" endtime="20190612 12:27:45.382"></status>
</kw>
<status status="PASS" starttime="20190612 12:27:45.382" endtime="20190612 12:27:45.382"></status>
</kw>
<kw name="${msg} = {'eventType': 'START', 'processId': '79102816', 'sourceApplication': 'Orchestration', 'operationName': 'START_RDA_REF_CONSUMPTION', 'timestamp': 1560331846995, 'paramsMap': {'processInstanceId': '7910..." type="foritem">
<kw name="Set Variable If" library="BuiltIn">
<doc>Sets variable based on the given condition.</doc>
<arguments>
<arg>"${msg['operationName']}"=="ExecuteMidasSelection"</arg>
<arg>${msg}</arg>
<arg>${runMidasMessage}</arg>
</arguments>
<assign>
<var>${runMidasMessage}</var>
</assign>
<msg timestamp="20190612 12:27:45.382" level="INFO">${runMidasMessage} = {'eventType': 'FAILED', 'processId': '845504522222222', 'sourceApplication': 'Midas', 'operationName': 'ExecuteMidasSelection', 'timestamp': 1560261075945, 'paramsMap': {'processInstanceId': '8455045'...</msg>
<status status="PASS" starttime="20190612 12:27:45.382" endtime="20190612 12:27:45.383"></status>
</kw>
<status status="PASS" starttime="20190612 12:27:45.382" endtime="20190612 12:27:45.383"></status>
</kw>
<kw name="${msg} = {'eventType': 'START', 'processId': '79102816', 'sourceApplication': 'Orchestration', 'operationName': 'BSNR_CHECK', 'timestamp': 1560331970700, 'paramsMap': {'supplierName': 'PDGI', 'processInstanceI..." type="foritem">
<kw name="Set Variable If" library="BuiltIn">
<doc>Sets variable based on the given condition.</doc>
<arguments>
<arg>"${msg['operationName']}"=="ExecuteMidasSelection"</arg>
<arg>${msg}</arg>
<arg>${runMidasMessage}</arg>
</arguments>
<assign>
<var>${runMidasMessage}</var>
</assign>
<msg timestamp="20190612 12:27:45.385" level="INFO">${runMidasMessage} = {'eventType': 'FAILED', 'processId': '845504522222222', 'sourceApplication': 'Midas', 'operationName': 'ExecuteMidasSelection', 'timestamp': 1560261075945, 'paramsMap': {'processInstanceId': '8455045'...</msg>
<status status="PASS" starttime="20190612 12:27:45.383" endtime="20190612 12:27:45.385"></status>
</kw>
<status status="PASS" starttime="20190612 12:27:45.383" endtime="20190612 12:27:45.386"></status>
</kw>
<kw name="${msg} = {'eventType': 'START', 'processId': '79102816', 'sourceApplication': 'Orchestration', 'operationName': 'MOVING_FILES_BSNR', 'timestamp': 1560331971814, 'paramsMap': {'processInstanceId': '79102816', '..." type="foritem">
<kw name="Set Variable If" library="BuiltIn">
<doc>Sets variable based on the given condition.</doc>
<arguments>
<arg>"${msg['operationName']}"=="ExecuteMidasSelection"</arg>
<arg>${msg}</arg>
<arg>${runMidasMessage}</arg>
</arguments>
<assign>
<var>${runMidasMessage}</var>
</assign>
<msg timestamp="20190612 12:27:45.386" level="INFO">${runMidasMessage} = {'eventType': 'FAILED', 'processId': '845504522222222', 'sourceApplication': 'Midas', 'operationName': 'ExecuteMidasSelection', 'timestamp': 1560261075945, 'paramsMap': {'processInstanceId': '8455045'...</msg>
<status status="PASS" starttime="20190612 12:27:45.386" endtime="20190612 12:27:45.386"></status>
</kw>
<status status="PASS" starttime="20190612 12:27:45.386" endtime="20190612 12:27:45.386"></status>
</kw>
<kw name="${msg} = {'eventType': 'START', 'processId': '79102816', 'sourceApplication': 'Orchestration', 'operationName': 'PARSER_JOB', 'timestamp': 1560331972788, 'paramsMap': {'supplierName': 'PDGI', 'processInstanceI..." type="foritem">
<kw name="Set Variable If" library="BuiltIn">
<doc>Sets variable based on the given condition.</doc>
<arguments>
<arg>"${msg['operationName']}"=="ExecuteMidasSelection"</arg>
<arg>${msg}</arg>
<arg>${runMidasMessage}</arg>
</arguments>
<assign>
<var>${runMidasMessage}</var>
</assign>
<msg timestamp="20190612 12:27:45.387" level="INFO">${runMidasMessage} = {'eventType': 'FAILED', 'processId': '845504522222222', 'sourceApplication': 'Midas', 'operationName': 'ExecuteMidasSelection', 'timestamp': 1560261075945, 'paramsMap': {'processInstanceId': '8455045'...</msg>
<status status="PASS" starttime="20190612 12:27:45.387" endtime="20190612 12:27:45.387"></status>
</kw>
<status status="PASS" starttime="20190612 12:27:45.387" endtime="20190612 12:27:45.387"></status>
</kw>
<kw name="${msg} = {'eventType': 'START', 'processId': '79102816', 'sourceApplication': 'Orchestration', 'operationName': 'INFORMATICA_WORKFLOW', 'timestamp': 1560331982950, 'paramsMap': {'supplierName': 'PDGI', 'proces..." type="foritem">
<kw name="Set Variable If" library="BuiltIn">
<doc>Sets variable based on the given condition.</doc>
<arguments>
<arg>"${msg['operationName']}"=="ExecuteMidasSelection"</arg>
<arg>${msg}</arg>
<arg>${runMidasMessage}</arg>
</arguments>
<assign>
<var>${runMidasMessage}</var>
</assign>
<msg timestamp="20190612 12:27:45.387" level="INFO">${runMidasMessage} = {'eventType': 'FAILED', 'processId': '845504522222222', 'sourceApplication': 'Midas', 'operationName': 'ExecuteMidasSelection', 'timestamp': 1560261075945, 'paramsMap': {'processInstanceId': '8455045'...</msg>
<status status="PASS" starttime="20190612 12:27:45.387" endtime="20190612 12:27:45.387"></status>
</kw>
<status status="PASS" starttime="20190612 12:27:45.387" endtime="20190612 12:27:45.387"></status>
</kw>
<kw name="${msg} = {'eventType': 'START', 'processId': '79102816', 'sourceApplication': 'Orchestration', 'operationName': 'BRIDGING_JOB', 'timestamp': 1560332218327, 'paramsMap': {'processInstanceId': '79102816', 'bridg..." type="foritem">
<kw name="Set Variable If" library="BuiltIn">
<doc>Sets variable based on the given condition.</doc>
<arguments>
<arg>"${msg['operationName']}"=="ExecuteMidasSelection"</arg>
<arg>${msg}</arg>
<arg>${runMidasMessage}</arg>
</arguments>
<assign>
<var>${runMidasMessage}</var>
</assign>
<msg timestamp="20190612 12:27:45.388" level="INFO">${runMidasMessage} = {'eventType': 'FAILED', 'processId': '845504522222222', 'sourceApplication': 'Midas', 'operationName': 'ExecuteMidasSelection', 'timestamp': 1560261075945, 'paramsMap': {'processInstanceId': '8455045'...</msg>
<status status="PASS" starttime="20190612 12:27:45.388" endtime="20190612 12:27:45.388"></status>
</kw>
<status status="PASS" starttime="20190612 12:27:45.388" endtime="20190612 12:27:45.388"></status>
</kw>
<kw name="${msg} = {'eventType': 'START', 'processId': '79102816', 'sourceApplication': 'Orchestration', 'operationName': 'migration', 'timestamp': 1560332243442, 'paramsMap': {'processInstanceId': '79102816', 'retryCou..." type="foritem">
<kw name="Set Variable If" library="BuiltIn">
<doc>Sets variable based on the given condition.</doc>
<arguments>
<arg>"${msg['operationName']}"=="ExecuteMidasSelection"</arg>
<arg>${msg}</arg>
<arg>${runMidasMessage}</arg>
</arguments>
<assign>
<var>${runMidasMessage}</var>
</assign>
<msg timestamp="20190612 12:27:45.388" level="INFO">${runMidasMessage} = {'eventType': 'FAILED', 'processId': '845504522222222', 'sourceApplication': 'Midas', 'operationName': 'ExecuteMidasSelection', 'timestamp': 1560261075945, 'paramsMap': {'processInstanceId': '8455045'...</msg>
<status status="PASS" starttime="20190612 12:27:45.388" endtime="20190612 12:27:45.388"></status>
</kw>
<status status="PASS" starttime="20190612 12:27:45.388" endtime="20190612 12:27:45.388"></status>
</kw>
<kw name="${msg} = {'eventType': 'START', 'processId': '79103304', 'sourceApplication': 'Orchestration', 'operationName': 'START_RDA_REF_CONSUMPTION', 'timestamp': 1560334578727, 'paramsMap': {'processInstanceId': '7910..." type="foritem">
<kw name="Set Variable If" library="BuiltIn">
<doc>Sets variable based on the given condition.</doc>
<arguments>
<arg>"${msg['operationName']}"=="ExecuteMidasSelection"</arg>
<arg>${msg}</arg>
<arg>${runMidasMessage}</arg>
</arguments>
<assign>
<var>${runMidasMessage}</var>
</assign>
<msg timestamp="20190612 12:27:45.389" level="INFO">${runMidasMessage} = {'eventType': 'FAILED', 'processId': '845504522222222', 'sourceApplication': 'Midas', 'operationName': 'ExecuteMidasSelection', 'timestamp': 1560261075945, 'paramsMap': {'processInstanceId': '8455045'...</msg>
<status status="PASS" starttime="20190612 12:27:45.389" endtime="20190612 12:27:45.389"></status>
</kw>
<status status="PASS" starttime="20190612 12:27:45.388" endtime="20190612 12:27:45.389"></status>
</kw>
<kw name="${msg} = {'eventType': 'START', 'processId': '79103304', 'sourceApplication': 'Orchestration', 'operationName': 'BSNR_CHECK', 'timestamp': 1560334699006, 'paramsMap': {'supplierName': 'PDGI', 'processInstanceI..." type="foritem">
<kw name="Set Variable If" library="BuiltIn">
<doc>Sets variable based on the given condition.</doc>
<arguments>
<arg>"${msg['operationName']}"=="ExecuteMidasSelection"</arg>
<arg>${msg}</arg>
<arg>${runMidasMessage}</arg>
</arguments>
<assign>
<var>${runMidasMessage}</var>
</assign>
<msg timestamp="20190612 12:27:45.390" level="INFO">${runMidasMessage} = {'eventType': 'FAILED', 'processId': '845504522222222', 'sourceApplication': 'Midas', 'operationName': 'ExecuteMidasSelection', 'timestamp': 1560261075945, 'paramsMap': {'processInstanceId': '8455045'...</msg>
<status status="PASS" starttime="20190612 12:27:45.389" endtime="20190612 12:27:45.390"></status>
</kw>
<status status="PASS" starttime="20190612 12:27:45.389" endtime="20190612 12:27:45.390"></status>
</kw>
<kw name="${msg} = {'eventType': 'START', 'processId': '79103304', 'sourceApplication': 'Orchestration', 'operationName': 'MOVING_FILES_BSNR', 'timestamp': 1560334699537, 'paramsMap': {'processInstanceId': '79103304', '..." type="foritem">
<kw name="Set Variable If" library="BuiltIn">
<doc>Sets variable based on the given condition.</doc>
<arguments>
<arg>"${msg['operationName']}"=="ExecuteMidasSelection"</arg>
<arg>${msg}</arg>
<arg>${runMidasMessage}</arg>
</arguments>
<assign>
<var>${runMidasMessage}</var>
</assign>
<msg timestamp="20190612 12:27:45.390" level="INFO">${runMidasMessage} = {'eventType': 'FAILED', 'processId': '845504522222222', 'sourceApplication': 'Midas', 'operationName': 'ExecuteMidasSelection', 'timestamp': 1560261075945, 'paramsMap': {'processInstanceId': '8455045'...</msg>
<status status="PASS" starttime="20190612 12:27:45.390" endtime="20190612 12:27:45.390"></status>
</kw>
<status status="PASS" starttime="20190612 12:27:45.390" endtime="20190612 12:27:45.390"></status>
</kw>
<kw name="${msg} = {'eventType': 'START', 'processId': '79103304', 'sourceApplication': 'Orchestration', 'operationName': 'PARSER_JOB', 'timestamp': 1560334700441, 'paramsMap': {'supplierName': 'PDGI', 'processInstanceI..." type="foritem">
<kw name="Set Variable If" library="BuiltIn">
<doc>Sets variable based on the given condition.</doc>
<arguments>
<arg>"${msg['operationName']}"=="ExecuteMidasSelection"</arg>
<arg>${msg}</arg>
<arg>${runMidasMessage}</arg>
</arguments>
<assign>
<var>${runMidasMessage}</var>
</assign>
<msg timestamp="20190612 12:27:45.391" level="INFO">${runMidasMessage} = {'eventType': 'FAILED', 'processId': '845504522222222', 'sourceApplication': 'Midas', 'operationName': 'ExecuteMidasSelection', 'timestamp': 1560261075945, 'paramsMap': {'processInstanceId': '8455045'...</msg>
<status status="PASS" starttime="20190612 12:27:45.390" endtime="20190612 12:27:45.391"></status>
</kw>
<status status="PASS" starttime="20190612 12:27:45.390" endtime="20190612 12:27:45.391"></status>
</kw>
<kw name="${msg} = {'eventType': 'START', 'processId': '79103304', 'sourceApplication': 'Orchestration', 'operationName': 'INFORMATICA_WORKFLOW', 'timestamp': 1560334702097, 'paramsMap': {'supplierName': 'PDGI', 'proces..." type="foritem">
<kw name="Set Variable If" library="BuiltIn">
<doc>Sets variable based on the given condition.</doc>
<arguments>
<arg>"${msg['operationName']}"=="ExecuteMidasSelection"</arg>
<arg>${msg}</arg>
<arg>${runMidasMessage}</arg>
</arguments>
<assign>
<var>${runMidasMessage}</var>
</assign>
<msg timestamp="20190612 12:27:45.391" level="INFO">${runMidasMessage} = {'eventType': 'FAILED', 'processId': '845504522222222', 'sourceApplication': 'Midas', 'operationName': 'ExecuteMidasSelection', 'timestamp': 1560261075945, 'paramsMap': {'processInstanceId': '8455045'...</msg>
<status status="PASS" starttime="20190612 12:27:45.391" endtime="20190612 12:27:45.391"></status>
</kw>
<status status="PASS" starttime="20190612 12:27:45.391" endtime="20190612 12:27:45.391"></status>
</kw>
<kw name="${msg} = {'eventType': 'START', 'processId': '79103304', 'sourceApplication': 'Orchestration', 'operationName': 'BRIDGING_JOB', 'timestamp': 1560334876950, 'paramsMap': {'processInstanceId': '79103304', 'bridg..." type="foritem">
<kw name="Set Variable If" library="BuiltIn">
<doc>Sets variable based on the given condition.</doc>
<arguments>
<arg>"${msg['operationName']}"=="ExecuteMidasSelection"</arg>
<arg>${msg}</arg>
<arg>${runMidasMessage}</arg>
</arguments>
<assign>
<var>${runMidasMessage}</var>
</assign>
<msg timestamp="20190612 12:27:45.392" level="INFO">${runMidasMessage} = {'eventType': 'FAILED', 'processId': '845504522222222', 'sourceApplication': 'Midas', 'operationName': 'ExecuteMidasSelection', 'timestamp': 1560261075945, 'paramsMap': {'processInstanceId': '8455045'...</msg>
<status status="PASS" starttime="20190612 12:27:45.392" endtime="20190612 12:27:45.392"></status>
</kw>
<status status="PASS" starttime="20190612 12:27:45.392" endtime="20190612 12:27:45.392"></status>
</kw>
<kw name="${msg} = {'eventType': 'START', 'processId': '79103304', 'sourceApplication': 'Orchestration', 'operationName': 'migration', 'timestamp': 1560334883771, 'paramsMap': {'processInstanceId': '79103304', 'retryCou..." type="foritem">
<kw name="Set Variable If" library="BuiltIn">
<doc>Sets variable based on the given condition.</doc>
<arguments>
<arg>"${msg['operationName']}"=="ExecuteMidasSelection"</arg>
<arg>${msg}</arg>
<arg>${runMidasMessage}</arg>
</arguments>
<assign>
<var>${runMidasMessage}</var>
</assign>
<msg timestamp="20190612 12:27:45.393" level="INFO">${runMidasMessage} = {'eventType': 'FAILED', 'processId': '845504522222222', 'sourceApplication': 'Midas', 'operationName': 'ExecuteMidasSelection', 'timestamp': 1560261075945, 'paramsMap': {'processInstanceId': '8455045'...</msg>
<status status="PASS" starttime="20190612 12:27:45.393" endtime="20190612 12:27:45.393"></status>
</kw>
<status status="PASS" starttime="20190612 12:27:45.393" endtime="20190612 12:27:45.393"></status>
</kw>
<status status="PASS" starttime="20190612 12:27:45.119" endtime="20190612 12:27:45.393"></status>
</kw>
<kw name="Log To Console" library="BuiltIn">
<doc>Logs the given message to the console.</doc>
<arguments>
<arg>message:${runMidasMessage}</arg>
</arguments>
<status status="PASS" starttime="20190612 12:27:45.393" endtime="20190612 12:27:45.394"></status>
</kw>
<status status="PASS" starttime="20190612 12:27:34.295" endtime="20190612 12:27:45.394" critical="yes"></status>
</test>
<status status="PASS" starttime="20190612 12:27:34.204" endtime="20190612 12:27:45.394"></status>
</suite>
<statistics>
<total>
<stat pass="1" fail="0">Critical Tests</stat>
<stat pass="1" fail="0">All Tests</stat>
</total>
<tag>
</tag>
<suite>
<stat pass="1" fail="0" id="s1" name="Test">Test</stat>
</suite>
</statistics>
<errors>
</errors>
</robot>
